[2.150s] Invoking command in '/home/muni/Documents/ast/Agile-development-AST/multirob_ws/src/multirobot': PYTHONPATH=/home/muni/Documents/ast/Agile-development-AST/multirob_ws/build/multirobot/prefix_override:/home/muni/Documents/ast/Agile-development-AST/multirob_ws/install/multirobot/lib/python3.10/site-packages:${PYTHONPATH} /usr/bin/python3 -W ignore:setup.py install is deprecated setup.py egg_info --egg-base ../../build/multirobot build --build-base /home/muni/Documents/ast/Agile-development-AST/multirob_ws/build/multirobot/build install --record /home/muni/Documents/ast/Agile-development-AST/multirob_ws/build/multirobot/install.log --single-version-externally-managed install_data
[2.958s] running egg_info
[2.959s] writing ../../build/multirobot/multirobot.egg-info/PKG-INFO
[2.960s] writing dependency_links to ../../build/multirobot/multirobot.egg-info/dependency_links.txt
[2.961s] writing entry points to ../../build/multirobot/multirobot.egg-info/entry_points.txt
[2.962s] writing requirements to ../../build/multirobot/multirobot.egg-info/requires.txt
[2.963s] writing top-level names to ../../build/multirobot/multirobot.egg-info/top_level.txt
[2.969s] reading manifest file '../../build/multirobot/multirobot.egg-info/SOURCES.txt'
[2.973s] writing manifest file '../../build/multirobot/multirobot.egg-info/SOURCES.txt'
[2.973s] running build
[2.973s] running build_py
[2.974s] running install
[2.975s] running install_lib
[2.978s] running install_data
[2.979s] running install_egg_info
[2.986s] removing '/home/muni/Documents/ast/Agile-development-AST/multirob_ws/install/multirobot/lib/python3.10/site-packages/multirobot-0.0.0-py3.10.egg-info' (and everything under it)
[2.988s] Copying ../../build/multirobot/multirobot.egg-info to /home/muni/Documents/ast/Agile-development-AST/multirob_ws/install/multirobot/lib/python3.10/site-packages/multirobot-0.0.0-py3.10.egg-info
[2.990s] running install_scripts
[3.056s] writing list of installed files to '/home/muni/Documents/ast/Agile-development-AST/multirob_ws/build/multirobot/install.log'
[3.116s] Invoked command in '/home/muni/Documents/ast/Agile-development-AST/multirob_ws/src/multirobot' returned '0': PYTHONPATH=/home/muni/Documents/ast/Agile-development-AST/multirob_ws/build/multirobot/prefix_override:/home/muni/Documents/ast/Agile-development-AST/multirob_ws/install/multirobot/lib/python3.10/site-packages:${PYTHONPATH} /usr/bin/python3 -W ignore:setup.py install is deprecated setup.py egg_info --egg-base ../../build/multirobot build --build-base /home/muni/Documents/ast/Agile-development-AST/multirob_ws/build/multirobot/build install --record /home/muni/Documents/ast/Agile-development-AST/multirob_ws/build/multirobot/install.log --single-version-externally-managed install_data
