[2.412s] Invoking command in '/home/muni/Documents/ast/Agile-development-AST/multirob_ws/src/multirobot': PYTHONPATH=/home/muni/Documents/ast/Agile-development-AST/multirob_ws/build/multirobot/prefix_override:/home/muni/Documents/ast/Agile-development-AST/multirob_ws/install/multirobot/lib/python3.10/site-packages:${PYTHONPATH} /usr/bin/python3 -W ignore:setup.py install is deprecated setup.py egg_info --egg-base ../../build/multirobot build --build-base /home/muni/Documents/ast/Agile-development-AST/multirob_ws/build/multirobot/build install --record /home/muni/Documents/ast/Agile-development-AST/multirob_ws/build/multirobot/install.log --single-version-externally-managed install_data
[2.996s] running egg_info
[2.998s] writing ../../build/multirobot/multirobot.egg-info/PKG-INFO
[3.001s] writing dependency_links to ../../build/multirobot/multirobot.egg-info/dependency_links.txt
[3.002s] writing entry points to ../../build/multirobot/multirobot.egg-info/entry_points.txt
[3.003s] writing requirements to ../../build/multirobot/multirobot.egg-info/requires.txt
[3.005s] writing top-level names to ../../build/multirobot/multirobot.egg-info/top_level.txt
[3.009s] reading manifest file '../../build/multirobot/multirobot.egg-info/SOURCES.txt'
[3.011s] writing manifest file '../../build/multirobot/multirobot.egg-info/SOURCES.txt'
[3.012s] running build
[3.012s] running build_py
[3.014s] running install
[3.014s] running install_lib
[3.018s] running install_data
[3.019s] running install_egg_info
[3.022s] removing '/home/muni/Documents/ast/Agile-development-AST/multirob_ws/install/multirobot/lib/python3.10/site-packages/multirobot-0.0.0-py3.10.egg-info' (and everything under it)
[3.023s] Copying ../../build/multirobot/multirobot.egg-info to /home/muni/Documents/ast/Agile-development-AST/multirob_ws/install/multirobot/lib/python3.10/site-packages/multirobot-0.0.0-py3.10.egg-info
[3.026s] running install_scripts
[3.059s] writing list of installed files to '/home/muni/Documents/ast/Agile-development-AST/multirob_ws/build/multirobot/install.log'
[3.099s] Invoked command in '/home/muni/Documents/ast/Agile-development-AST/multirob_ws/src/multirobot' returned '0': PYTHONPATH=/home/muni/Documents/ast/Agile-development-AST/multirob_ws/build/multirobot/prefix_override:/home/muni/Documents/ast/Agile-development-AST/multirob_ws/install/multirobot/lib/python3.10/site-packages:${PYTHONPATH} /usr/bin/python3 -W ignore:setup.py install is deprecated setup.py egg_info --egg-base ../../build/multirobot build --build-base /home/muni/Documents/ast/Agile-development-AST/multirob_ws/build/multirobot/build install --record /home/muni/Documents/ast/Agile-development-AST/multirob_ws/build/multirobot/install.log --single-version-externally-managed install_data
