[0.000000] (-) TimerEvent: {}
[0.016000] (collision_avoidance) JobQueued: {'identifier': 'collision_avoidance', 'dependencies': OrderedDict()}
[0.016000] (collision_avoidance) JobStarted: {'identifier': 'collision_avoidance'}
[0.110000] (-) TimerEvent: {}
[0.235000] (-) TimerEvent: {}
[0.344000] (-) TimerEvent: {}
[0.454000] (-) TimerEvent: {}
[0.563000] (-) TimerEvent: {}
[0.672000] (-) TimerEvent: {}
[0.782000] (-) TimerEvent: {}
[0.891000] (-) TimerEvent: {}
[1.000000] (-) TimerEvent: {}
[1.125000] (-) TimerEvent: {}
[1.235000] (-) TimerEvent: {}
[1.344000] (-) TimerEvent: {}
[1.454000] (-) TimerEvent: {}
[1.594000] (-) TimerEvent: {}
[1.704000] (-) TimerEvent: {}
[1.813000] (-) TimerEvent: {}
[1.922000] (-) TimerEvent: {}
[2.047000] (-) TimerEvent: {}
[2.219000] (-) TimerEvent: {}
[2.344000] (-) TimerEvent: {}
[2.454000] (-) TimerEvent: {}
[2.563000] (-) TimerEvent: {}
[2.704000] (-) TimerEvent: {}
[2.813000] (-) TimerEvent: {}
[2.922000] (-) TimerEvent: {}
[3.047000] (-) TimerEvent: {}
[3.157000] (-) TimerEvent: {}
[3.266000] (-) TimerEvent: {}
[3.375000] (-) TimerEvent: {}
[3.500000] (-) TimerEvent: {}
[3.625000] (-) TimerEvent: {}
[3.766000] (-) TimerEvent: {}
[3.875000] (-) TimerEvent: {}
[3.985000] (-) TimerEvent: {}
[4.047000] (collision_avoidance) Command: {'cmd': ['C:\\Users\\pmran\\anaconda3\\envs\\ros_env\\python.exe', '-W', 'ignore:setup.py install is deprecated', 'setup.py', 'egg_info', '--egg-base', '..\\..\\build\\collision_avoidance', 'build', '--build-base', 'C:\\Users\\pmran\\Documents\\MAS\\3rd_semester\\AST\\IsaacSim\\simulation_ws\\build\\collision_avoidance\\build', 'install', '--record', 'C:\\Users\\pmran\\Documents\\MAS\\3rd_semester\\AST\\IsaacSim\\simulation_ws\\build\\collision_avoidance\\install.log', '--single-version-externally-managed', 'install_data'], 'cwd': 'C:\\Users\\pmran\\Documents\\MAS\\3rd_semester\\AST\\IsaacSim\\simulation_ws\\src\\collision_avoidance', 'env': {'ALLUSERSPROFILE': 'C:\\ProgramData', 'AMENT_PREFIX_PATH': 'C:\\Users\\pmran\\Documents\\MAS\\3rd_semester\\AST\\IsaacSim\\simulation_ws\\install\\collision_avoidance;C:\\Users\\pmran\\anaconda3\\envs\\ros_env\\Library', 'ament_python_executable': 'C:\\Users\\pmran\\anaconda3\\envs\\ros_env\\python.exe', 'APPDATA': 'C:\\Users\\pmran\\AppData\\Roaming', 'ChocolateyInstall': 'C:\\ProgramData\\chocolatey', 'ChocolateyLastPathUpdate': '133630167875577247', 'COLCON': '1', 'COLCON_PREFIX_PATH': 'C:\\Users\\pmran\\Documents\\MAS\\3rd_semester\\AST\\IsaacSim\\simulation_ws\\install\\', 'CommonProgramFiles': 'C:\\Program Files\\Common Files', 'CommonProgramFiles(x86)': 'C:\\Program Files (x86)\\Common Files', 'CommonProgramW6432': 'C:\\Program Files\\Common Files', 'COMPUTERNAME': 'DESKTOP-3LF590K', 'ComSpec': 'C:\\Windows\\system32\\cmd.exe', 'CONDA_DEFAULT_ENV': 'ros_env', 'CONDA_EXE': 'C:\\Users\\pmran\\anaconda3\\Scripts\\conda.exe', 'CONDA_PREFIX': 'C:\\Users\\pmran\\anaconda3\\envs\\ros_env', 'CONDA_PREFIX_1': 'C:\\Users\\pmran\\anaconda3', 'CONDA_PROMPT_MODIFIER': '(ros_env)', 'CONDA_PYTHON_EXE': 'C:\\Users\\pmran\\anaconda3\\python.exe', 'CONDA_SHLVL': '2', 'CUDA_PATH': 'C:\\Program Files\\NVIDIA GPU Computing Toolkit\\CUDA\\v12.3', 'CUDA_PATH_V12_3': 'C:\\Program Files\\NVIDIA GPU Computing Toolkit\\CUDA\\v12.3', 'DriverData': 'C:\\Windows\\System32\\Drivers\\DriverData', 'EFC_6196': '1', 'FPS_BROWSER_APP_PROFILE_STRING': 'Internet Explorer', 'FPS_BROWSER_USER_PROFILE_STRING': 'Default', 'HOMEDRIVE': 'C:', 'HOMEPATH': '\\Users\\pmran', 'IGCCSVC_DB': 'AQAAANCMnd8BFdERjHoAwE/Cl+sBAAAAxAztnvlZmk+oTIHw2ouj3wQAAAACAAAAAAAQZgAAAAEAACAAAADNPe08dQEqGkKMUDNn7IpzQ5j3+bPqeMTBKKVSUTyOKgAAAAAOgAAAAAIAACAAAACIPWiv4gDLQ0vNK9QsoLbfIDGNgb2DWrsMNz9E1kBQ8mAAAAAtLsqQeL/aWXWtRMV5iYKqlqAlkaZdAvWiRiheIw41BW0gkc4wksmi5KSdok1mzLEzEg0cXJ0k4DJFigyADvt8TSahtYjZuWytco2Johsw/AvtDs6GV5Jg34PurKBsggJAAAAAuV41BjyYckZYYPfur8kQQY68OHh/i+Ed75U0k7vovLDBfKtkDNvY0oYBNGGD/QGw612M6+RsdQc77wfBBj5Stw==', 'LOCALAPPDATA': 'C:\\Users\\pmran\\AppData\\Local', 'LOGONSERVER': '\\\\DESKTOP-3LF590K', 'NUMBER_OF_PROCESSORS': '16', 'OneDrive': 'C:\\Users\\pmran\\OneDrive', 'OneDriveConsumer': 'C:\\Users\\pmran\\OneDrive', 'OpenCV_DIR': 'C:\\opencv', 'OPENSSL_CONF': 'C:\\Program Files\\OpenSSL-Win64\\bin\\openssl.cfg', 'OS': 'Windows_NT', 'Path': 'C:\\Users\\pmran\\anaconda3\\envs\\ros_env\\Library\\opt\\rviz_ogre_vendor\\bin;C:\\Users\\pmran\\anaconda3\\envs\\ros_env;C:\\Users\\pmran\\anaconda3\\envs\\ros_env\\Library\\mingw-w64\\bin;C:\\Users\\pmran\\anaconda3\\envs\\ros_env\\Library\\usr\\bin;C:\\Users\\pmran\\anaconda3\\envs\\ros_env\\Library\\bin;C:\\Users\\pmran\\anaconda3\\envs\\ros_env\\Scripts;C:\\Users\\pmran\\anaconda3\\envs\\ros_env\\bin;C:\\Users\\pmran\\anaconda3\\condabin;C:\\Python38\\Scripts;C:\\Python38;C:\\Users\\pmran\\AppData\\Local\\Programs\\Python\\Python312\\Scripts;C:\\Users\\pmran\\AppData\\Local\\Programs\\Python\\Python312;C:\\Program Files\\NVIDIA GPU Computing Toolkit\\CUDA\\v12.3\\bin;C:\\Program Files\\NVIDIA GPU Computing Toolkit\\CUDA\\v12.3\\libnvvp;C:\\Program Files (x86)\\VMware\\VMware Player\\bin;C:\\Windows\\system32;C:\\Windows;C:\\Windows\\System32\\Wbem;C:\\Windows\\System32\\WindowsPowerShell\\v1.0;C:\\Windows\\System32\\OpenSSH;C:\\Program Files\\dotnet;C:\\Program Files (x86)\\NVIDIA Corporation\\PhysX\\Common;C:\\Program Files\\NVIDIA Corporation\\NVIDIA NvDLISR;C:\\Program Files\\Git\\cmd;C:\\Program Files\\NVIDIA Corporation\\Nsight Compute 2023.3.1;C:\\Program Files\\Docker\\Docker\\resources\\bin;C:\\Program Files\\OpenSSL-Win64\\bin;C:\\Program Files (x86)\\Windows Kits\\10\\Windows Performance Toolkit;C:\\opencv\\x64\\vc16\\bin;C:\\Program Files\\CMake\\bin;.;C:\\ProgramData\\chocolatey\\lib\\cunit\\lib;C:\\ProgramData\\chocolatey\\lib\\tinyxml2\\lib;C:\\ProgramData\\chocolatey\\lib\\bullet\\lib;C:\\Program Files\\Graphviz\\bin;C:\\Users\\pmran\\AppData\\Local\\Programs\\Python\\Launcher;C:\\Users\\pmran\\AppData\\Local\\Microsoft\\WindowsApps;C:\\Users\\pmran\\AppData\\Local\\Programs\\Microsoft VS Code\\bin;C:\\Program Files\\NVIDIA GPU Computing Toolkit\\CUDA\\v12.3\\bin;C:\\Program Files\\NVIDIA GPU Computing Toolkit\\CUDA\\v12.3\\libnvvp;C:\\Program Files\\NVIDIA GPU Computing Toolkit\\CUDA\\v12.3\\extras\\CUPTI\\lib64;.;C:\\Program Files\\OpenSSL-Win64\\bin', 'PATHEXT': '.COM;.EXE;.BAT;.CMD;.VBS;.VBE;.JS;.JSE;.WSF;.WSH;.MSC;.PY;.PYW', 'PROCESSOR_ARCHITECTURE': 'AMD64', 'PROCESSOR_IDENTIFIER': 'Intel64 Family 6 Model 186 Stepping 2, GenuineIntel', 'PROCESSOR_LEVEL': '6', 'PROCESSOR_REVISION': 'ba02', 'ProgramData': 'C:\\ProgramData', 'ProgramFiles': 'C:\\Program Files', 'ProgramFiles(x86)': 'C:\\Program Files (x86)', 'ProgramW6432': 'C:\\Program Files', 'PROJ_DATA': 'C:\\Users\\pmran\\anaconda3\\envs\\ros_env\\Library\\share\\proj', 'PROJ_NETWORK': 'ON', 'PROMPT': '(ros_env) $P$G', 'PSModulePath': 'C:\\Program Files\\WindowsPowerShell\\Modules;C:\\Windows\\system32\\WindowsPowerShell\\v1.0\\Modules', 'PUBLIC': 'C:\\Users\\Public', 'PYTHONPATH': 'C:\\Users\\pmran\\Documents\\MAS\\3rd_semester\\AST\\IsaacSim\\simulation_ws\\build\\collision_avoidance\\prefix_override;C:\\Users\\pmran\\Documents\\MAS\\3rd_semester\\AST\\IsaacSim\\simulation_ws\\install\\collision_avoidance\\Lib\\site-packages;C:\\Users\\pmran\\Documents\\MAS\\3rd_semester\\AST\\IsaacSim\\simulation_ws\\install\\collision_avoidance\\Lib\\site-packages;C:\\Users\\pmran\\anaconda3\\envs\\ros_env\\Library\\lib/site-packages;C:/Users/pmran/anaconda3/envs/ros_env\\Lib\\site-packages', 'Qt5_DIR': 'C:\\Qt\\Qt5.12.12\\5.12.12\\msvc2017_64', 'QT_PLUGIN_PATH': 'C:\\Users\\pmran\\anaconda3\\envs\\ros_env\\Library\\plugins', 'QT_QPA_PLATFORM_PLUGIN_PATH': 'C:\\Qt\\Qt5.12.12\\5.12.12\\msvc2017_64\\plugins\\platforms', 'ROS_DISTRO': 'humble', 'ROS_ETC_DIR': 'C:\\Users\\pmran\\anaconda3\\envs\\ros_env\\Library\\etc\\ros', 'ROS_LOCALHOST_ONLY': '0', 'ROS_OS_OVERRIDE': 'conda:win64', 'ROS_PYTHON_VERSION': '3', 'ROS_VERSION': '2', 'SESSIONNAME': 'Console', 'SSL_CERT_DIR': 'C:\\Users\\pmran\\anaconda3\\envs\\ros_env\\Library\\ssl\\certs', 'SSL_CERT_FILE': 'C:\\Users\\pmran\\anaconda3\\Library\\ssl\\cacert.pem', 'SystemDrive': 'C:', 'SystemRoot': 'C:\\Windows', 'TEMP': 'C:\\Users\\pmran\\AppData\\Local\\Temp', 'TMP': 'C:\\Users\\pmran\\AppData\\Local\\Temp', 'USERDOMAIN': 'DESKTOP-3LF590K', 'USERDOMAIN_ROAMINGPROFILE': 'DESKTOP-3LF590K', 'USERNAME': 'pmran', 'USERPROFILE': 'C:\\Users\\pmran', 'windir': 'C:\\Windows', 'XML_CATALOG_FILES': 'file:///C:/Users/pmran/anaconda3/envs/ros_env/etc/xml/catalog', 'ZES_ENABLE_SYSMAN': '1', '__CONDA_OPENSLL_CERT_FILE_SET': '"1"', '__CONDA_OPENSSL_CERT_DIR_SET': '"1"'}, 'shell': False}
[4.094000] (-) TimerEvent: {}
[4.204000] (-) TimerEvent: {}
[4.313000] (-) TimerEvent: {}
[4.422000] (-) TimerEvent: {}
[4.532000] (-) TimerEvent: {}
[4.641000] (-) TimerEvent: {}
[4.750000] (-) TimerEvent: {}
[4.860000] (-) TimerEvent: {}
[4.969000] (-) TimerEvent: {}
[5.094000] (-) TimerEvent: {}
[5.204000] (-) TimerEvent: {}
[5.313000] (-) TimerEvent: {}
[5.313000] (collision_avoidance) StdoutLine: {'line': b'running egg_info\r\n'}
[5.375000] (collision_avoidance) StdoutLine: {'line': b'writing ..\\..\\build\\collision_avoidance\\collision_avoidance.egg-info\\PKG-INFO\r\n'}
[5.375000] (collision_avoidance) StdoutLine: {'line': b'writing dependency_links to ..\\..\\build\\collision_avoidance\\collision_avoidance.egg-info\\dependency_links.txt\r\n'}
[5.375000] (collision_avoidance) StdoutLine: {'line': b'writing entry points to ..\\..\\build\\collision_avoidance\\collision_avoidance.egg-info\\entry_points.txt\r\n'}
[5.375000] (collision_avoidance) StdoutLine: {'line': b'writing requirements to ..\\..\\build\\collision_avoidance\\collision_avoidance.egg-info\\requires.txt\r\n'}
[5.375000] (collision_avoidance) StdoutLine: {'line': b'writing top-level names to ..\\..\\build\\collision_avoidance\\collision_avoidance.egg-info\\top_level.txt\r\n'}
[5.422000] (-) TimerEvent: {}
[5.500000] (collision_avoidance) StdoutLine: {'line': b"reading manifest file '..\\..\\build\\collision_avoidance\\collision_avoidance.egg-info\\SOURCES.txt'\r\n"}
[5.516000] (collision_avoidance) StdoutLine: {'line': b"writing manifest file '..\\..\\build\\collision_avoidance\\collision_avoidance.egg-info\\SOURCES.txt'\r\n"}
[5.516000] (collision_avoidance) StdoutLine: {'line': b'running build\r\n'}
[5.516000] (collision_avoidance) StdoutLine: {'line': b'running build_py\r\n'}
[5.516000] (collision_avoidance) StdoutLine: {'line': b'copying collision_avoidance\\avoid_collision.py -> C:\\Users\\pmran\\Documents\\MAS\\3rd_semester\\AST\\IsaacSim\\simulation_ws\\build\\collision_avoidance\\build\\lib\\collision_avoidance\r\n'}
[5.516000] (collision_avoidance) StdoutLine: {'line': b'copying collision_avoidance\\__init__.py -> C:\\Users\\pmran\\Documents\\MAS\\3rd_semester\\AST\\IsaacSim\\simulation_ws\\build\\collision_avoidance\\build\\lib\\collision_avoidance\r\n'}
[5.516000] (collision_avoidance) StdoutLine: {'line': b'running install\r\n'}
[5.516000] (collision_avoidance) StdoutLine: {'line': b'running install_lib\r\n'}
[5.532000] (-) TimerEvent: {}
[5.579000] (collision_avoidance) StdoutLine: {'line': b'copying C:\\Users\\pmran\\Documents\\MAS\\3rd_semester\\AST\\IsaacSim\\simulation_ws\\build\\collision_avoidance\\build\\lib\\collision_avoidance\\avoid_collision.py -> C:\\Users\\pmran\\Documents\\MAS\\3rd_semester\\AST\\IsaacSim\\simulation_ws\\install\\collision_avoidance\\Lib\\site-packages\\collision_avoidance\r\n'}
[5.579000] (collision_avoidance) StdoutLine: {'line': b'byte-compiling C:\\Users\\pmran\\Documents\\MAS\\3rd_semester\\AST\\IsaacSim\\simulation_ws\\install\\collision_avoidance\\Lib\\site-packages\\collision_avoidance\\avoid_collision.py to avoid_collision.cpython-311.pyc\r\n'}
[5.594000] (collision_avoidance) StdoutLine: {'line': b'running install_data\r\n'}
[5.594000] (collision_avoidance) StdoutLine: {'line': b'copying resource\\collision_avoidance -> C:\\Users\\pmran\\Documents\\MAS\\3rd_semester\\AST\\IsaacSim\\simulation_ws\\install\\collision_avoidance\\share\\ament_index\\resource_index\\packages\r\n'}
[5.594000] (collision_avoidance) StdoutLine: {'line': b'copying package.xml -> C:\\Users\\pmran\\Documents\\MAS\\3rd_semester\\AST\\IsaacSim\\simulation_ws\\install\\collision_avoidance\\share\\collision_avoidance\r\n'}
[5.594000] (collision_avoidance) StdoutLine: {'line': b'running install_egg_info\r\n'}
[5.641000] (-) TimerEvent: {}
[5.657000] (collision_avoidance) StdoutLine: {'line': b"removing 'C:\\Users\\pmran\\Documents\\MAS\\3rd_semester\\AST\\IsaacSim\\simulation_ws\\install\\collision_avoidance\\Lib\\site-packages\\collision_avoidance-0.0.0-py3.11.egg-info' (and everything under it)\r\n"}
[5.657000] (collision_avoidance) StdoutLine: {'line': b'Copying ..\\..\\build\\collision_avoidance\\collision_avoidance.egg-info to C:\\Users\\pmran\\Documents\\MAS\\3rd_semester\\AST\\IsaacSim\\simulation_ws\\install\\collision_avoidance\\Lib\\site-packages\\collision_avoidance-0.0.0-py3.11.egg-info\r\n'}
[5.672000] (collision_avoidance) StdoutLine: {'line': b'running install_scripts\r\n'}
[5.766000] (-) TimerEvent: {}
[5.875000] (-) TimerEvent: {}
[5.985000] (-) TimerEvent: {}
[6.094000] (-) TimerEvent: {}
[6.204000] (-) TimerEvent: {}
[6.329000] (collision_avoidance) StdoutLine: {'line': b'Installing avoid_collision-script.py script to C:\\Users\\pmran\\Documents\\MAS\\3rd_semester\\AST\\IsaacSim\\simulation_ws\\install\\collision_avoidance\\lib\\collision_avoidance\r\n'}
[6.329000] (-) TimerEvent: {}
[6.329000] (collision_avoidance) StdoutLine: {'line': b'Installing avoid_collision.exe script to C:\\Users\\pmran\\Documents\\MAS\\3rd_semester\\AST\\IsaacSim\\simulation_ws\\install\\collision_avoidance\\lib\\collision_avoidance\r\n'}
[6.329000] (collision_avoidance) StdoutLine: {'line': b"writing list of installed files to 'C:\\Users\\pmran\\Documents\\MAS\\3rd_semester\\AST\\IsaacSim\\simulation_ws\\build\\collision_avoidance\\install.log'\r\n"}
[6.422000] (collision_avoidance) CommandEnded: {'returncode': 0}
[6.438000] (-) TimerEvent: {}
[6.469000] (collision_avoidance) JobEnded: {'identifier': 'collision_avoidance', 'rc': 0}
[6.485000] (-) EventReactorShutdown: {}
