[0.100s] Invoking command in '/home/muni/Documents/ast/Agile-development-AST/multirob_ws/build/robile_gazebo': CMAKE_PREFIX_PATH=/home/muni/Documents/ast/Agile-development-AST/multirob_ws/install/robile_description:/home/muni/Documents/ast/Agile-development-AST/multirob_ws/install/robile_gazebo:/home/muni/Documents/ast/Agile-development-AST/multirob_ws/install/multirobot:/home/muni/Formula-Student-Driverless-Simulator/ros2/install/fsds_ros2_bridge:/home/muni/Formula-Student-Driverless-Simulator/ros2/install/fs_msgs:/opt/ros/humble /usr/bin/cmake --build /home/muni/Documents/ast/Agile-development-AST/multirob_ws/build/robile_gazebo -- -j6 -l6
[0.239s] Invoked command in '/home/muni/Documents/ast/Agile-development-AST/multirob_ws/build/robile_gazebo' returned '0': CMAKE_PREFIX_PATH=/home/muni/Documents/ast/Agile-development-AST/multirob_ws/install/robile_description:/home/muni/Documents/ast/Agile-development-AST/multirob_ws/install/robile_gazebo:/home/muni/Documents/ast/Agile-development-AST/multirob_ws/install/multirobot:/home/muni/Formula-Student-Driverless-Simulator/ros2/install/fsds_ros2_bridge:/home/muni/Formula-Student-Driverless-Simulator/ros2/install/fs_msgs:/opt/ros/humble /usr/bin/cmake --build /home/muni/Documents/ast/Agile-development-AST/multirob_ws/build/robile_gazebo -- -j6 -l6
[0.367s] Invoking command in '/home/muni/Documents/ast/Agile-development-AST/multirob_ws/build/robile_gazebo': CMAKE_PREFIX_PATH=/home/muni/Documents/ast/Agile-development-AST/multirob_ws/install/robile_description:/home/muni/Documents/ast/Agile-development-AST/multirob_ws/install/robile_gazebo:/home/muni/Documents/ast/Agile-development-AST/multirob_ws/install/multirobot:/home/muni/Formula-Student-Driverless-Simulator/ros2/install/fsds_ros2_bridge:/home/muni/Formula-Student-Driverless-Simulator/ros2/install/fs_msgs:/opt/ros/humble /usr/bin/cmake --install /home/muni/Documents/ast/Agile-development-AST/multirob_ws/build/robile_gazebo
[0.431s] -- Install configuration: ""
[0.432s] -- Up-to-date: /home/muni/Documents/ast/Agile-development-AST/multirob_ws/install/robile_gazebo/share/robile_gazebo//config
[0.432s] -- Up-to-date: /home/muni/Documents/ast/Agile-development-AST/multirob_ws/install/robile_gazebo/share/robile_gazebo//config/ros_controller
[0.432s] -- Up-to-date: /home/muni/Documents/ast/Agile-development-AST/multirob_ws/install/robile_gazebo/share/robile_gazebo//config/ros_controller/4_wheel_config.yaml
[0.436s] -- Up-to-date: /home/muni/Documents/ast/Agile-development-AST/multirob_ws/install/robile_gazebo/share/robile_gazebo//config/ros_controller/2_wheel_config.yaml
[0.436s] -- Up-to-date: /home/muni/Documents/ast/Agile-development-AST/multirob_ws/install/robile_gazebo/share/robile_gazebo//config/ros_controller/6_wheel_config.yaml
[0.437s] -- Up-to-date: /home/muni/Documents/ast/Agile-development-AST/multirob_ws/install/robile_gazebo/share/robile_gazebo//config/rviz
[0.437s] -- Up-to-date: /home/muni/Documents/ast/Agile-development-AST/multirob_ws/install/robile_gazebo/share/robile_gazebo//config/rviz/robile.rviz
[0.437s] -- Up-to-date: /home/muni/Documents/ast/Agile-development-AST/multirob_ws/install/robile_gazebo/share/robile_gazebo//config/doxygen
[0.438s] -- Up-to-date: /home/muni/Documents/ast/Agile-development-AST/multirob_ws/install/robile_gazebo/share/robile_gazebo//config/doxygen/Doxyfile.in
[0.438s] -- Up-to-date: /home/muni/Documents/ast/Agile-development-AST/multirob_ws/install/robile_gazebo/share/robile_gazebo//launch
[0.438s] -- Up-to-date: /home/muni/Documents/ast/Agile-development-AST/multirob_ws/install/robile_gazebo/share/robile_gazebo//launch/2_wheel_platform.launch
[0.439s] -- Up-to-date: /home/muni/Documents/ast/Agile-development-AST/multirob_ws/install/robile_gazebo/share/robile_gazebo//launch/platform_independent
[0.440s] -- Up-to-date: /home/muni/Documents/ast/Agile-development-AST/multirob_ws/install/robile_gazebo/share/robile_gazebo//launch/platform_independent/world.launch
[0.440s] -- Up-to-date: /home/muni/Documents/ast/Agile-development-AST/multirob_ws/install/robile_gazebo/share/robile_gazebo//launch/platform_independent/robile_gazebo.launch
[0.440s] -- Up-to-date: /home/muni/Documents/ast/Agile-development-AST/multirob_ws/install/robile_gazebo/share/robile_gazebo//launch/6_wheel_platform.launch
[0.440s] -- Up-to-date: /home/muni/Documents/ast/Agile-development-AST/multirob_ws/install/robile_gazebo/share/robile_gazebo//launch/gazebo_4_wheel.launch.py
[0.440s] -- Up-to-date: /home/muni/Documents/ast/Agile-development-AST/multirob_ws/install/robile_gazebo/share/robile_gazebo//launch/4_wheel_platform.launch
[0.441s] -- Up-to-date: /home/muni/Documents/ast/Agile-development-AST/multirob_ws/install/robile_gazebo/share/ament_index/resource_index/package_run_dependencies/robile_gazebo
[0.441s] -- Up-to-date: /home/muni/Documents/ast/Agile-development-AST/multirob_ws/install/robile_gazebo/share/ament_index/resource_index/parent_prefix_path/robile_gazebo
[0.441s] -- Up-to-date: /home/muni/Documents/ast/Agile-development-AST/multirob_ws/install/robile_gazebo/share/robile_gazebo/environment/ament_prefix_path.sh
[0.442s] -- Up-to-date: /home/muni/Documents/ast/Agile-development-AST/multirob_ws/install/robile_gazebo/share/robile_gazebo/environment/ament_prefix_path.dsv
[0.442s] -- Up-to-date: /home/muni/Documents/ast/Agile-development-AST/multirob_ws/install/robile_gazebo/share/robile_gazebo/environment/path.sh
[0.442s] -- Up-to-date: /home/muni/Documents/ast/Agile-development-AST/multirob_ws/install/robile_gazebo/share/robile_gazebo/environment/path.dsv
[0.442s] -- Up-to-date: /home/muni/Documents/ast/Agile-development-AST/multirob_ws/install/robile_gazebo/share/robile_gazebo/local_setup.bash
[0.442s] -- Up-to-date: /home/muni/Documents/ast/Agile-development-AST/multirob_ws/install/robile_gazebo/share/robile_gazebo/local_setup.sh
[0.443s] -- Up-to-date: /home/muni/Documents/ast/Agile-development-AST/multirob_ws/install/robile_gazebo/share/robile_gazebo/local_setup.zsh
[0.443s] -- Up-to-date: /home/muni/Documents/ast/Agile-development-AST/multirob_ws/install/robile_gazebo/share/robile_gazebo/local_setup.dsv
[0.449s] -- Installing: /home/muni/Documents/ast/Agile-development-AST/multirob_ws/install/robile_gazebo/share/robile_gazebo/package.dsv
[0.449s] -- Up-to-date: /home/muni/Documents/ast/Agile-development-AST/multirob_ws/install/robile_gazebo/share/ament_index/resource_index/packages/robile_gazebo
[0.450s] -- Up-to-date: /home/muni/Documents/ast/Agile-development-AST/multirob_ws/install/robile_gazebo/share/robile_gazebo/cmake/ament_cmake_export_include_directories-extras.cmake
[0.450s] -- Up-to-date: /home/muni/Documents/ast/Agile-development-AST/multirob_ws/install/robile_gazebo/share/robile_gazebo/cmake/robile_gazeboConfig.cmake
[0.450s] -- Up-to-date: /home/muni/Documents/ast/Agile-development-AST/multirob_ws/install/robile_gazebo/share/robile_gazebo/cmake/robile_gazeboConfig-version.cmake
[0.451s] -- Up-to-date: /home/muni/Documents/ast/Agile-development-AST/multirob_ws/install/robile_gazebo/share/robile_gazebo/package.xml
[0.456s] Invoked command in '/home/muni/Documents/ast/Agile-development-AST/multirob_ws/build/robile_gazebo' returned '0': CMAKE_PREFIX_PATH=/home/muni/Documents/ast/Agile-development-AST/multirob_ws/install/robile_description:/home/muni/Documents/ast/Agile-development-AST/multirob_ws/install/robile_gazebo:/home/muni/Documents/ast/Agile-development-AST/multirob_ws/install/multirobot:/home/muni/Formula-Student-Driverless-Simulator/ros2/install/fsds_ros2_bridge:/home/muni/Formula-Student-Driverless-Simulator/ros2/install/fs_msgs:/opt/ros/humble /usr/bin/cmake --install /home/muni/Documents/ast/Agile-development-AST/multirob_ws/build/robile_gazebo
