[0.386s] DEBUG:colcon:Command line arguments: ['/usr/bin/colcon', 'build']
[0.386s] DEBUG:colcon:Parsed command line arguments: Namespace(log_base=None, log_level=None, verb_name='build', build_base='build', install_base='install', merge_install=False, symlink_install=False, test_result_base=None, continue_on_error=False, executor='parallel', parallel_workers=6, event_handlers=None, ignore_user_meta=False, metas=['./colcon.meta'], base_paths=['.'], packages_ignore=None, packages_ignore_regex=None, paths=None, packages_up_to=None, packages_up_to_regex=None, packages_above=None, packages_above_and_dependencies=None, packages_above_depth=None, packages_select_by_dep=None, packages_skip_by_dep=None, packages_skip_up_to=None, packages_select_build_failed=False, packages_skip_build_finished=False, packages_select_test_failures=False, packages_skip_test_passed=False, packages_select=None, packages_skip=None, packages_select_regex=None, packages_skip_regex=None, packages_start=None, packages_end=None, allow_overriding=[], cmake_args=None, cmake_target=None, cmake_target_skip_unavailable=False, cmake_clean_cache=False, cmake_clean_first=False, cmake_force_configure=False, ament_cmake_args=None, catkin_cmake_args=None, catkin_skip_building_tests=False, mixin_files=None, mixin=None, verb_parser=<colcon_mixin.mixin.mixin_argument.MixinArgumentDecorator object at 0x7683e37aeb60>, verb_extension=<colcon_core.verb.build.BuildVerb object at 0x7683e37ae620>, main=<bound method BuildVerb.main of <colcon_core.verb.build.BuildVerb object at 0x7683e37ae620>>, mixin_verb=('build',))
[0.996s] Level 1:colcon.colcon_core.package_discovery:discover_packages(colcon_meta) check parameters
[0.996s] Level 1:colcon.colcon_core.package_discovery:discover_packages(recursive) check parameters
[0.996s] Level 1:colcon.colcon_core.package_discovery:discover_packages(ignore) check parameters
[0.997s] Level 1:colcon.colcon_core.package_discovery:discover_packages(path) check parameters
[0.997s] Level 1:colcon.colcon_core.package_discovery:discover_packages(colcon_meta) discover
[0.997s] Level 1:colcon.colcon_core.package_discovery:discover_packages(recursive) discover
[0.997s] INFO:colcon.colcon_core.package_discovery:Crawling recursively for packages in '/home/muni/Documents/ast/Agile-development-AST/multirob_ws'
[0.997s] Level 1:colcon.colcon_core.package_identification:_identify(.) by extensions ['ignore', 'ignore_ament_install']
[0.998s] Level 1:colcon.colcon_core.package_identification:_identify(.) by extension 'ignore'
[0.998s] Level 1:colcon.colcon_core.package_identification:_identify(.) by extension 'ignore_ament_install'
[0.998s] Level 1:colcon.colcon_core.package_identification:_identify(.) by extensions ['colcon_pkg']
[0.998s] Level 1:colcon.colcon_core.package_identification:_identify(.) by extension 'colcon_pkg'
[0.998s] Level 1:colcon.colcon_core.package_identification:_identify(.) by extensions ['colcon_meta']
[0.998s] Level 1:colcon.colcon_core.package_identification:_identify(.) by extension 'colcon_meta'
[0.998s] Level 1:colcon.colcon_core.package_identification:_identify(.) by extensions ['ros']
[0.999s] Level 1:colcon.colcon_core.package_identification:_identify(.) by extension 'ros'
[1.038s] Level 1:colcon.colcon_core.package_identification:_identify(.) by extensions ['cmake', 'python']
[1.039s] Level 1:colcon.colcon_core.package_identification:_identify(.) by extension 'cmake'
[1.039s] Level 1:colcon.colcon_core.package_identification:_identify(.) by extension 'python'
[1.039s] Level 1:colcon.colcon_core.package_identification:_identify(.) by extensions ['python_setup_py']
[1.039s] Level 1:colcon.colcon_core.package_identification:_identify(.) by extension 'python_setup_py'
[1.040s] Level 1:colcon.colcon_core.package_identification:_identify(build) by extensions ['ignore', 'ignore_ament_install']
[1.040s] Level 1:colcon.colcon_core.package_identification:_identify(build) by extension 'ignore'
[1.040s] Level 1:colcon.colcon_core.package_identification:_identify(build) ignored
[1.041s] Level 1:colcon.colcon_core.package_identification:_identify(install) by extensions ['ignore', 'ignore_ament_install']
[1.041s] Level 1:colcon.colcon_core.package_identification:_identify(install) by extension 'ignore'
[1.041s] Level 1:colcon.colcon_core.package_identification:_identify(install) ignored
[1.042s] Level 1:colcon.colcon_core.package_identification:_identify(log) by extensions ['ignore', 'ignore_ament_install']
[1.042s] Level 1:colcon.colcon_core.package_identification:_identify(log) by extension 'ignore'
[1.042s] Level 1:colcon.colcon_core.package_identification:_identify(log) ignored
[1.042s] Level 1:colcon.colcon_core.package_identification:_identify(src) by extensions ['ignore', 'ignore_ament_install']
[1.043s] Level 1:colcon.colcon_core.package_identification:_identify(src) by extension 'ignore'
[1.043s] Level 1:colcon.colcon_core.package_identification:_identify(src) by extension 'ignore_ament_install'
[1.043s] Level 1:colcon.colcon_core.package_identification:_identify(src) by extensions ['colcon_pkg']
[1.043s] Level 1:colcon.colcon_core.package_identification:_identify(src) by extension 'colcon_pkg'
[1.043s] Level 1:colcon.colcon_core.package_identification:_identify(src) by extensions ['colcon_meta']
[1.044s] Level 1:colcon.colcon_core.package_identification:_identify(src) by extension 'colcon_meta'
[1.044s] Level 1:colcon.colcon_core.package_identification:_identify(src) by extensions ['ros']
[1.044s] Level 1:colcon.colcon_core.package_identification:_identify(src) by extension 'ros'
[1.044s] Level 1:colcon.colcon_core.package_identification:_identify(src) by extensions ['cmake', 'python']
[1.045s] Level 1:colcon.colcon_core.package_identification:_identify(src) by extension 'cmake'
[1.045s] Level 1:colcon.colcon_core.package_identification:_identify(src) by extension 'python'
[1.045s] Level 1:colcon.colcon_core.package_identification:_identify(src) by extensions ['python_setup_py']
[1.045s] Level 1:colcon.colcon_core.package_identification:_identify(src) by extension 'python_setup_py'
[1.046s] Level 1:colcon.colcon_core.package_identification:_identify(src/multirobot) by extensions ['ignore', 'ignore_ament_install']
[1.046s] Level 1:colcon.colcon_core.package_identification:_identify(src/multirobot) by extension 'ignore'
[1.046s] Level 1:colcon.colcon_core.package_identification:_identify(src/multirobot) by extension 'ignore_ament_install'
[1.047s] Level 1:colcon.colcon_core.package_identification:_identify(src/multirobot) by extensions ['colcon_pkg']
[1.047s] Level 1:colcon.colcon_core.package_identification:_identify(src/multirobot) by extension 'colcon_pkg'
[1.047s] Level 1:colcon.colcon_core.package_identification:_identify(src/multirobot) by extensions ['colcon_meta']
[1.047s] Level 1:colcon.colcon_core.package_identification:_identify(src/multirobot) by extension 'colcon_meta'
[1.047s] Level 1:colcon.colcon_core.package_identification:_identify(src/multirobot) by extensions ['ros']
[1.047s] Level 1:colcon.colcon_core.package_identification:_identify(src/multirobot) by extension 'ros'
[1.055s] DEBUG:colcon.colcon_core.package_identification:Package 'src/multirobot' with type 'ros.ament_python' and name 'multirobot'
[1.055s] Level 1:colcon.colcon_core.package_identification:_identify(src/robile_description) by extensions ['ignore', 'ignore_ament_install']
[1.056s] Level 1:colcon.colcon_core.package_identification:_identify(src/robile_description) by extension 'ignore'
[1.056s] Level 1:colcon.colcon_core.package_identification:_identify(src/robile_description) by extension 'ignore_ament_install'
[1.057s] Level 1:colcon.colcon_core.package_identification:_identify(src/robile_description) by extensions ['colcon_pkg']
[1.057s] Level 1:colcon.colcon_core.package_identification:_identify(src/robile_description) by extension 'colcon_pkg'
[1.057s] Level 1:colcon.colcon_core.package_identification:_identify(src/robile_description) by extensions ['colcon_meta']
[1.057s] Level 1:colcon.colcon_core.package_identification:_identify(src/robile_description) by extension 'colcon_meta'
[1.057s] Level 1:colcon.colcon_core.package_identification:_identify(src/robile_description) by extensions ['ros']
[1.057s] Level 1:colcon.colcon_core.package_identification:_identify(src/robile_description) by extension 'ros'
[1.059s] DEBUG:colcon.colcon_core.package_identification:Package 'src/robile_description' with type 'ros.ament_cmake' and name 'robile_description'
[1.059s] Level 1:colcon.colcon_core.package_identification:_identify(src/robile_gazebo) by extensions ['ignore', 'ignore_ament_install']
[1.060s] Level 1:colcon.colcon_core.package_identification:_identify(src/robile_gazebo) by extension 'ignore'
[1.060s] Level 1:colcon.colcon_core.package_identification:_identify(src/robile_gazebo) by extension 'ignore_ament_install'
[1.060s] Level 1:colcon.colcon_core.package_identification:_identify(src/robile_gazebo) by extensions ['colcon_pkg']
[1.061s] Level 1:colcon.colcon_core.package_identification:_identify(src/robile_gazebo) by extension 'colcon_pkg'
[1.061s] Level 1:colcon.colcon_core.package_identification:_identify(src/robile_gazebo) by extensions ['colcon_meta']
[1.061s] Level 1:colcon.colcon_core.package_identification:_identify(src/robile_gazebo) by extension 'colcon_meta'
[1.061s] Level 1:colcon.colcon_core.package_identification:_identify(src/robile_gazebo) by extensions ['ros']
[1.061s] Level 1:colcon.colcon_core.package_identification:_identify(src/robile_gazebo) by extension 'ros'
[1.065s] DEBUG:colcon.colcon_core.package_identification:Package 'src/robile_gazebo' with type 'ros.ament_cmake' and name 'robile_gazebo'
[1.066s] Level 1:colcon.colcon_core.package_discovery:discover_packages(recursive) using defaults
[1.066s] Level 1:colcon.colcon_core.package_discovery:discover_packages(ignore) discover
[1.066s] Level 1:colcon.colcon_core.package_discovery:discover_packages(ignore) using defaults
[1.066s] Level 1:colcon.colcon_core.package_discovery:discover_packages(path) discover
[1.066s] Level 1:colcon.colcon_core.package_discovery:discover_packages(path) using defaults
[1.154s] Level 1:colcon.colcon_core.package_discovery:discover_packages(prefix_path) check parameters
[1.154s] Level 1:colcon.colcon_core.package_discovery:discover_packages(prefix_path) discover
[1.162s] DEBUG:colcon.colcon_installed_package_information.package_discovery:Found 3 installed packages in /home/muni/Documents/ast/Agile-development-AST/multirob_ws/install
[1.163s] DEBUG:colcon.colcon_installed_package_information.package_discovery:Found 2 installed packages in /home/muni/Formula-Student-Driverless-Simulator/ros2/install
[1.171s] DEBUG:colcon.colcon_installed_package_information.package_discovery:Found 302 installed packages in /opt/ros/humble
[1.176s] Level 1:colcon.colcon_core.package_discovery:discover_packages(prefix_path) using defaults
[1.307s] Level 5:colcon.colcon_core.verb:set package 'multirobot' build argument 'cmake_args' from command line to 'None'
[1.307s] Level 5:colcon.colcon_core.verb:set package 'multirobot' build argument 'cmake_target' from command line to 'None'
[1.307s] Level 5:colcon.colcon_core.verb:set package 'multirobot' build argument 'cmake_target_skip_unavailable' from command line to 'False'
[1.307s] Level 5:colcon.colcon_core.verb:set package 'multirobot' build argument 'cmake_clean_cache' from command line to 'False'
[1.308s] Level 5:colcon.colcon_core.verb:set package 'multirobot' build argument 'cmake_clean_first' from command line to 'False'
[1.308s] Level 5:colcon.colcon_core.verb:set package 'multirobot' build argument 'cmake_force_configure' from command line to 'False'
[1.308s] Level 5:colcon.colcon_core.verb:set package 'multirobot' build argument 'ament_cmake_args' from command line to 'None'
[1.308s] Level 5:colcon.colcon_core.verb:set package 'multirobot' build argument 'catkin_cmake_args' from command line to 'None'
[1.308s] Level 5:colcon.colcon_core.verb:set package 'multirobot' build argument 'catkin_skip_building_tests' from command line to 'False'
[1.308s] DEBUG:colcon.colcon_core.verb:Building package 'multirobot' with the following arguments: {'ament_cmake_args': None, 'build_base': '/home/muni/Documents/ast/Agile-development-AST/multirob_ws/build/multirobot', 'catkin_cmake_args': None, 'catkin_skip_building_tests': False, 'cmake_args': None, 'cmake_clean_cache': False, 'cmake_clean_first': False, 'cmake_force_configure': False, 'cmake_target': None, 'cmake_target_skip_unavailable': False, 'install_base': '/home/muni/Documents/ast/Agile-development-AST/multirob_ws/install/multirobot', 'merge_install': False, 'path': '/home/muni/Documents/ast/Agile-development-AST/multirob_ws/src/multirobot', 'symlink_install': False, 'test_result_base': None}
[1.309s] Level 5:colcon.colcon_core.verb:set package 'robile_description' build argument 'cmake_args' from command line to 'None'
[1.309s] Level 5:colcon.colcon_core.verb:set package 'robile_description' build argument 'cmake_target' from command line to 'None'
[1.309s] Level 5:colcon.colcon_core.verb:set package 'robile_description' build argument 'cmake_target_skip_unavailable' from command line to 'False'
[1.310s] Level 5:colcon.colcon_core.verb:set package 'robile_description' build argument 'cmake_clean_cache' from command line to 'False'
[1.310s] Level 5:colcon.colcon_core.verb:set package 'robile_description' build argument 'cmake_clean_first' from command line to 'False'
[1.310s] Level 5:colcon.colcon_core.verb:set package 'robile_description' build argument 'cmake_force_configure' from command line to 'False'
[1.310s] Level 5:colcon.colcon_core.verb:set package 'robile_description' build argument 'ament_cmake_args' from command line to 'None'
[1.310s] Level 5:colcon.colcon_core.verb:set package 'robile_description' build argument 'catkin_cmake_args' from command line to 'None'
[1.310s] Level 5:colcon.colcon_core.verb:set package 'robile_description' build argument 'catkin_skip_building_tests' from command line to 'False'
[1.311s] DEBUG:colcon.colcon_core.verb:Building package 'robile_description' with the following arguments: {'ament_cmake_args': None, 'build_base': '/home/muni/Documents/ast/Agile-development-AST/multirob_ws/build/robile_description', 'catkin_cmake_args': None, 'catkin_skip_building_tests': False, 'cmake_args': None, 'cmake_clean_cache': False, 'cmake_clean_first': False, 'cmake_force_configure': False, 'cmake_target': None, 'cmake_target_skip_unavailable': False, 'install_base': '/home/muni/Documents/ast/Agile-development-AST/multirob_ws/install/robile_description', 'merge_install': False, 'path': '/home/muni/Documents/ast/Agile-development-AST/multirob_ws/src/robile_description', 'symlink_install': False, 'test_result_base': None}
[1.312s] Level 5:colcon.colcon_core.verb:set package 'robile_gazebo' build argument 'cmake_args' from command line to 'None'
[1.312s] Level 5:colcon.colcon_core.verb:set package 'robile_gazebo' build argument 'cmake_target' from command line to 'None'
[1.312s] Level 5:colcon.colcon_core.verb:set package 'robile_gazebo' build argument 'cmake_target_skip_unavailable' from command line to 'False'
[1.312s] Level 5:colcon.colcon_core.verb:set package 'robile_gazebo' build argument 'cmake_clean_cache' from command line to 'False'
[1.312s] Level 5:colcon.colcon_core.verb:set package 'robile_gazebo' build argument 'cmake_clean_first' from command line to 'False'
[1.312s] Level 5:colcon.colcon_core.verb:set package 'robile_gazebo' build argument 'cmake_force_configure' from command line to 'False'
[1.312s] Level 5:colcon.colcon_core.verb:set package 'robile_gazebo' build argument 'ament_cmake_args' from command line to 'None'
[1.312s] Level 5:colcon.colcon_core.verb:set package 'robile_gazebo' build argument 'catkin_cmake_args' from command line to 'None'
[1.312s] Level 5:colcon.colcon_core.verb:set package 'robile_gazebo' build argument 'catkin_skip_building_tests' from command line to 'False'
[1.313s] DEBUG:colcon.colcon_core.verb:Building package 'robile_gazebo' with the following arguments: {'ament_cmake_args': None, 'build_base': '/home/muni/Documents/ast/Agile-development-AST/multirob_ws/build/robile_gazebo', 'catkin_cmake_args': None, 'catkin_skip_building_tests': False, 'cmake_args': None, 'cmake_clean_cache': False, 'cmake_clean_first': False, 'cmake_force_configure': False, 'cmake_target': None, 'cmake_target_skip_unavailable': False, 'install_base': '/home/muni/Documents/ast/Agile-development-AST/multirob_ws/install/robile_gazebo', 'merge_install': False, 'path': '/home/muni/Documents/ast/Agile-development-AST/multirob_ws/src/robile_gazebo', 'symlink_install': False, 'test_result_base': None}
[1.313s] INFO:colcon.colcon_core.executor:Executing jobs using 'parallel' executor
[1.317s] DEBUG:colcon.colcon_parallel_executor.executor.parallel:run_until_complete
[1.317s] INFO:colcon.colcon_ros.task.ament_cmake.build:Building ROS package in '/home/muni/Documents/ast/Agile-development-AST/multirob_ws/src/robile_description' with build type 'ament_cmake'
[1.318s] INFO:colcon.colcon_cmake.task.cmake.build:Building CMake package in '/home/muni/Documents/ast/Agile-development-AST/multirob_ws/src/robile_description'
[1.325s] INFO:colcon.colcon_core.plugin_system:Skipping extension 'colcon_core.shell.bat': Not used on non-Windows systems
[1.325s] INFO:colcon.colcon_core.shell:Skip shell extension 'powershell' for command environment: Not usable outside of PowerShell
[1.325s] DEBUG:colcon.colcon_core.shell:Skip shell extension 'dsv' for command environment
[1.347s] INFO:colcon.colcon_ros.task.ament_python.build:Building ROS package in '/home/muni/Documents/ast/Agile-development-AST/multirob_ws/src/multirobot' with build type 'ament_python'
[1.348s] Level 1:colcon.colcon_core.shell:create_environment_hook('multirobot', 'ament_prefix_path')
[1.348s] INFO:colcon.colcon_core.shell:Creating environment hook '/home/muni/Documents/ast/Agile-development-AST/multirob_ws/install/multirobot/share/multirobot/hook/ament_prefix_path.ps1'
[1.350s] INFO:colcon.colcon_core.shell:Creating environment descriptor '/home/muni/Documents/ast/Agile-development-AST/multirob_ws/install/multirobot/share/multirobot/hook/ament_prefix_path.dsv'
[1.352s] INFO:colcon.colcon_core.shell:Creating environment hook '/home/muni/Documents/ast/Agile-development-AST/multirob_ws/install/multirobot/share/multirobot/hook/ament_prefix_path.sh'
[1.355s] INFO:colcon.colcon_core.shell:Skip shell extension 'powershell' for command environment: Not usable outside of PowerShell
[1.355s] DEBUG:colcon.colcon_core.shell:Skip shell extension 'dsv' for command environment
[1.398s] DEBUG:colcon.colcon_core.event_handler.log_command:Invoking command in '/home/muni/Documents/ast/Agile-development-AST/multirob_ws/build/robile_description': CMAKE_PREFIX_PATH=${CMAKE_PREFIX_PATH}:/opt/ros/humble /usr/bin/cmake --build /home/muni/Documents/ast/Agile-development-AST/multirob_ws/build/robile_description -- -j6 -l6
[2.301s] INFO:colcon.colcon_core.task.python.build:Building Python package in '/home/muni/Documents/ast/Agile-development-AST/multirob_ws/src/multirobot'
[2.302s] INFO:colcon.colcon_core.shell:Skip shell extension 'powershell' for command environment: Not usable outside of PowerShell
[2.302s] DEBUG:colcon.colcon_core.shell:Skip shell extension 'dsv' for command environment
[2.327s] DEBUG:colcon.colcon_core.event_handler.log_command:Invoked command in '/home/muni/Documents/ast/Agile-development-AST/multirob_ws/build/robile_description' returned '0': CMAKE_PREFIX_PATH=${CMAKE_PREFIX_PATH}:/opt/ros/humble /usr/bin/cmake --build /home/muni/Documents/ast/Agile-development-AST/multirob_ws/build/robile_description -- -j6 -l6
[2.510s] DEBUG:colcon.colcon_core.event_handler.log_command:Invoking command in '/home/muni/Documents/ast/Agile-development-AST/multirob_ws/build/robile_description': CMAKE_PREFIX_PATH=${CMAKE_PREFIX_PATH}:/opt/ros/humble /usr/bin/cmake --install /home/muni/Documents/ast/Agile-development-AST/multirob_ws/build/robile_description
[2.587s] Level 1:colcon.colcon_core.environment:create_environment_scripts_only(robile_description)
[2.602s] Level 1:colcon.colcon_core.environment:checking '/home/muni/Documents/ast/Agile-development-AST/multirob_ws/install/robile_description' for CMake module files
[2.609s] DEBUG:colcon.colcon_core.event_handler.log_command:Invoked command in '/home/muni/Documents/ast/Agile-development-AST/multirob_ws/build/robile_description' returned '0': CMAKE_PREFIX_PATH=${CMAKE_PREFIX_PATH}:/opt/ros/humble /usr/bin/cmake --install /home/muni/Documents/ast/Agile-development-AST/multirob_ws/build/robile_description
[2.618s] Level 1:colcon.colcon_core.environment:checking '/home/muni/Documents/ast/Agile-development-AST/multirob_ws/install/robile_description' for CMake config files
[2.620s] Level 1:colcon.colcon_core.shell:create_environment_hook('robile_description', 'cmake_prefix_path')
[2.622s] INFO:colcon.colcon_core.shell:Creating environment hook '/home/muni/Documents/ast/Agile-development-AST/multirob_ws/install/robile_description/share/robile_description/hook/cmake_prefix_path.ps1'
[2.623s] INFO:colcon.colcon_core.shell:Creating environment descriptor '/home/muni/Documents/ast/Agile-development-AST/multirob_ws/install/robile_description/share/robile_description/hook/cmake_prefix_path.dsv'
[2.625s] INFO:colcon.colcon_core.shell:Creating environment hook '/home/muni/Documents/ast/Agile-development-AST/multirob_ws/install/robile_description/share/robile_description/hook/cmake_prefix_path.sh'
[2.628s] Level 1:colcon.colcon_core.environment:checking '/home/muni/Documents/ast/Agile-development-AST/multirob_ws/install/robile_description/bin'
[2.628s] Level 1:colcon.colcon_core.environment:checking '/home/muni/Documents/ast/Agile-development-AST/multirob_ws/install/robile_description/lib/pkgconfig/robile_description.pc'
[2.629s] Level 1:colcon.colcon_core.environment:checking '/home/muni/Documents/ast/Agile-development-AST/multirob_ws/install/robile_description/lib/python3.10/site-packages'
[2.630s] Level 1:colcon.colcon_core.environment:checking '/home/muni/Documents/ast/Agile-development-AST/multirob_ws/install/robile_description/bin'
[2.631s] INFO:colcon.colcon_core.shell:Creating package script '/home/muni/Documents/ast/Agile-development-AST/multirob_ws/install/robile_description/share/robile_description/package.ps1'
[2.633s] INFO:colcon.colcon_core.shell:Creating package descriptor '/home/muni/Documents/ast/Agile-development-AST/multirob_ws/install/robile_description/share/robile_description/package.dsv'
[2.635s] INFO:colcon.colcon_core.shell:Creating package script '/home/muni/Documents/ast/Agile-development-AST/multirob_ws/install/robile_description/share/robile_description/package.sh'
[2.638s] INFO:colcon.colcon_core.shell:Creating package script '/home/muni/Documents/ast/Agile-development-AST/multirob_ws/install/robile_description/share/robile_description/package.bash'
[2.640s] INFO:colcon.colcon_core.shell:Creating package script '/home/muni/Documents/ast/Agile-development-AST/multirob_ws/install/robile_description/share/robile_description/package.zsh'
[2.643s] Level 1:colcon.colcon_core.environment:create_file_with_runtime_dependencies(/home/muni/Documents/ast/Agile-development-AST/multirob_ws/install/robile_description/share/colcon-core/packages/robile_description)
[2.906s] Level 1:colcon.colcon_core.environment:create_environment_scripts_only(robile_description)
[2.907s] Level 1:colcon.colcon_core.environment:checking '/home/muni/Documents/ast/Agile-development-AST/multirob_ws/install/robile_description' for CMake module files
[2.909s] Level 1:colcon.colcon_core.environment:checking '/home/muni/Documents/ast/Agile-development-AST/multirob_ws/install/robile_description' for CMake config files
[2.911s] Level 1:colcon.colcon_core.shell:create_environment_hook('robile_description', 'cmake_prefix_path')
[2.912s] INFO:colcon.colcon_core.shell:Creating environment hook '/home/muni/Documents/ast/Agile-development-AST/multirob_ws/install/robile_description/share/robile_description/hook/cmake_prefix_path.ps1'
[2.914s] INFO:colcon.colcon_core.shell:Creating environment descriptor '/home/muni/Documents/ast/Agile-development-AST/multirob_ws/install/robile_description/share/robile_description/hook/cmake_prefix_path.dsv'
[2.916s] INFO:colcon.colcon_core.shell:Creating environment hook '/home/muni/Documents/ast/Agile-development-AST/multirob_ws/install/robile_description/share/robile_description/hook/cmake_prefix_path.sh'
[2.918s] Level 1:colcon.colcon_core.environment:checking '/home/muni/Documents/ast/Agile-development-AST/multirob_ws/install/robile_description/bin'
[2.919s] Level 1:colcon.colcon_core.environment:checking '/home/muni/Documents/ast/Agile-development-AST/multirob_ws/install/robile_description/lib/pkgconfig/robile_description.pc'
[2.921s] Level 1:colcon.colcon_core.environment:checking '/home/muni/Documents/ast/Agile-development-AST/multirob_ws/install/robile_description/lib/python3.10/site-packages'
[2.921s] Level 1:colcon.colcon_core.environment:checking '/home/muni/Documents/ast/Agile-development-AST/multirob_ws/install/robile_description/bin'
[2.922s] INFO:colcon.colcon_core.shell:Creating package script '/home/muni/Documents/ast/Agile-development-AST/multirob_ws/install/robile_description/share/robile_description/package.ps1'
[2.926s] INFO:colcon.colcon_core.shell:Creating package descriptor '/home/muni/Documents/ast/Agile-development-AST/multirob_ws/install/robile_description/share/robile_description/package.dsv'
[2.928s] INFO:colcon.colcon_core.shell:Creating package script '/home/muni/Documents/ast/Agile-development-AST/multirob_ws/install/robile_description/share/robile_description/package.sh'
[2.932s] INFO:colcon.colcon_core.shell:Creating package script '/home/muni/Documents/ast/Agile-development-AST/multirob_ws/install/robile_description/share/robile_description/package.bash'
[2.935s] INFO:colcon.colcon_core.shell:Creating package script '/home/muni/Documents/ast/Agile-development-AST/multirob_ws/install/robile_description/share/robile_description/package.zsh'
[2.938s] Level 1:colcon.colcon_core.environment:create_file_with_runtime_dependencies(/home/muni/Documents/ast/Agile-development-AST/multirob_ws/install/robile_description/share/colcon-core/packages/robile_description)
[2.941s] INFO:colcon.colcon_ros.task.ament_cmake.build:Building ROS package in '/home/muni/Documents/ast/Agile-development-AST/multirob_ws/src/robile_gazebo' with build type 'ament_cmake'
[2.943s] INFO:colcon.colcon_cmake.task.cmake.build:Building CMake package in '/home/muni/Documents/ast/Agile-development-AST/multirob_ws/src/robile_gazebo'
[2.944s] INFO:colcon.colcon_core.shell:Skip shell extension 'powershell' for command environment: Not usable outside of PowerShell
[2.944s] DEBUG:colcon.colcon_core.shell:Skip shell extension 'dsv' for command environment
[2.988s] DEBUG:colcon.colcon_core.event_handler.log_command:Invoking command in '/home/muni/Documents/ast/Agile-development-AST/multirob_ws/build/robile_gazebo': CMAKE_PREFIX_PATH=/home/muni/Documents/ast/Agile-development-AST/multirob_ws/install/robile_description:/home/muni/Documents/ast/Agile-development-AST/multirob_ws/install/robile_gazebo:/home/muni/Documents/ast/Agile-development-AST/multirob_ws/install/multirobot:/home/muni/Formula-Student-Driverless-Simulator/ros2/install/fsds_ros2_bridge:/home/muni/Formula-Student-Driverless-Simulator/ros2/install/fs_msgs:/opt/ros/humble /usr/bin/cmake --build /home/muni/Documents/ast/Agile-development-AST/multirob_ws/build/robile_gazebo -- -j6 -l6
[3.187s] DEBUG:colcon.colcon_core.event_handler.log_command:Invoked command in '/home/muni/Documents/ast/Agile-development-AST/multirob_ws/build/robile_gazebo' returned '0': CMAKE_PREFIX_PATH=/home/muni/Documents/ast/Agile-development-AST/multirob_ws/install/robile_description:/home/muni/Documents/ast/Agile-development-AST/multirob_ws/install/robile_gazebo:/home/muni/Documents/ast/Agile-development-AST/multirob_ws/install/multirobot:/home/muni/Formula-Student-Driverless-Simulator/ros2/install/fsds_ros2_bridge:/home/muni/Formula-Student-Driverless-Simulator/ros2/install/fs_msgs:/opt/ros/humble /usr/bin/cmake --build /home/muni/Documents/ast/Agile-development-AST/multirob_ws/build/robile_gazebo -- -j6 -l6
[3.324s] DEBUG:colcon.colcon_core.event_handler.log_command:Invoking command in '/home/muni/Documents/ast/Agile-development-AST/multirob_ws/build/robile_gazebo': CMAKE_PREFIX_PATH=/home/muni/Documents/ast/Agile-development-AST/multirob_ws/install/robile_description:/home/muni/Documents/ast/Agile-development-AST/multirob_ws/install/robile_gazebo:/home/muni/Documents/ast/Agile-development-AST/multirob_ws/install/multirobot:/home/muni/Formula-Student-Driverless-Simulator/ros2/install/fsds_ros2_bridge:/home/muni/Formula-Student-Driverless-Simulator/ros2/install/fs_msgs:/opt/ros/humble /usr/bin/cmake --install /home/muni/Documents/ast/Agile-development-AST/multirob_ws/build/robile_gazebo
[3.394s] Level 1:colcon.colcon_core.environment:create_environment_scripts_only(robile_gazebo)
[3.395s] Level 1:colcon.colcon_core.environment:checking '/home/muni/Documents/ast/Agile-development-AST/multirob_ws/install/robile_gazebo' for CMake module files
[3.398s] Level 1:colcon.colcon_core.environment:checking '/home/muni/Documents/ast/Agile-development-AST/multirob_ws/install/robile_gazebo' for CMake config files
[3.400s] Level 1:colcon.colcon_core.shell:create_environment_hook('robile_gazebo', 'cmake_prefix_path')
[3.401s] INFO:colcon.colcon_core.shell:Creating environment hook '/home/muni/Documents/ast/Agile-development-AST/multirob_ws/install/robile_gazebo/share/robile_gazebo/hook/cmake_prefix_path.ps1'
[3.403s] INFO:colcon.colcon_core.shell:Creating environment descriptor '/home/muni/Documents/ast/Agile-development-AST/multirob_ws/install/robile_gazebo/share/robile_gazebo/hook/cmake_prefix_path.dsv'
[3.406s] DEBUG:colcon.colcon_core.event_handler.log_command:Invoked command in '/home/muni/Documents/ast/Agile-development-AST/multirob_ws/build/robile_gazebo' returned '0': CMAKE_PREFIX_PATH=/home/muni/Documents/ast/Agile-development-AST/multirob_ws/install/robile_description:/home/muni/Documents/ast/Agile-development-AST/multirob_ws/install/robile_gazebo:/home/muni/Documents/ast/Agile-development-AST/multirob_ws/install/multirobot:/home/muni/Formula-Student-Driverless-Simulator/ros2/install/fsds_ros2_bridge:/home/muni/Formula-Student-Driverless-Simulator/ros2/install/fs_msgs:/opt/ros/humble /usr/bin/cmake --install /home/muni/Documents/ast/Agile-development-AST/multirob_ws/build/robile_gazebo
[3.409s] INFO:colcon.colcon_core.shell:Creating environment hook '/home/muni/Documents/ast/Agile-development-AST/multirob_ws/install/robile_gazebo/share/robile_gazebo/hook/cmake_prefix_path.sh'
[3.411s] Level 1:colcon.colcon_core.environment:checking '/home/muni/Documents/ast/Agile-development-AST/multirob_ws/install/robile_gazebo/bin'
[3.412s] Level 1:colcon.colcon_core.environment:checking '/home/muni/Documents/ast/Agile-development-AST/multirob_ws/install/robile_gazebo/lib/pkgconfig/robile_gazebo.pc'
[3.412s] Level 1:colcon.colcon_core.environment:checking '/home/muni/Documents/ast/Agile-development-AST/multirob_ws/install/robile_gazebo/lib/python3.10/site-packages'
[3.413s] Level 1:colcon.colcon_core.environment:checking '/home/muni/Documents/ast/Agile-development-AST/multirob_ws/install/robile_gazebo/bin'
[3.414s] INFO:colcon.colcon_core.shell:Creating package script '/home/muni/Documents/ast/Agile-development-AST/multirob_ws/install/robile_gazebo/share/robile_gazebo/package.ps1'
[3.416s] INFO:colcon.colcon_core.shell:Creating package descriptor '/home/muni/Documents/ast/Agile-development-AST/multirob_ws/install/robile_gazebo/share/robile_gazebo/package.dsv'
[3.418s] INFO:colcon.colcon_core.shell:Creating package script '/home/muni/Documents/ast/Agile-development-AST/multirob_ws/install/robile_gazebo/share/robile_gazebo/package.sh'
[3.420s] INFO:colcon.colcon_core.shell:Creating package script '/home/muni/Documents/ast/Agile-development-AST/multirob_ws/install/robile_gazebo/share/robile_gazebo/package.bash'
[3.425s] INFO:colcon.colcon_core.shell:Creating package script '/home/muni/Documents/ast/Agile-development-AST/multirob_ws/install/robile_gazebo/share/robile_gazebo/package.zsh'
[3.426s] Level 1:colcon.colcon_core.environment:create_file_with_runtime_dependencies(/home/muni/Documents/ast/Agile-development-AST/multirob_ws/install/robile_gazebo/share/colcon-core/packages/robile_gazebo)
[3.585s] Level 1:colcon.colcon_core.environment:create_environment_scripts_only(robile_gazebo)
[3.585s] Level 1:colcon.colcon_core.environment:checking '/home/muni/Documents/ast/Agile-development-AST/multirob_ws/install/robile_gazebo' for CMake module files
[3.587s] Level 1:colcon.colcon_core.environment:checking '/home/muni/Documents/ast/Agile-development-AST/multirob_ws/install/robile_gazebo' for CMake config files
[3.589s] Level 1:colcon.colcon_core.shell:create_environment_hook('robile_gazebo', 'cmake_prefix_path')
[3.590s] INFO:colcon.colcon_core.shell:Creating environment hook '/home/muni/Documents/ast/Agile-development-AST/multirob_ws/install/robile_gazebo/share/robile_gazebo/hook/cmake_prefix_path.ps1'
[3.591s] INFO:colcon.colcon_core.shell:Creating environment descriptor '/home/muni/Documents/ast/Agile-development-AST/multirob_ws/install/robile_gazebo/share/robile_gazebo/hook/cmake_prefix_path.dsv'
[3.593s] INFO:colcon.colcon_core.shell:Creating environment hook '/home/muni/Documents/ast/Agile-development-AST/multirob_ws/install/robile_gazebo/share/robile_gazebo/hook/cmake_prefix_path.sh'
[3.595s] Level 1:colcon.colcon_core.environment:checking '/home/muni/Documents/ast/Agile-development-AST/multirob_ws/install/robile_gazebo/bin'
[3.596s] Level 1:colcon.colcon_core.environment:checking '/home/muni/Documents/ast/Agile-development-AST/multirob_ws/install/robile_gazebo/lib/pkgconfig/robile_gazebo.pc'
[3.596s] Level 1:colcon.colcon_core.environment:checking '/home/muni/Documents/ast/Agile-development-AST/multirob_ws/install/robile_gazebo/lib/python3.10/site-packages'
[3.597s] Level 1:colcon.colcon_core.environment:checking '/home/muni/Documents/ast/Agile-development-AST/multirob_ws/install/robile_gazebo/bin'
[3.598s] INFO:colcon.colcon_core.shell:Creating package script '/home/muni/Documents/ast/Agile-development-AST/multirob_ws/install/robile_gazebo/share/robile_gazebo/package.ps1'
[3.599s] INFO:colcon.colcon_core.shell:Creating package descriptor '/home/muni/Documents/ast/Agile-development-AST/multirob_ws/install/robile_gazebo/share/robile_gazebo/package.dsv'
[3.602s] INFO:colcon.colcon_core.shell:Creating package script '/home/muni/Documents/ast/Agile-development-AST/multirob_ws/install/robile_gazebo/share/robile_gazebo/package.sh'
[3.603s] INFO:colcon.colcon_core.shell:Creating package script '/home/muni/Documents/ast/Agile-development-AST/multirob_ws/install/robile_gazebo/share/robile_gazebo/package.bash'
[3.606s] INFO:colcon.colcon_core.shell:Creating package script '/home/muni/Documents/ast/Agile-development-AST/multirob_ws/install/robile_gazebo/share/robile_gazebo/package.zsh'
[3.608s] Level 1:colcon.colcon_core.environment:create_file_with_runtime_dependencies(/home/muni/Documents/ast/Agile-development-AST/multirob_ws/install/robile_gazebo/share/colcon-core/packages/robile_gazebo)
[3.741s] DEBUG:colcon.colcon_core.event_handler.log_command:Invoking command in '/home/muni/Documents/ast/Agile-development-AST/multirob_ws/src/multirobot': PYTHONPATH=/home/muni/Documents/ast/Agile-development-AST/multirob_ws/build/multirobot/prefix_override:/home/muni/Documents/ast/Agile-development-AST/multirob_ws/install/multirobot/lib/python3.10/site-packages:${PYTHONPATH} /usr/bin/python3 -W ignore:setup.py install is deprecated setup.py egg_info --egg-base ../../build/multirobot build --build-base /home/muni/Documents/ast/Agile-development-AST/multirob_ws/build/multirobot/build install --record /home/muni/Documents/ast/Agile-development-AST/multirob_ws/build/multirobot/install.log --single-version-externally-managed install_data
[4.742s] Level 1:colcon.colcon_core.environment:checking '/home/muni/Documents/ast/Agile-development-AST/multirob_ws/install/multirobot' for CMake module files
[4.744s] DEBUG:colcon.colcon_core.event_handler.log_command:Invoked command in '/home/muni/Documents/ast/Agile-development-AST/multirob_ws/src/multirobot' returned '0': PYTHONPATH=/home/muni/Documents/ast/Agile-development-AST/multirob_ws/build/multirobot/prefix_override:/home/muni/Documents/ast/Agile-development-AST/multirob_ws/install/multirobot/lib/python3.10/site-packages:${PYTHONPATH} /usr/bin/python3 -W ignore:setup.py install is deprecated setup.py egg_info --egg-base ../../build/multirobot build --build-base /home/muni/Documents/ast/Agile-development-AST/multirob_ws/build/multirobot/build install --record /home/muni/Documents/ast/Agile-development-AST/multirob_ws/build/multirobot/install.log --single-version-externally-managed install_data
[4.746s] Level 1:colcon.colcon_core.environment:checking '/home/muni/Documents/ast/Agile-development-AST/multirob_ws/install/multirobot' for CMake config files
[4.749s] Level 1:colcon.colcon_core.shell:create_environment_hook('multirobot', 'cmake_prefix_path')
[4.749s] INFO:colcon.colcon_core.shell:Creating environment hook '/home/muni/Documents/ast/Agile-development-AST/multirob_ws/install/multirobot/share/multirobot/hook/cmake_prefix_path.ps1'
[4.751s] INFO:colcon.colcon_core.shell:Creating environment descriptor '/home/muni/Documents/ast/Agile-development-AST/multirob_ws/install/multirobot/share/multirobot/hook/cmake_prefix_path.dsv'
[4.752s] INFO:colcon.colcon_core.shell:Creating environment hook '/home/muni/Documents/ast/Agile-development-AST/multirob_ws/install/multirobot/share/multirobot/hook/cmake_prefix_path.sh'
[4.755s] Level 1:colcon.colcon_core.environment:checking '/home/muni/Documents/ast/Agile-development-AST/multirob_ws/install/multirobot/lib'
[4.755s] Level 1:colcon.colcon_core.environment:checking '/home/muni/Documents/ast/Agile-development-AST/multirob_ws/install/multirobot/bin'
[4.755s] Level 1:colcon.colcon_core.environment:checking '/home/muni/Documents/ast/Agile-development-AST/multirob_ws/install/multirobot/lib/pkgconfig/multirobot.pc'
[4.756s] Level 1:colcon.colcon_core.environment:checking '/home/muni/Documents/ast/Agile-development-AST/multirob_ws/install/multirobot/lib/python3.10/site-packages'
[4.756s] Level 1:colcon.colcon_core.shell:create_environment_hook('multirobot', 'pythonpath')
[4.757s] INFO:colcon.colcon_core.shell:Creating environment hook '/home/muni/Documents/ast/Agile-development-AST/multirob_ws/install/multirobot/share/multirobot/hook/pythonpath.ps1'
[4.758s] INFO:colcon.colcon_core.shell:Creating environment descriptor '/home/muni/Documents/ast/Agile-development-AST/multirob_ws/install/multirobot/share/multirobot/hook/pythonpath.dsv'
[4.760s] INFO:colcon.colcon_core.shell:Creating environment hook '/home/muni/Documents/ast/Agile-development-AST/multirob_ws/install/multirobot/share/multirobot/hook/pythonpath.sh'
[4.763s] Level 1:colcon.colcon_core.environment:checking '/home/muni/Documents/ast/Agile-development-AST/multirob_ws/install/multirobot/bin'
[4.763s] Level 1:colcon.colcon_core.environment:create_environment_scripts_only(multirobot)
[4.764s] INFO:colcon.colcon_core.shell:Creating package script '/home/muni/Documents/ast/Agile-development-AST/multirob_ws/install/multirobot/share/multirobot/package.ps1'
[4.765s] INFO:colcon.colcon_core.shell:Creating package descriptor '/home/muni/Documents/ast/Agile-development-AST/multirob_ws/install/multirobot/share/multirobot/package.dsv'
[4.767s] INFO:colcon.colcon_core.shell:Creating package script '/home/muni/Documents/ast/Agile-development-AST/multirob_ws/install/multirobot/share/multirobot/package.sh'
[4.769s] INFO:colcon.colcon_core.shell:Creating package script '/home/muni/Documents/ast/Agile-development-AST/multirob_ws/install/multirobot/share/multirobot/package.bash'
[4.771s] INFO:colcon.colcon_core.shell:Creating package script '/home/muni/Documents/ast/Agile-development-AST/multirob_ws/install/multirobot/share/multirobot/package.zsh'
[4.772s] Level 1:colcon.colcon_core.environment:create_file_with_runtime_dependencies(/home/muni/Documents/ast/Agile-development-AST/multirob_ws/install/multirobot/share/colcon-core/packages/multirobot)
[4.773s] DEBUG:colcon.colcon_parallel_executor.executor.parallel:closing loop
[4.774s] DEBUG:colcon.colcon_parallel_executor.executor.parallel:loop closed
[4.774s] DEBUG:colcon.colcon_parallel_executor.executor.parallel:run_until_complete finished with '0'
[4.774s] DEBUG:colcon.colcon_core.event_reactor:joining thread
[4.793s] INFO:colcon.colcon_core.plugin_system:Skipping extension 'colcon_notification.desktop_notification.terminal_notifier': Not used on non-Darwin systems
[4.793s] INFO:colcon.colcon_core.plugin_system:Skipping extension 'colcon_notification.desktop_notification.win32': Not used on non-Windows systems
[4.793s] INFO:colcon.colcon_notification.desktop_notification:Sending desktop notification using 'notify2'
[4.850s] DEBUG:colcon.colcon_core.event_reactor:joined thread
[4.851s] INFO:colcon.colcon_core.shell:Creating prefix script '/home/muni/Documents/ast/Agile-development-AST/multirob_ws/install/local_setup.ps1'
[4.854s] INFO:colcon.colcon_core.shell:Creating prefix util module '/home/muni/Documents/ast/Agile-development-AST/multirob_ws/install/_local_setup_util_ps1.py'
[4.861s] INFO:colcon.colcon_core.shell:Creating prefix chain script '/home/muni/Documents/ast/Agile-development-AST/multirob_ws/install/setup.ps1'
[4.867s] INFO:colcon.colcon_core.shell:Creating prefix script '/home/muni/Documents/ast/Agile-development-AST/multirob_ws/install/local_setup.sh'
[4.869s] INFO:colcon.colcon_core.shell:Creating prefix util module '/home/muni/Documents/ast/Agile-development-AST/multirob_ws/install/_local_setup_util_sh.py'
[4.871s] INFO:colcon.colcon_core.shell:Creating prefix chain script '/home/muni/Documents/ast/Agile-development-AST/multirob_ws/install/setup.sh'
[4.877s] INFO:colcon.colcon_core.shell:Creating prefix script '/home/muni/Documents/ast/Agile-development-AST/multirob_ws/install/local_setup.bash'
[4.879s] INFO:colcon.colcon_core.shell:Creating prefix chain script '/home/muni/Documents/ast/Agile-development-AST/multirob_ws/install/setup.bash'
[4.884s] INFO:colcon.colcon_core.shell:Creating prefix script '/home/muni/Documents/ast/Agile-development-AST/multirob_ws/install/local_setup.zsh'
[4.886s] INFO:colcon.colcon_core.shell:Creating prefix chain script '/home/muni/Documents/ast/Agile-development-AST/multirob_ws/install/setup.zsh'
