[0.036s] Invoking command in '/home/muni/Documents/ast/Agile-development-AST/multirob_ws/build/multirobot': CMAKE_PREFIX_PATH=${CMAKE_PREFIX_PATH}:/opt/ros/humble /usr/bin/cmake /home/muni/Documents/ast/Agile-development-AST/multirob_ws/src/multirobot -DCMAKE_INSTALL_PREFIX=/home/muni/Documents/ast/Agile-development-AST/multirob_ws/install/multirobot
[0.313s] -- The C compiler identification is GNU 11.4.0
[0.539s] -- The CXX compiler identification is GNU 11.4.0
[0.558s] -- Detecting C compiler ABI info
[0.759s] -- Detecting C compiler ABI info - done
[0.770s] -- Check for working C compiler: /usr/bin/cc - skipped
[0.773s] -- Detecting C compile features
[0.776s] -- Detecting C compile features - done
[0.782s] -- Detecting CXX compiler ABI info
[1.025s] -- Detecting CXX compiler ABI info - done
[1.055s] -- Check for working CXX compiler: /usr/bin/c++ - skipped
[1.055s] -- Detecting CXX compile features
[1.056s] -- Detecting CXX compile features - done
[1.077s] -- Found ament_cmake: 1.3.9 (/opt/ros/humble/share/ament_cmake/cmake)
[1.444s] -- Found Python3: /usr/bin/python3 (found version "3.10.12") found components: Interpreter 
[1.702s] -- Found ament_lint_auto: 0.12.11 (/opt/ros/humble/share/ament_lint_auto/cmake)
[1.895s] -- Added test 'lint_cmake' to check CMake code style
[1.899s] -- Added test 'xmllint' to check XML markup files
[1.904s] -- Configuring done
[1.911s] -- Generating done
[1.914s] -- Build files have been written to: /home/muni/Documents/ast/Agile-development-AST/multirob_ws/build/multirobot
[1.923s] Invoked command in '/home/muni/Documents/ast/Agile-development-AST/multirob_ws/build/multirobot' returned '0': CMAKE_PREFIX_PATH=${CMAKE_PREFIX_PATH}:/opt/ros/humble /usr/bin/cmake /home/muni/Documents/ast/Agile-development-AST/multirob_ws/src/multirobot -DCMAKE_INSTALL_PREFIX=/home/muni/Documents/ast/Agile-development-AST/multirob_ws/install/multirobot
[1.929s] Invoking command in '/home/muni/Documents/ast/Agile-development-AST/multirob_ws/build/multirobot': CMAKE_PREFIX_PATH=${CMAKE_PREFIX_PATH}:/opt/ros/humble /usr/bin/cmake --build /home/muni/Documents/ast/Agile-development-AST/multirob_ws/build/multirobot -- -j6 -l6
[2.017s] Invoked command in '/home/muni/Documents/ast/Agile-development-AST/multirob_ws/build/multirobot' returned '0': CMAKE_PREFIX_PATH=${CMAKE_PREFIX_PATH}:/opt/ros/humble /usr/bin/cmake --build /home/muni/Documents/ast/Agile-development-AST/multirob_ws/build/multirobot -- -j6 -l6
[2.117s] Invoking command in '/home/muni/Documents/ast/Agile-development-AST/multirob_ws/build/multirobot': CMAKE_PREFIX_PATH=${CMAKE_PREFIX_PATH}:/opt/ros/humble /usr/bin/cmake --install /home/muni/Documents/ast/Agile-development-AST/multirob_ws/build/multirobot
[2.136s] -- Install configuration: ""
[2.137s] -- Installing: /home/muni/Documents/ast/Agile-development-AST/multirob_ws/install/multirobot/share/ament_index/resource_index/package_run_dependencies/multirobot
[2.138s] -- Installing: /home/muni/Documents/ast/Agile-development-AST/multirob_ws/install/multirobot/share/ament_index/resource_index/parent_prefix_path/multirobot
[2.144s] -- Installing: /home/muni/Documents/ast/Agile-development-AST/multirob_ws/install/multirobot/share/multirobot/environment/ament_prefix_path.sh
[2.145s] -- Installing: /home/muni/Documents/ast/Agile-development-AST/multirob_ws/install/multirobot/share/multirobot/environment/ament_prefix_path.dsv
[2.147s] -- Installing: /home/muni/Documents/ast/Agile-development-AST/multirob_ws/install/multirobot/share/multirobot/environment/path.sh
[2.147s] -- Installing: /home/muni/Documents/ast/Agile-development-AST/multirob_ws/install/multirobot/share/multirobot/environment/path.dsv
[2.147s] -- Installing: /home/muni/Documents/ast/Agile-development-AST/multirob_ws/install/multirobot/share/multirobot/local_setup.bash
[2.147s] -- Installing: /home/muni/Documents/ast/Agile-development-AST/multirob_ws/install/multirobot/share/multirobot/local_setup.sh
[2.148s] -- Installing: /home/muni/Documents/ast/Agile-development-AST/multirob_ws/install/multirobot/share/multirobot/local_setup.zsh
[2.148s] -- Installing: /home/muni/Documents/ast/Agile-development-AST/multirob_ws/install/multirobot/share/multirobot/local_setup.dsv
[2.148s] -- Installing: /home/muni/Documents/ast/Agile-development-AST/multirob_ws/install/multirobot/share/multirobot/package.dsv
[2.148s] -- Installing: /home/muni/Documents/ast/Agile-development-AST/multirob_ws/install/multirobot/share/ament_index/resource_index/packages/multirobot
[2.150s] -- Installing: /home/muni/Documents/ast/Agile-development-AST/multirob_ws/install/multirobot/share/multirobot/cmake/multirobotConfig.cmake
[2.151s] -- Installing: /home/muni/Documents/ast/Agile-development-AST/multirob_ws/install/multirobot/share/multirobot/cmake/multirobotConfig-version.cmake
[2.151s] -- Installing: /home/muni/Documents/ast/Agile-development-AST/multirob_ws/install/multirobot/share/multirobot/package.xml
[2.156s] Invoked command in '/home/muni/Documents/ast/Agile-development-AST/multirob_ws/build/multirobot' returned '0': CMAKE_PREFIX_PATH=${CMAKE_PREFIX_PATH}:/opt/ros/humble /usr/bin/cmake --install /home/muni/Documents/ast/Agile-development-AST/multirob_ws/build/multirobot
