[0.025s] Invoking command in '/home/muni/Documents/ast/Agile-development-AST/multirob_ws/build/robile_gazebo': AMENT_PREFIX_PATH=/home/muni/Documents/ast/Agile-development-AST/multirob_ws/install/robile_description:${AMENT_PREFIX_PATH} CMAKE_PREFIX_PATH=/home/muni/Documents/ast/Agile-development-AST/multirob_ws/install/robile_description:/home/muni/Formula-Student-Driverless-Simulator/ros2/install/fsds_ros2_bridge:/home/muni/Formula-Student-Driverless-Simulator/ros2/install/fs_msgs:/opt/ros/humble /usr/bin/cmake /home/muni/Documents/ast/Agile-development-AST/multirob_ws/src/robile_gazebo -DCMAKE_INSTALL_PREFIX=/home/muni/Documents/ast/Agile-development-AST/multirob_ws/install/robile_gazebo
[0.213s] -- The C compiler identification is GNU 11.4.0
[0.395s] -- The CXX compiler identification is GNU 11.4.0
[0.418s] -- Detecting C compiler ABI info
[0.630s] -- Detecting C compiler ABI info - done
[0.645s] -- Check for working C compiler: /usr/bin/cc - skipped
[0.647s] -- Detecting C compile features
[0.648s] -- Detecting C compile features - done
[0.657s] -- Detecting CXX compiler ABI info
[0.899s] -- Detecting CXX compiler ABI info - done
[0.918s] -- Check for working CXX compiler: /usr/bin/c++ - skipped
[0.919s] -- Detecting CXX compile features
[0.921s] -- Detecting CXX compile features - done
[0.929s] -- Found ament_cmake: 1.3.9 (/opt/ros/humble/share/ament_cmake/cmake)
[1.311s] -- Found Python3: /usr/bin/python3 (found version "3.10.12") found components: Interpreter 
[1.567s] -- Found rclcpp: 16.0.9 (/opt/ros/humble/share/rclcpp/cmake)
[1.758s] -- Found rosidl_generator_c: 3.1.5 (/opt/ros/humble/share/rosidl_generator_c/cmake)
[1.779s] -- Found rosidl_adapter: 3.1.5 (/opt/ros/humble/share/rosidl_adapter/cmake)
[1.820s] -- Found rosidl_generator_cpp: 3.1.5 (/opt/ros/humble/share/rosidl_generator_cpp/cmake)
[1.877s] -- Using all available rosidl_typesupport_c: rosidl_typesupport_fastrtps_c;rosidl_typesupport_introspection_c
[1.956s] -- Using all available rosidl_typesupport_cpp: rosidl_typesupport_fastrtps_cpp;rosidl_typesupport_introspection_cpp
[2.204s] -- Found rmw_implementation_cmake: 6.1.2 (/opt/ros/humble/share/rmw_implementation_cmake/cmake)
[2.215s] -- Found rmw_fastrtps_cpp: 6.2.6 (/opt/ros/humble/share/rmw_fastrtps_cpp/cmake)
[2.554s] -- Found OpenSSL: /usr/lib/x86_64-linux-gnu/libcrypto.so (found version "3.0.2")  
[2.643s] -- Found FastRTPS: /opt/ros/humble/include  
[2.771s] -- Using RMW implementation 'rmw_fastrtps_cpp' as default
[2.808s] -- Looking for pthread.h
[3.042s] -- Looking for pthread.h - found
[3.045s] -- Performing Test CMAKE_HAVE_LIBC_PTHREAD
[3.260s] -- Performing Test CMAKE_HAVE_LIBC_PTHREAD - Success
[3.263s] -- Found Threads: TRUE  
[3.812s] [33mCMake Warning (dev) at /usr/share/cmake-3.22/Modules/FindPackageHandleStandardArgs.cmake:438 (message):
[3.813s]   The package name passed to `find_package_handle_standard_args` (PkgConfig)
[3.813s]   does not match the name of the calling package (gazebo).  This can lead to
[3.813s]   problems in calling code that expects `find_package` result variables
[3.813s]   (e.g., `_FOUND`) to follow a certain pattern.
[3.814s] Call Stack (most recent call first):
[3.814s]   /usr/share/cmake-3.22/Modules/FindPkgConfig.cmake:99 (find_package_handle_standard_args)
[3.815s]   /usr/lib/x86_64-linux-gnu/cmake/gazebo/gazebo-config.cmake:72 (include)
[3.815s]   CMakeLists.txt:16 (find_package)
[3.815s] This warning is for project developers.  Use -Wno-dev to suppress it.
[3.816s] [0m
[3.816s] -- Found PkgConfig: /usr/bin/pkg-config (found version "0.29.2") 
[3.817s] -- Checking for module 'bullet>=2.82'
[3.862s] --   Found bullet, version 3.05
[4.252s] -- Found fcl: /usr/include (found suitable version "0.7.0", minimum required is "0.5.0") 
[4.431s] -- Found assimp: /usr/include (found version "5.2.0") 
[4.507s] -- Found DART: /usr/include (Required is at least version "6.6") found components: dart 
[4.609s] -- Found Boost: /usr/lib/x86_64-linux-gnu/cmake/Boost-1.74.0/BoostConfig.cmake (found suitable version "1.74.0", minimum required is "1.40.0") found components: thread system filesystem program_options regex iostreams date_time 
[4.658s] -- Found Protobuf: /usr/lib/x86_64-linux-gnu/libprotobuf.so (found version "3.12.4") 
[4.679s] -- Looking for ignition-math6 -- found version 6.15.1
[4.707s] -- Searching for dependencies of ignition-math6
[4.713s] -- Looking for OGRE...
[4.714s] -- OGRE_PREFIX_WATCH changed.
[4.732s] -- Checking for module 'OGRE'
[4.779s] --   Found OGRE, version 1.9.0
[4.911s] -- Found Ogre Ghadamon (1.9.0)
[4.941s] -- Found OGRE: optimized;/usr/lib/x86_64-linux-gnu/libOgreMain.so;debug;/usr/lib/x86_64-linux-gnu/libOgreMain.so
[4.967s] -- Looking for OGRE_Paging...
[4.980s] -- Found OGRE_Paging: optimized;/usr/lib/x86_64-linux-gnu/libOgrePaging.so;debug;/usr/lib/x86_64-linux-gnu/libOgrePaging.so
[4.981s] -- Looking for OGRE_Terrain...
[4.998s] -- Found OGRE_Terrain: optimized;/usr/lib/x86_64-linux-gnu/libOgreTerrain.so;debug;/usr/lib/x86_64-linux-gnu/libOgreTerrain.so
[4.998s] -- Looking for OGRE_Property...
[5.009s] -- Found OGRE_Property: optimized;/usr/lib/x86_64-linux-gnu/libOgreProperty.so;debug;/usr/lib/x86_64-linux-gnu/libOgreProperty.so
[5.010s] -- Looking for OGRE_RTShaderSystem...
[5.024s] -- Found OGRE_RTShaderSystem: optimized;/usr/lib/x86_64-linux-gnu/libOgreRTShaderSystem.so;debug;/usr/lib/x86_64-linux-gnu/libOgreRTShaderSystem.so
[5.024s] -- Looking for OGRE_Volume...
[5.036s] -- Found OGRE_Volume: optimized;/usr/lib/x86_64-linux-gnu/libOgreVolume.so;debug;/usr/lib/x86_64-linux-gnu/libOgreVolume.so
[5.036s] -- Looking for OGRE_Overlay...
[5.051s] -- Found OGRE_Overlay: optimized;/usr/lib/x86_64-linux-gnu/libOgreOverlay.so;debug;/usr/lib/x86_64-linux-gnu/libOgreOverlay.so
[5.398s] -- Looking for ignition-math6 -- found version 6.15.1
[5.408s] -- Looking for ignition-transport8 -- found version 8.2.1
[5.410s] -- Searching for dependencies of ignition-transport8
[5.461s] -- Found Protobuf: /usr/lib/x86_64-linux-gnu/libprotobuf.so (found suitable version "3.12.4", minimum required is "3") 
[5.493s] -- Config-file not installed for ZeroMQ -- checking for pkg-config
[5.511s] -- Checking for module 'libzmq >= 4'
[5.562s] --   Found libzmq , version 4.3.4
[5.699s] -- Found ZeroMQ: TRUE (Required is at least version "4") 
[5.722s] -- Checking for module 'uuid'
[5.768s] --   Found uuid, version 2.37.2
[5.891s] -- Found UUID: TRUE  
[5.902s] -- Looking for ignition-msgs5 -- found version 5.8.1
[5.904s] -- Searching for dependencies of ignition-msgs5
[5.961s] -- Looking for ignition-math6 -- found version 6.15.1
[5.981s] -- Checking for module 'tinyxml2'
[6.026s] --   Found tinyxml2, version 9.0.0
[6.159s] -- Looking for ignition-msgs5 -- found version 5.8.1
[6.167s] -- Looking for ignition-common3 -- found version 3.14.0
[6.170s] -- Searching for dependencies of ignition-common3
[6.171s] -- Looking for dlfcn.h - found
[6.173s] -- Looking for libdl - found
[6.178s] -- Found DL: TRUE  
[6.216s] -- Found tinyobjloader: /usr/lib/x86_64-linux-gnu/cmake/tinyobjloader/tinyobjloader-config.cmake (found version "2.0.0") 
[6.219s] -- Searching for <ignition-common3> component [graphics]
[6.224s] -- Looking for ignition-common3-graphics -- found version 3.14.0
[6.225s] -- Searching for dependencies of ignition-common3-graphics
[6.225s] -- Looking for ignition-math6 -- found version 6.15.1
[6.232s] -- Looking for ignition-fuel_tools4 -- found version 4.4.0
[6.233s] -- Searching for dependencies of ignition-fuel_tools4
[6.500s] -- Found CURL: /usr/lib/x86_64-linux-gnu/libcurl.so (found version "7.81.0")  
[6.532s] -- Checking for module 'jsoncpp'
[6.582s] --   Found jsoncpp, version 1.9.5
[6.707s] -- Found JSONCPP: TRUE  
[6.738s] -- Checking for module 'libzip'
[6.780s] --   Found libzip, version 1.7.3
[6.905s] -- Found ZIP: TRUE  
[6.906s] -- Looking for ignition-common3 -- found version 3.14.0
[6.907s] -- Looking for ignition-math6 -- found version 6.15.1
[6.908s] -- Looking for ignition-msgs5 -- found version 5.8.1
[6.926s] -- Found geometry_msgs: 4.2.4 (/opt/ros/humble/share/geometry_msgs/cmake)
[7.065s] -- Found nav_msgs: 4.2.4 (/opt/ros/humble/share/nav_msgs/cmake)
[7.332s] -- Found sensor_msgs: 4.2.4 (/opt/ros/humble/share/sensor_msgs/cmake)
[7.586s] -- Found tf2: 0.25.7 (/opt/ros/humble/share/tf2/cmake)
[7.833s] -- Configuring done
[7.848s] -- Generating done
[7.854s] -- Build files have been written to: /home/muni/Documents/ast/Agile-development-AST/multirob_ws/build/robile_gazebo
[7.883s] Invoked command in '/home/muni/Documents/ast/Agile-development-AST/multirob_ws/build/robile_gazebo' returned '0': AMENT_PREFIX_PATH=/home/muni/Documents/ast/Agile-development-AST/multirob_ws/install/robile_description:${AMENT_PREFIX_PATH} CMAKE_PREFIX_PATH=/home/muni/Documents/ast/Agile-development-AST/multirob_ws/install/robile_description:/home/muni/Formula-Student-Driverless-Simulator/ros2/install/fsds_ros2_bridge:/home/muni/Formula-Student-Driverless-Simulator/ros2/install/fs_msgs:/opt/ros/humble /usr/bin/cmake /home/muni/Documents/ast/Agile-development-AST/multirob_ws/src/robile_gazebo -DCMAKE_INSTALL_PREFIX=/home/muni/Documents/ast/Agile-development-AST/multirob_ws/install/robile_gazebo
[7.889s] Invoking command in '/home/muni/Documents/ast/Agile-development-AST/multirob_ws/build/robile_gazebo': AMENT_PREFIX_PATH=/home/muni/Documents/ast/Agile-development-AST/multirob_ws/install/robile_description:${AMENT_PREFIX_PATH} CMAKE_PREFIX_PATH=/home/muni/Documents/ast/Agile-development-AST/multirob_ws/install/robile_description:/home/muni/Formula-Student-Driverless-Simulator/ros2/install/fsds_ros2_bridge:/home/muni/Formula-Student-Driverless-Simulator/ros2/install/fs_msgs:/opt/ros/humble /usr/bin/cmake --build /home/muni/Documents/ast/Agile-development-AST/multirob_ws/build/robile_gazebo -- -j6 -l6
[8.030s] Invoked command in '/home/muni/Documents/ast/Agile-development-AST/multirob_ws/build/robile_gazebo' returned '0': AMENT_PREFIX_PATH=/home/muni/Documents/ast/Agile-development-AST/multirob_ws/install/robile_description:${AMENT_PREFIX_PATH} CMAKE_PREFIX_PATH=/home/muni/Documents/ast/Agile-development-AST/multirob_ws/install/robile_description:/home/muni/Formula-Student-Driverless-Simulator/ros2/install/fsds_ros2_bridge:/home/muni/Formula-Student-Driverless-Simulator/ros2/install/fs_msgs:/opt/ros/humble /usr/bin/cmake --build /home/muni/Documents/ast/Agile-development-AST/multirob_ws/build/robile_gazebo -- -j6 -l6
[8.128s] Invoking command in '/home/muni/Documents/ast/Agile-development-AST/multirob_ws/build/robile_gazebo': AMENT_PREFIX_PATH=/home/muni/Documents/ast/Agile-development-AST/multirob_ws/install/robile_description:${AMENT_PREFIX_PATH} CMAKE_PREFIX_PATH=/home/muni/Documents/ast/Agile-development-AST/multirob_ws/install/robile_description:/home/muni/Formula-Student-Driverless-Simulator/ros2/install/fsds_ros2_bridge:/home/muni/Formula-Student-Driverless-Simulator/ros2/install/fs_msgs:/opt/ros/humble /usr/bin/cmake --install /home/muni/Documents/ast/Agile-development-AST/multirob_ws/build/robile_gazebo
[8.153s] -- Install configuration: ""
[8.154s] -- Installing: /home/muni/Documents/ast/Agile-development-AST/multirob_ws/install/robile_gazebo/share/robile_gazebo//config
[8.154s] -- Installing: /home/muni/Documents/ast/Agile-development-AST/multirob_ws/install/robile_gazebo/share/robile_gazebo//config/ros_controller
[8.155s] -- Installing: /home/muni/Documents/ast/Agile-development-AST/multirob_ws/install/robile_gazebo/share/robile_gazebo//config/ros_controller/4_wheel_config.yaml
[8.155s] -- Installing: /home/muni/Documents/ast/Agile-development-AST/multirob_ws/install/robile_gazebo/share/robile_gazebo//config/ros_controller/2_wheel_config.yaml
[8.156s] -- Installing: /home/muni/Documents/ast/Agile-development-AST/multirob_ws/install/robile_gazebo/share/robile_gazebo//config/ros_controller/6_wheel_config.yaml
[8.156s] -- Installing: /home/muni/Documents/ast/Agile-development-AST/multirob_ws/install/robile_gazebo/share/robile_gazebo//config/rviz
[8.157s] -- Installing: /home/muni/Documents/ast/Agile-development-AST/multirob_ws/install/robile_gazebo/share/robile_gazebo//config/rviz/robile.rviz
[8.157s] -- Installing: /home/muni/Documents/ast/Agile-development-AST/multirob_ws/install/robile_gazebo/share/robile_gazebo//config/doxygen
[8.158s] -- Installing: /home/muni/Documents/ast/Agile-development-AST/multirob_ws/install/robile_gazebo/share/robile_gazebo//config/doxygen/Doxyfile.in
[8.158s] -- Installing: /home/muni/Documents/ast/Agile-development-AST/multirob_ws/install/robile_gazebo/share/robile_gazebo//launch
[8.159s] -- Installing: /home/muni/Documents/ast/Agile-development-AST/multirob_ws/install/robile_gazebo/share/robile_gazebo//launch/2_wheel_platform.launch
[8.159s] -- Installing: /home/muni/Documents/ast/Agile-development-AST/multirob_ws/install/robile_gazebo/share/robile_gazebo//launch/platform_independent
[8.159s] -- Installing: /home/muni/Documents/ast/Agile-development-AST/multirob_ws/install/robile_gazebo/share/robile_gazebo//launch/platform_independent/world.launch
[8.160s] -- Installing: /home/muni/Documents/ast/Agile-development-AST/multirob_ws/install/robile_gazebo/share/robile_gazebo//launch/platform_independent/robile_gazebo.launch
[8.160s] -- Installing: /home/muni/Documents/ast/Agile-development-AST/multirob_ws/install/robile_gazebo/share/robile_gazebo//launch/6_wheel_platform.launch
[8.161s] -- Installing: /home/muni/Documents/ast/Agile-development-AST/multirob_ws/install/robile_gazebo/share/robile_gazebo//launch/gazebo_4_wheel.launch.py
[8.161s] -- Installing: /home/muni/Documents/ast/Agile-development-AST/multirob_ws/install/robile_gazebo/share/robile_gazebo//launch/4_wheel_platform.launch
[8.162s] -- Installing: /home/muni/Documents/ast/Agile-development-AST/multirob_ws/install/robile_gazebo/share/ament_index/resource_index/package_run_dependencies/robile_gazebo
[8.163s] -- Installing: /home/muni/Documents/ast/Agile-development-AST/multirob_ws/install/robile_gazebo/share/ament_index/resource_index/parent_prefix_path/robile_gazebo
[8.164s] -- Installing: /home/muni/Documents/ast/Agile-development-AST/multirob_ws/install/robile_gazebo/share/robile_gazebo/environment/ament_prefix_path.sh
[8.165s] -- Installing: /home/muni/Documents/ast/Agile-development-AST/multirob_ws/install/robile_gazebo/share/robile_gazebo/environment/ament_prefix_path.dsv
[8.166s] -- Installing: /home/muni/Documents/ast/Agile-development-AST/multirob_ws/install/robile_gazebo/share/robile_gazebo/environment/path.sh
[8.166s] -- Installing: /home/muni/Documents/ast/Agile-development-AST/multirob_ws/install/robile_gazebo/share/robile_gazebo/environment/path.dsv
[8.167s] -- Installing: /home/muni/Documents/ast/Agile-development-AST/multirob_ws/install/robile_gazebo/share/robile_gazebo/local_setup.bash
[8.168s] -- Installing: /home/muni/Documents/ast/Agile-development-AST/multirob_ws/install/robile_gazebo/share/robile_gazebo/local_setup.sh
[8.168s] -- Installing: /home/muni/Documents/ast/Agile-development-AST/multirob_ws/install/robile_gazebo/share/robile_gazebo/local_setup.zsh
[8.169s] -- Installing: /home/muni/Documents/ast/Agile-development-AST/multirob_ws/install/robile_gazebo/share/robile_gazebo/local_setup.dsv
[8.170s] -- Installing: /home/muni/Documents/ast/Agile-development-AST/multirob_ws/install/robile_gazebo/share/robile_gazebo/package.dsv
[8.170s] -- Installing: /home/muni/Documents/ast/Agile-development-AST/multirob_ws/install/robile_gazebo/share/ament_index/resource_index/packages/robile_gazebo
[8.171s] -- Installing: /home/muni/Documents/ast/Agile-development-AST/multirob_ws/install/robile_gazebo/share/robile_gazebo/cmake/ament_cmake_export_include_directories-extras.cmake
[8.172s] -- Installing: /home/muni/Documents/ast/Agile-development-AST/multirob_ws/install/robile_gazebo/share/robile_gazebo/cmake/robile_gazeboConfig.cmake
[8.172s] -- Installing: /home/muni/Documents/ast/Agile-development-AST/multirob_ws/install/robile_gazebo/share/robile_gazebo/cmake/robile_gazeboConfig-version.cmake
[8.173s] -- Installing: /home/muni/Documents/ast/Agile-development-AST/multirob_ws/install/robile_gazebo/share/robile_gazebo/package.xml
[8.177s] Invoked command in '/home/muni/Documents/ast/Agile-development-AST/multirob_ws/build/robile_gazebo' returned '0': AMENT_PREFIX_PATH=/home/muni/Documents/ast/Agile-development-AST/multirob_ws/install/robile_description:${AMENT_PREFIX_PATH} CMAKE_PREFIX_PATH=/home/muni/Documents/ast/Agile-development-AST/multirob_ws/install/robile_description:/home/muni/Formula-Student-Driverless-Simulator/ros2/install/fsds_ros2_bridge:/home/muni/Formula-Student-Driverless-Simulator/ros2/install/fs_msgs:/opt/ros/humble /usr/bin/cmake --install /home/muni/Documents/ast/Agile-development-AST/multirob_ws/build/robile_gazebo
