[1.450s] Invoking command in '/home/muni/Documents/ast/Agile-development-AST/multirob_ws/src/multirobot': PYTHONPATH=/home/muni/Documents/ast/Agile-development-AST/multirob_ws/build/multirobot/prefix_override:/home/muni/Documents/ast/Agile-development-AST/multirob_ws/install/multirobot/lib/python3.10/site-packages:${PYTHONPATH} /usr/bin/python3 -W ignore:setup.py install is deprecated setup.py egg_info --egg-base ../../build/multirobot build --build-base /home/muni/Documents/ast/Agile-development-AST/multirob_ws/build/multirobot/build install --record /home/muni/Documents/ast/Agile-development-AST/multirob_ws/build/multirobot/install.log --single-version-externally-managed install_data
[1.999s] running egg_info
[2.001s] writing ../../build/multirobot/multirobot.egg-info/PKG-INFO
[2.002s] writing dependency_links to ../../build/multirobot/multirobot.egg-info/dependency_links.txt
[2.003s] writing entry points to ../../build/multirobot/multirobot.egg-info/entry_points.txt
[2.003s] writing requirements to ../../build/multirobot/multirobot.egg-info/requires.txt
[2.004s] writing top-level names to ../../build/multirobot/multirobot.egg-info/top_level.txt
[2.008s] reading manifest file '../../build/multirobot/multirobot.egg-info/SOURCES.txt'
[2.010s] writing manifest file '../../build/multirobot/multirobot.egg-info/SOURCES.txt'
[2.011s] running build
[2.011s] running build_py
[2.012s] running install
[2.013s] running install_lib
[2.016s] running install_data
[2.017s] running install_egg_info
[2.023s] removing '/home/muni/Documents/ast/Agile-development-AST/multirob_ws/install/multirobot/lib/python3.10/site-packages/multirobot-0.0.0-py3.10.egg-info' (and everything under it)
[2.024s] Copying ../../build/multirobot/multirobot.egg-info to /home/muni/Documents/ast/Agile-development-AST/multirob_ws/install/multirobot/lib/python3.10/site-packages/multirobot-0.0.0-py3.10.egg-info
[2.026s] running install_scripts
[2.075s] writing list of installed files to '/home/muni/Documents/ast/Agile-development-AST/multirob_ws/build/multirobot/install.log'
[2.120s] Invoked command in '/home/muni/Documents/ast/Agile-development-AST/multirob_ws/src/multirobot' returned '0': PYTHONPATH=/home/muni/Documents/ast/Agile-development-AST/multirob_ws/build/multirobot/prefix_override:/home/muni/Documents/ast/Agile-development-AST/multirob_ws/install/multirobot/lib/python3.10/site-packages:${PYTHONPATH} /usr/bin/python3 -W ignore:setup.py install is deprecated setup.py egg_info --egg-base ../../build/multirobot build --build-base /home/muni/Documents/ast/Agile-development-AST/multirob_ws/build/multirobot/build install --record /home/muni/Documents/ast/Agile-development-AST/multirob_ws/build/multirobot/install.log --single-version-externally-managed install_data
