[0.076s] Invoking command in '/home/muni/Documents/ast/Agile-development-AST/multirob_ws/build/robile_description': CMAKE_PREFIX_PATH=${CMAKE_PREFIX_PATH}:/opt/ros/humble /usr/bin/cmake --build /home/muni/Documents/ast/Agile-development-AST/multirob_ws/build/robile_description -- -j6 -l6
[0.928s] Invoked command in '/home/muni/Documents/ast/Agile-development-AST/multirob_ws/build/robile_description' returned '0': CMAKE_PREFIX_PATH=${CMAKE_PREFIX_PATH}:/opt/ros/humble /usr/bin/cmake --build /home/muni/Documents/ast/Agile-development-AST/multirob_ws/build/robile_description -- -j6 -l6
[1.055s] Invoking command in '/home/muni/Documents/ast/Agile-development-AST/multirob_ws/build/robile_description': CMAKE_PREFIX_PATH=${CMAKE_PREFIX_PATH}:/opt/ros/humble /usr/bin/cmake --install /home/muni/Documents/ast/Agile-development-AST/multirob_ws/build/robile_description
[1.097s] -- Install configuration: ""
[1.100s] -- Up-to-date: /home/muni/Documents/ast/Agile-development-AST/multirob_ws/install/robile_description/share/robile_description//meshes
[1.102s] -- Up-to-date: /home/muni/Documents/ast/Agile-development-AST/multirob_ws/install/robile_description/share/robile_description//meshes/kelo_drive
[1.104s] -- Up-to-date: /home/muni/Documents/ast/Agile-development-AST/multirob_ws/install/robile_description/share/robile_description//meshes/kelo_drive/kelo_drive_wheel.dae
[1.104s] -- Up-to-date: /home/muni/Documents/ast/Agile-development-AST/multirob_ws/install/robile_description/share/robile_description//meshes/kelo_drive/kelo_drive_base.dae
[1.104s] -- Up-to-date: /home/muni/Documents/ast/Agile-development-AST/multirob_ws/install/robile_description/share/robile_description//meshes/passive_caster_wheel
[1.106s] -- Up-to-date: /home/muni/Documents/ast/Agile-development-AST/multirob_ws/install/robile_description/share/robile_description//meshes/passive_caster_wheel/pivot.dae
[1.106s] -- Up-to-date: /home/muni/Documents/ast/Agile-development-AST/multirob_ws/install/robile_description/share/robile_description//meshes/passive_caster_wheel/wheel.dae
[1.106s] -- Up-to-date: /home/muni/Documents/ast/Agile-development-AST/multirob_ws/install/robile_description/share/robile_description//meshes/sensors
[1.107s] -- Up-to-date: /home/muni/Documents/ast/Agile-development-AST/multirob_ws/install/robile_description/share/robile_description//meshes/sensors/hokuyo.dae
[1.108s] -- Up-to-date: /home/muni/Documents/ast/Agile-development-AST/multirob_ws/install/robile_description/share/robile_description//meshes/sensors/hokuyo_convex.dae
[1.109s] -- Up-to-date: /home/muni/Documents/ast/Agile-development-AST/multirob_ws/install/robile_description/share/robile_description//meshes/robile_brick_housing
[1.109s] -- Up-to-date: /home/muni/Documents/ast/Agile-development-AST/multirob_ws/install/robile_description/share/robile_description//meshes/robile_brick_housing/wheeled_brick_housing.dae
[1.109s] -- Up-to-date: /home/muni/Documents/ast/Agile-development-AST/multirob_ws/install/robile_description/share/robile_description//meshes/robile_brick_housing/lid.dae
[1.110s] -- Up-to-date: /home/muni/Documents/ast/Agile-development-AST/multirob_ws/install/robile_description/share/robile_description//meshes/robile_brick_housing/lid_cover_green.dae
[1.110s] -- Up-to-date: /home/muni/Documents/ast/Agile-development-AST/multirob_ws/install/robile_description/share/robile_description//meshes/robile_brick_housing/lid_cover_blue.dae
[1.110s] -- Up-to-date: /home/muni/Documents/ast/Agile-development-AST/multirob_ws/install/robile_description/share/robile_description//meshes/robile_brick_housing/lid_cover_yellow.dae
[1.110s] -- Up-to-date: /home/muni/Documents/ast/Agile-development-AST/multirob_ws/install/robile_description/share/robile_description//meshes/robile_brick_housing/lid_cover_red.dae
[1.111s] -- Up-to-date: /home/muni/Documents/ast/Agile-development-AST/multirob_ws/install/robile_description/share/robile_description//meshes/robile_brick_housing/general_brick_housing.dae
[1.111s] -- Up-to-date: /home/muni/Documents/ast/Agile-development-AST/multirob_ws/install/robile_description/share/robile_description//robots
[1.111s] -- Up-to-date: /home/muni/Documents/ast/Agile-development-AST/multirob_ws/install/robile_description/share/robile_description//robots/2_wheel_config.urdf.xacro
[1.112s] -- Up-to-date: /home/muni/Documents/ast/Agile-development-AST/multirob_ws/install/robile_description/share/robile_description//robots/6_wheel_config.urdf.xacro
[1.112s] -- Up-to-date: /home/muni/Documents/ast/Agile-development-AST/multirob_ws/install/robile_description/share/robile_description//robots/4_wheel_config.urdf.xacro
[1.112s] -- Up-to-date: /home/muni/Documents/ast/Agile-development-AST/multirob_ws/install/robile_description/share/robile_description//urdf
[1.112s] -- Up-to-date: /home/muni/Documents/ast/Agile-development-AST/multirob_ws/install/robile_description/share/robile_description//urdf/sensors
[1.112s] -- Up-to-date: /home/muni/Documents/ast/Agile-development-AST/multirob_ws/install/robile_description/share/robile_description//urdf/sensors/hokuyo_urg04_laser.urdf.xacro
[1.113s] -- Up-to-date: /home/muni/Documents/ast/Agile-development-AST/multirob_ws/install/robile_description/share/robile_description//urdf/sensors/hokuyo_urg04_laser.gazebo.xacro
[1.113s] -- Up-to-date: /home/muni/Documents/ast/Agile-development-AST/multirob_ws/install/robile_description/share/robile_description//urdf/robile_bricks
[1.113s] -- Up-to-date: /home/muni/Documents/ast/Agile-development-AST/multirob_ws/install/robile_description/share/robile_description//urdf/robile_bricks/robile_master_battery_brick.urdf.xacro
[1.113s] -- Up-to-date: /home/muni/Documents/ast/Agile-development-AST/multirob_ws/install/robile_description/share/robile_description//urdf/robile_bricks/robile_slave_battery_brick.urdf.xacro
[1.113s] -- Up-to-date: /home/muni/Documents/ast/Agile-development-AST/multirob_ws/install/robile_description/share/robile_description//urdf/robile_bricks/robile_active_wheel_brick.urdf.xacro
[1.113s] -- Up-to-date: /home/muni/Documents/ast/Agile-development-AST/multirob_ws/install/robile_description/share/robile_description//urdf/robile_bricks/robile_empty_brick.urdf.xacro
[1.114s] -- Up-to-date: /home/muni/Documents/ast/Agile-development-AST/multirob_ws/install/robile_description/share/robile_description//urdf/robile_bricks/robile_cpu_brick.urdf.xacro
[1.114s] -- Up-to-date: /home/muni/Documents/ast/Agile-development-AST/multirob_ws/install/robile_description/share/robile_description//urdf/robile_bricks/robile_passive_wheel_brick.urdf.xacro
[1.115s] -- Up-to-date: /home/muni/Documents/ast/Agile-development-AST/multirob_ws/install/robile_description/share/robile_description//urdf/base_macros
[1.115s] -- Up-to-date: /home/muni/Documents/ast/Agile-development-AST/multirob_ws/install/robile_description/share/robile_description//urdf/base_macros/kelo_drive_wheel.urdf.xacro
[1.116s] -- Up-to-date: /home/muni/Documents/ast/Agile-development-AST/multirob_ws/install/robile_description/share/robile_description//urdf/base_macros/common.xacro
[1.116s] -- Up-to-date: /home/muni/Documents/ast/Agile-development-AST/multirob_ws/install/robile_description/share/robile_description//urdf/base_macros/brick_housing.urdf.xacro
[1.116s] -- Up-to-date: /home/muni/Documents/ast/Agile-development-AST/multirob_ws/install/robile_description/share/robile_description//urdf/base_macros/kelo_drive.urdf.xacro
[1.117s] -- Up-to-date: /home/muni/Documents/ast/Agile-development-AST/multirob_ws/install/robile_description/share/robile_description//urdf/base_macros/materials.urdf.xacro
[1.117s] -- Up-to-date: /home/muni/Documents/ast/Agile-development-AST/multirob_ws/install/robile_description/share/robile_description//urdf/base_macros/passive_caster_wheel.urdf.xacro
[1.117s] -- Up-to-date: /home/muni/Documents/ast/Agile-development-AST/multirob_ws/install/robile_description/share/robile_description//gazebo
[1.117s] -- Up-to-date: /home/muni/Documents/ast/Agile-development-AST/multirob_ws/install/robile_description/share/robile_description//gazebo/gazebo_ros_control.xacro
[1.118s] -- Up-to-date: /home/muni/Documents/ast/Agile-development-AST/multirob_ws/install/robile_description/share/robile_description//gazebo/gazebo_robile.xacro
[1.118s] -- Up-to-date: /home/muni/Documents/ast/Agile-development-AST/multirob_ws/install/robile_description/share/robile_description//gazebo/gazebo_ros_planar_move.xacro
[1.118s] -- Up-to-date: /home/muni/Documents/ast/Agile-development-AST/multirob_ws/install/robile_description/share/robile_description//gazebo/gazebo_robile_laser_scanner.xacro
[1.118s] -- Up-to-date: /home/muni/Documents/ast/Agile-development-AST/multirob_ws/install/robile_description/share/ament_index/resource_index/package_run_dependencies/robile_description
[1.119s] -- Up-to-date: /home/muni/Documents/ast/Agile-development-AST/multirob_ws/install/robile_description/share/ament_index/resource_index/parent_prefix_path/robile_description
[1.120s] -- Up-to-date: /home/muni/Documents/ast/Agile-development-AST/multirob_ws/install/robile_description/share/robile_description/environment/ament_prefix_path.sh
[1.120s] -- Up-to-date: /home/muni/Documents/ast/Agile-development-AST/multirob_ws/install/robile_description/share/robile_description/environment/ament_prefix_path.dsv
[1.120s] -- Up-to-date: /home/muni/Documents/ast/Agile-development-AST/multirob_ws/install/robile_description/share/robile_description/environment/path.sh
[1.121s] -- Up-to-date: /home/muni/Documents/ast/Agile-development-AST/multirob_ws/install/robile_description/share/robile_description/environment/path.dsv
[1.121s] -- Up-to-date: /home/muni/Documents/ast/Agile-development-AST/multirob_ws/install/robile_description/share/robile_description/local_setup.bash
[1.121s] -- Up-to-date: /home/muni/Documents/ast/Agile-development-AST/multirob_ws/install/robile_description/share/robile_description/local_setup.sh
[1.122s] -- Up-to-date: /home/muni/Documents/ast/Agile-development-AST/multirob_ws/install/robile_description/share/robile_description/local_setup.zsh
[1.123s] -- Up-to-date: /home/muni/Documents/ast/Agile-development-AST/multirob_ws/install/robile_description/share/robile_description/local_setup.dsv
[1.124s] -- Installing: /home/muni/Documents/ast/Agile-development-AST/multirob_ws/install/robile_description/share/robile_description/package.dsv
[1.125s] -- Up-to-date: /home/muni/Documents/ast/Agile-development-AST/multirob_ws/install/robile_description/share/ament_index/resource_index/packages/robile_description
[1.126s] -- Up-to-date: /home/muni/Documents/ast/Agile-development-AST/multirob_ws/install/robile_description/share/robile_description/cmake/robile_descriptionConfig.cmake
[1.126s] -- Up-to-date: /home/muni/Documents/ast/Agile-development-AST/multirob_ws/install/robile_description/share/robile_description/cmake/robile_descriptionConfig-version.cmake
[1.126s] -- Up-to-date: /home/muni/Documents/ast/Agile-development-AST/multirob_ws/install/robile_description/share/robile_description/package.xml
[1.129s] Invoked command in '/home/muni/Documents/ast/Agile-development-AST/multirob_ws/build/robile_description' returned '0': CMAKE_PREFIX_PATH=${CMAKE_PREFIX_PATH}:/opt/ros/humble /usr/bin/cmake --install /home/muni/Documents/ast/Agile-development-AST/multirob_ws/build/robile_description
