[0.045s] Invoking command in '/home/muni/Documents/ast/Agile-development-AST/multirob_ws/build/robile_description': CMAKE_PREFIX_PATH=${CMAKE_PREFIX_PATH}:/opt/ros/humble /usr/bin/cmake /home/muni/Documents/ast/Agile-development-AST/multirob_ws/src/robile_description -DCMAKE_INSTALL_PREFIX=/home/muni/Documents/ast/Agile-development-AST/multirob_ws/install/robile_description
[0.217s] -- The C compiler identification is GNU 11.4.0
[0.398s] -- The CXX compiler identification is GNU 11.4.0
[0.421s] -- Detecting C compiler ABI info
[0.651s] -- Detecting C compiler ABI info - done
[0.664s] -- Check for working C compiler: /usr/bin/cc - skipped
[0.665s] -- Detecting C compile features
[0.666s] -- Detecting C compile features - done
[0.676s] -- Detecting CXX compiler ABI info
[0.931s] -- Detecting CXX compiler ABI info - done
[0.944s] -- Check for working CXX compiler: /usr/bin/c++ - skipped
[0.945s] -- Detecting CXX compile features
[0.948s] -- Detecting CXX compile features - done
[0.952s] -- Found ament_cmake: 1.3.9 (/opt/ros/humble/share/ament_cmake/cmake)
[1.358s] -- Found Python3: /usr/bin/python3 (found version "3.10.12") found components: Interpreter 
[1.780s] -- Configuring done
[1.787s] -- Generating done
[1.790s] -- Build files have been written to: /home/muni/Documents/ast/Agile-development-AST/multirob_ws/build/robile_description
[1.800s] Invoked command in '/home/muni/Documents/ast/Agile-development-AST/multirob_ws/build/robile_description' returned '0': CMAKE_PREFIX_PATH=${CMAKE_PREFIX_PATH}:/opt/ros/humble /usr/bin/cmake /home/muni/Documents/ast/Agile-development-AST/multirob_ws/src/robile_description -DCMAKE_INSTALL_PREFIX=/home/muni/Documents/ast/Agile-development-AST/multirob_ws/install/robile_description
[1.806s] Invoking command in '/home/muni/Documents/ast/Agile-development-AST/multirob_ws/build/robile_description': CMAKE_PREFIX_PATH=${CMAKE_PREFIX_PATH}:/opt/ros/humble /usr/bin/cmake --build /home/muni/Documents/ast/Agile-development-AST/multirob_ws/build/robile_description -- -j6 -l6
[1.918s] Invoked command in '/home/muni/Documents/ast/Agile-development-AST/multirob_ws/build/robile_description' returned '0': CMAKE_PREFIX_PATH=${CMAKE_PREFIX_PATH}:/opt/ros/humble /usr/bin/cmake --build /home/muni/Documents/ast/Agile-development-AST/multirob_ws/build/robile_description -- -j6 -l6
[2.046s] Invoking command in '/home/muni/Documents/ast/Agile-development-AST/multirob_ws/build/robile_description': CMAKE_PREFIX_PATH=${CMAKE_PREFIX_PATH}:/opt/ros/humble /usr/bin/cmake --install /home/muni/Documents/ast/Agile-development-AST/multirob_ws/build/robile_description
[2.071s] -- Install configuration: ""
[2.072s] -- Installing: /home/muni/Documents/ast/Agile-development-AST/multirob_ws/install/robile_description/share/robile_description//meshes
[2.073s] -- Installing: /home/muni/Documents/ast/Agile-development-AST/multirob_ws/install/robile_description/share/robile_description//meshes/kelo_drive
[2.074s] -- Installing: /home/muni/Documents/ast/Agile-development-AST/multirob_ws/install/robile_description/share/robile_description//meshes/kelo_drive/kelo_drive_wheel.dae
[2.074s] -- Installing: /home/muni/Documents/ast/Agile-development-AST/multirob_ws/install/robile_description/share/robile_description//meshes/kelo_drive/kelo_drive_base.dae
[2.076s] -- Installing: /home/muni/Documents/ast/Agile-development-AST/multirob_ws/install/robile_description/share/robile_description//meshes/passive_caster_wheel
[2.076s] -- Installing: /home/muni/Documents/ast/Agile-development-AST/multirob_ws/install/robile_description/share/robile_description//meshes/passive_caster_wheel/pivot.dae
[2.077s] -- Installing: /home/muni/Documents/ast/Agile-development-AST/multirob_ws/install/robile_description/share/robile_description//meshes/passive_caster_wheel/wheel.dae
[2.081s] -- Installing: /home/muni/Documents/ast/Agile-development-AST/multirob_ws/install/robile_description/share/robile_description//meshes/sensors
[2.082s] -- Installing: /home/muni/Documents/ast/Agile-development-AST/multirob_ws/install/robile_description/share/robile_description//meshes/sensors/hokuyo.dae
[2.082s] -- Installing: /home/muni/Documents/ast/Agile-development-AST/multirob_ws/install/robile_description/share/robile_description//meshes/sensors/hokuyo_convex.dae
[2.082s] -- Installing: /home/muni/Documents/ast/Agile-development-AST/multirob_ws/install/robile_description/share/robile_description//meshes/robile_brick_housing
[2.082s] -- Installing: /home/muni/Documents/ast/Agile-development-AST/multirob_ws/install/robile_description/share/robile_description//meshes/robile_brick_housing/wheeled_brick_housing.dae
[2.082s] -- Installing: /home/muni/Documents/ast/Agile-development-AST/multirob_ws/install/robile_description/share/robile_description//meshes/robile_brick_housing/lid.dae
[2.083s] -- Installing: /home/muni/Documents/ast/Agile-development-AST/multirob_ws/install/robile_description/share/robile_description//meshes/robile_brick_housing/lid_cover_green.dae
[2.084s] -- Installing: /home/muni/Documents/ast/Agile-development-AST/multirob_ws/install/robile_description/share/robile_description//meshes/robile_brick_housing/lid_cover_blue.dae
[2.085s] -- Installing: /home/muni/Documents/ast/Agile-development-AST/multirob_ws/install/robile_description/share/robile_description//meshes/robile_brick_housing/lid_cover_yellow.dae
[2.085s] -- Installing: /home/muni/Documents/ast/Agile-development-AST/multirob_ws/install/robile_description/share/robile_description//meshes/robile_brick_housing/lid_cover_red.dae
[2.086s] -- Installing: /home/muni/Documents/ast/Agile-development-AST/multirob_ws/install/robile_description/share/robile_description//meshes/robile_brick_housing/general_brick_housing.dae
[2.092s] -- Installing: /home/muni/Documents/ast/Agile-development-AST/multirob_ws/install/robile_description/share/robile_description//robots
[2.093s] -- Installing: /home/muni/Documents/ast/Agile-development-AST/multirob_ws/install/robile_description/share/robile_description//robots/2_wheel_config.urdf.xacro
[2.094s] -- Installing: /home/muni/Documents/ast/Agile-development-AST/multirob_ws/install/robile_description/share/robile_description//robots/6_wheel_config.urdf.xacro
[2.095s] -- Installing: /home/muni/Documents/ast/Agile-development-AST/multirob_ws/install/robile_description/share/robile_description//robots/4_wheel_config.urdf.xacro
[2.096s] -- Installing: /home/muni/Documents/ast/Agile-development-AST/multirob_ws/install/robile_description/share/robile_description//urdf
[2.097s] -- Installing: /home/muni/Documents/ast/Agile-development-AST/multirob_ws/install/robile_description/share/robile_description//urdf/sensors
[2.097s] -- Installing: /home/muni/Documents/ast/Agile-development-AST/multirob_ws/install/robile_description/share/robile_description//urdf/sensors/hokuyo_urg04_laser.urdf.xacro
[2.098s] -- Installing: /home/muni/Documents/ast/Agile-development-AST/multirob_ws/install/robile_description/share/robile_description//urdf/sensors/hokuyo_urg04_laser.gazebo.xacro
[2.099s] -- Installing: /home/muni/Documents/ast/Agile-development-AST/multirob_ws/install/robile_description/share/robile_description//urdf/robile_bricks
[2.099s] -- Installing: /home/muni/Documents/ast/Agile-development-AST/multirob_ws/install/robile_description/share/robile_description//urdf/robile_bricks/robile_master_battery_brick.urdf.xacro
[2.100s] -- Installing: /home/muni/Documents/ast/Agile-development-AST/multirob_ws/install/robile_description/share/robile_description//urdf/robile_bricks/robile_slave_battery_brick.urdf.xacro
[2.101s] -- Installing: /home/muni/Documents/ast/Agile-development-AST/multirob_ws/install/robile_description/share/robile_description//urdf/robile_bricks/robile_active_wheel_brick.urdf.xacro
[2.102s] -- Installing: /home/muni/Documents/ast/Agile-development-AST/multirob_ws/install/robile_description/share/robile_description//urdf/robile_bricks/robile_empty_brick.urdf.xacro
[2.102s] -- Installing: /home/muni/Documents/ast/Agile-development-AST/multirob_ws/install/robile_description/share/robile_description//urdf/robile_bricks/robile_cpu_brick.urdf.xacro
[2.103s] -- Installing: /home/muni/Documents/ast/Agile-development-AST/multirob_ws/install/robile_description/share/robile_description//urdf/robile_bricks/robile_passive_wheel_brick.urdf.xacro
[2.104s] -- Installing: /home/muni/Documents/ast/Agile-development-AST/multirob_ws/install/robile_description/share/robile_description//urdf/base_macros
[2.105s] -- Installing: /home/muni/Documents/ast/Agile-development-AST/multirob_ws/install/robile_description/share/robile_description//urdf/base_macros/kelo_drive_wheel.urdf.xacro
[2.105s] -- Installing: /home/muni/Documents/ast/Agile-development-AST/multirob_ws/install/robile_description/share/robile_description//urdf/base_macros/common.xacro
[2.106s] -- Installing: /home/muni/Documents/ast/Agile-development-AST/multirob_ws/install/robile_description/share/robile_description//urdf/base_macros/brick_housing.urdf.xacro
[2.107s] -- Installing: /home/muni/Documents/ast/Agile-development-AST/multirob_ws/install/robile_description/share/robile_description//urdf/base_macros/kelo_drive.urdf.xacro
[2.109s] -- Installing: /home/muni/Documents/ast/Agile-development-AST/multirob_ws/install/robile_description/share/robile_description//urdf/base_macros/materials.urdf.xacro
[2.109s] -- Installing: /home/muni/Documents/ast/Agile-development-AST/multirob_ws/install/robile_description/share/robile_description//urdf/base_macros/passive_caster_wheel.urdf.xacro
[2.110s] -- Installing: /home/muni/Documents/ast/Agile-development-AST/multirob_ws/install/robile_description/share/robile_description//gazebo
[2.111s] -- Installing: /home/muni/Documents/ast/Agile-development-AST/multirob_ws/install/robile_description/share/robile_description//gazebo/gazebo_ros_control.xacro
[2.112s] -- Installing: /home/muni/Documents/ast/Agile-development-AST/multirob_ws/install/robile_description/share/robile_description//gazebo/gazebo_robile.xacro
[2.113s] -- Installing: /home/muni/Documents/ast/Agile-development-AST/multirob_ws/install/robile_description/share/robile_description//gazebo/gazebo_ros_planar_move.xacro
[2.113s] -- Installing: /home/muni/Documents/ast/Agile-development-AST/multirob_ws/install/robile_description/share/robile_description//gazebo/gazebo_robile_laser_scanner.xacro
[2.114s] -- Installing: /home/muni/Documents/ast/Agile-development-AST/multirob_ws/install/robile_description/share/ament_index/resource_index/package_run_dependencies/robile_description
[2.114s] -- Installing: /home/muni/Documents/ast/Agile-development-AST/multirob_ws/install/robile_description/share/ament_index/resource_index/parent_prefix_path/robile_description
[2.115s] -- Installing: /home/muni/Documents/ast/Agile-development-AST/multirob_ws/install/robile_description/share/robile_description/environment/ament_prefix_path.sh
[2.115s] -- Installing: /home/muni/Documents/ast/Agile-development-AST/multirob_ws/install/robile_description/share/robile_description/environment/ament_prefix_path.dsv
[2.116s] -- Installing: /home/muni/Documents/ast/Agile-development-AST/multirob_ws/install/robile_description/share/robile_description/environment/path.sh
[2.116s] -- Installing: /home/muni/Documents/ast/Agile-development-AST/multirob_ws/install/robile_description/share/robile_description/environment/path.dsv
[2.117s] -- Installing: /home/muni/Documents/ast/Agile-development-AST/multirob_ws/install/robile_description/share/robile_description/local_setup.bash
[2.117s] -- Installing: /home/muni/Documents/ast/Agile-development-AST/multirob_ws/install/robile_description/share/robile_description/local_setup.sh
[2.118s] -- Installing: /home/muni/Documents/ast/Agile-development-AST/multirob_ws/install/robile_description/share/robile_description/local_setup.zsh
[2.119s] -- Installing: /home/muni/Documents/ast/Agile-development-AST/multirob_ws/install/robile_description/share/robile_description/local_setup.dsv
[2.119s] -- Installing: /home/muni/Documents/ast/Agile-development-AST/multirob_ws/install/robile_description/share/robile_description/package.dsv
[2.120s] -- Installing: /home/muni/Documents/ast/Agile-development-AST/multirob_ws/install/robile_description/share/ament_index/resource_index/packages/robile_description
[2.120s] -- Installing: /home/muni/Documents/ast/Agile-development-AST/multirob_ws/install/robile_description/share/robile_description/cmake/robile_descriptionConfig.cmake
[2.121s] -- Installing: /home/muni/Documents/ast/Agile-development-AST/multirob_ws/install/robile_description/share/robile_description/cmake/robile_descriptionConfig-version.cmake
[2.121s] -- Installing: /home/muni/Documents/ast/Agile-development-AST/multirob_ws/install/robile_description/share/robile_description/package.xml
[2.124s] Invoked command in '/home/muni/Documents/ast/Agile-development-AST/multirob_ws/build/robile_description' returned '0': CMAKE_PREFIX_PATH=${CMAKE_PREFIX_PATH}:/opt/ros/humble /usr/bin/cmake --install /home/muni/Documents/ast/Agile-development-AST/multirob_ws/build/robile_description
