[0.051s] Invoking command in '/home/muni/Documents/ast/Agile-development-AST/multirob_ws/build/robile_description': CMAKE_PREFIX_PATH=${CMAKE_PREFIX_PATH}:/opt/ros/humble /usr/bin/cmake --build /home/muni/Documents/ast/Agile-development-AST/multirob_ws/build/robile_description -- -j6 -l6
[0.843s] Invoked command in '/home/muni/Documents/ast/Agile-development-AST/multirob_ws/build/robile_description' returned '0': CMAKE_PREFIX_PATH=${CMAKE_PREFIX_PATH}:/opt/ros/humble /usr/bin/cmake --build /home/muni/Documents/ast/Agile-development-AST/multirob_ws/build/robile_description -- -j6 -l6
[0.950s] Invoking command in '/home/muni/Documents/ast/Agile-development-AST/multirob_ws/build/robile_description': CMAKE_PREFIX_PATH=${CMAKE_PREFIX_PATH}:/opt/ros/humble /usr/bin/cmake --install /home/muni/Documents/ast/Agile-development-AST/multirob_ws/build/robile_description
[0.970s] -- Install configuration: ""
[0.975s] -- Up-to-date: /home/muni/Documents/ast/Agile-development-AST/multirob_ws/install/robile_description/share/robile_description//meshes
[0.976s] -- Up-to-date: /home/muni/Documents/ast/Agile-development-AST/multirob_ws/install/robile_description/share/robile_description//meshes/kelo_drive
[0.978s] -- Up-to-date: /home/muni/Documents/ast/Agile-development-AST/multirob_ws/install/robile_description/share/robile_description//meshes/kelo_drive/kelo_drive_wheel.dae
[0.978s] -- Up-to-date: /home/muni/Documents/ast/Agile-development-AST/multirob_ws/install/robile_description/share/robile_description//meshes/kelo_drive/kelo_drive_base.dae
[0.978s] -- Up-to-date: /home/muni/Documents/ast/Agile-development-AST/multirob_ws/install/robile_description/share/robile_description//meshes/passive_caster_wheel
[0.979s] -- Up-to-date: /home/muni/Documents/ast/Agile-development-AST/multirob_ws/install/robile_description/share/robile_description//meshes/passive_caster_wheel/pivot.dae
[0.979s] -- Up-to-date: /home/muni/Documents/ast/Agile-development-AST/multirob_ws/install/robile_description/share/robile_description//meshes/passive_caster_wheel/wheel.dae
[0.979s] -- Up-to-date: /home/muni/Documents/ast/Agile-development-AST/multirob_ws/install/robile_description/share/robile_description//meshes/sensors
[0.980s] -- Up-to-date: /home/muni/Documents/ast/Agile-development-AST/multirob_ws/install/robile_description/share/robile_description//meshes/sensors/hokuyo.dae
[0.980s] -- Up-to-date: /home/muni/Documents/ast/Agile-development-AST/multirob_ws/install/robile_description/share/robile_description//meshes/sensors/hokuyo_convex.dae
[0.980s] -- Up-to-date: /home/muni/Documents/ast/Agile-development-AST/multirob_ws/install/robile_description/share/robile_description//meshes/robile_brick_housing
[0.981s] -- Up-to-date: /home/muni/Documents/ast/Agile-development-AST/multirob_ws/install/robile_description/share/robile_description//meshes/robile_brick_housing/wheeled_brick_housing.dae
[0.981s] -- Up-to-date: /home/muni/Documents/ast/Agile-development-AST/multirob_ws/install/robile_description/share/robile_description//meshes/robile_brick_housing/lid.dae
[0.982s] -- Up-to-date: /home/muni/Documents/ast/Agile-development-AST/multirob_ws/install/robile_description/share/robile_description//meshes/robile_brick_housing/lid_cover_green.dae
[0.982s] -- Up-to-date: /home/muni/Documents/ast/Agile-development-AST/multirob_ws/install/robile_description/share/robile_description//meshes/robile_brick_housing/lid_cover_blue.dae
[0.982s] -- Up-to-date: /home/muni/Documents/ast/Agile-development-AST/multirob_ws/install/robile_description/share/robile_description//meshes/robile_brick_housing/lid_cover_yellow.dae
[0.983s] -- Up-to-date: /home/muni/Documents/ast/Agile-development-AST/multirob_ws/install/robile_description/share/robile_description//meshes/robile_brick_housing/lid_cover_red.dae
[0.983s] -- Up-to-date: /home/muni/Documents/ast/Agile-development-AST/multirob_ws/install/robile_description/share/robile_description//meshes/robile_brick_housing/general_brick_housing.dae
[0.983s] -- Up-to-date: /home/muni/Documents/ast/Agile-development-AST/multirob_ws/install/robile_description/share/robile_description//robots
[0.984s] -- Up-to-date: /home/muni/Documents/ast/Agile-development-AST/multirob_ws/install/robile_description/share/robile_description//robots/2_wheel_config.urdf.xacro
[0.984s] -- Up-to-date: /home/muni/Documents/ast/Agile-development-AST/multirob_ws/install/robile_description/share/robile_description//robots/6_wheel_config.urdf.xacro
[0.984s] -- Up-to-date: /home/muni/Documents/ast/Agile-development-AST/multirob_ws/install/robile_description/share/robile_description//robots/4_wheel_config.urdf.xacro
[0.985s] -- Up-to-date: /home/muni/Documents/ast/Agile-development-AST/multirob_ws/install/robile_description/share/robile_description//urdf
[0.985s] -- Up-to-date: /home/muni/Documents/ast/Agile-development-AST/multirob_ws/install/robile_description/share/robile_description//urdf/sensors
[0.985s] -- Up-to-date: /home/muni/Documents/ast/Agile-development-AST/multirob_ws/install/robile_description/share/robile_description//urdf/sensors/hokuyo_urg04_laser.urdf.xacro
[0.986s] -- Up-to-date: /home/muni/Documents/ast/Agile-development-AST/multirob_ws/install/robile_description/share/robile_description//urdf/sensors/hokuyo_urg04_laser.gazebo.xacro
[0.986s] -- Up-to-date: /home/muni/Documents/ast/Agile-development-AST/multirob_ws/install/robile_description/share/robile_description//urdf/robile_bricks
[0.986s] -- Up-to-date: /home/muni/Documents/ast/Agile-development-AST/multirob_ws/install/robile_description/share/robile_description//urdf/robile_bricks/robile_master_battery_brick.urdf.xacro
[0.987s] -- Up-to-date: /home/muni/Documents/ast/Agile-development-AST/multirob_ws/install/robile_description/share/robile_description//urdf/robile_bricks/robile_slave_battery_brick.urdf.xacro
[0.987s] -- Up-to-date: /home/muni/Documents/ast/Agile-development-AST/multirob_ws/install/robile_description/share/robile_description//urdf/robile_bricks/robile_active_wheel_brick.urdf.xacro
[0.987s] -- Up-to-date: /home/muni/Documents/ast/Agile-development-AST/multirob_ws/install/robile_description/share/robile_description//urdf/robile_bricks/robile_empty_brick.urdf.xacro
[0.987s] -- Up-to-date: /home/muni/Documents/ast/Agile-development-AST/multirob_ws/install/robile_description/share/robile_description//urdf/robile_bricks/robile_cpu_brick.urdf.xacro
[0.988s] -- Up-to-date: /home/muni/Documents/ast/Agile-development-AST/multirob_ws/install/robile_description/share/robile_description//urdf/robile_bricks/robile_passive_wheel_brick.urdf.xacro
[0.988s] -- Up-to-date: /home/muni/Documents/ast/Agile-development-AST/multirob_ws/install/robile_description/share/robile_description//urdf/base_macros
[0.989s] -- Up-to-date: /home/muni/Documents/ast/Agile-development-AST/multirob_ws/install/robile_description/share/robile_description//urdf/base_macros/kelo_drive_wheel.urdf.xacro
[0.989s] -- Up-to-date: /home/muni/Documents/ast/Agile-development-AST/multirob_ws/install/robile_description/share/robile_description//urdf/base_macros/common.xacro
[0.989s] -- Up-to-date: /home/muni/Documents/ast/Agile-development-AST/multirob_ws/install/robile_description/share/robile_description//urdf/base_macros/brick_housing.urdf.xacro
[0.989s] -- Up-to-date: /home/muni/Documents/ast/Agile-development-AST/multirob_ws/install/robile_description/share/robile_description//urdf/base_macros/kelo_drive.urdf.xacro
[0.989s] -- Up-to-date: /home/muni/Documents/ast/Agile-development-AST/multirob_ws/install/robile_description/share/robile_description//urdf/base_macros/materials.urdf.xacro
[0.989s] -- Up-to-date: /home/muni/Documents/ast/Agile-development-AST/multirob_ws/install/robile_description/share/robile_description//urdf/base_macros/passive_caster_wheel.urdf.xacro
[0.989s] -- Up-to-date: /home/muni/Documents/ast/Agile-development-AST/multirob_ws/install/robile_description/share/robile_description//gazebo
[0.991s] -- Up-to-date: /home/muni/Documents/ast/Agile-development-AST/multirob_ws/install/robile_description/share/robile_description//gazebo/gazebo_ros_control.xacro
[0.991s] -- Up-to-date: /home/muni/Documents/ast/Agile-development-AST/multirob_ws/install/robile_description/share/robile_description//gazebo/gazebo_robile.xacro
[0.991s] -- Up-to-date: /home/muni/Documents/ast/Agile-development-AST/multirob_ws/install/robile_description/share/robile_description//gazebo/gazebo_ros_planar_move.xacro
[0.991s] -- Up-to-date: /home/muni/Documents/ast/Agile-development-AST/multirob_ws/install/robile_description/share/robile_description//gazebo/gazebo_robile_laser_scanner.xacro
[0.994s] -- Up-to-date: /home/muni/Documents/ast/Agile-development-AST/multirob_ws/install/robile_description/share/ament_index/resource_index/package_run_dependencies/robile_description
[0.995s] -- Up-to-date: /home/muni/Documents/ast/Agile-development-AST/multirob_ws/install/robile_description/share/ament_index/resource_index/parent_prefix_path/robile_description
[0.996s] -- Up-to-date: /home/muni/Documents/ast/Agile-development-AST/multirob_ws/install/robile_description/share/robile_description/environment/ament_prefix_path.sh
[0.997s] -- Up-to-date: /home/muni/Documents/ast/Agile-development-AST/multirob_ws/install/robile_description/share/robile_description/environment/ament_prefix_path.dsv
[0.998s] -- Up-to-date: /home/muni/Documents/ast/Agile-development-AST/multirob_ws/install/robile_description/share/robile_description/environment/path.sh
[0.998s] -- Up-to-date: /home/muni/Documents/ast/Agile-development-AST/multirob_ws/install/robile_description/share/robile_description/environment/path.dsv
[0.999s] -- Up-to-date: /home/muni/Documents/ast/Agile-development-AST/multirob_ws/install/robile_description/share/robile_description/local_setup.bash
[0.999s] -- Up-to-date: /home/muni/Documents/ast/Agile-development-AST/multirob_ws/install/robile_description/share/robile_description/local_setup.sh
[0.999s] -- Up-to-date: /home/muni/Documents/ast/Agile-development-AST/multirob_ws/install/robile_description/share/robile_description/local_setup.zsh
[1.000s] -- Up-to-date: /home/muni/Documents/ast/Agile-development-AST/multirob_ws/install/robile_description/share/robile_description/local_setup.dsv
[1.000s] -- Up-to-date: /home/muni/Documents/ast/Agile-development-AST/multirob_ws/install/robile_description/share/robile_description/package.dsv
[1.000s] -- Up-to-date: /home/muni/Documents/ast/Agile-development-AST/multirob_ws/install/robile_description/share/ament_index/resource_index/packages/robile_description
[1.000s] -- Up-to-date: /home/muni/Documents/ast/Agile-development-AST/multirob_ws/install/robile_description/share/robile_description/cmake/robile_descriptionConfig.cmake
[1.000s] -- Up-to-date: /home/muni/Documents/ast/Agile-development-AST/multirob_ws/install/robile_description/share/robile_description/cmake/robile_descriptionConfig-version.cmake
[1.001s] -- Up-to-date: /home/muni/Documents/ast/Agile-development-AST/multirob_ws/install/robile_description/share/robile_description/package.xml
[1.005s] Invoked command in '/home/muni/Documents/ast/Agile-development-AST/multirob_ws/build/robile_description' returned '0': CMAKE_PREFIX_PATH=${CMAKE_PREFIX_PATH}:/opt/ros/humble /usr/bin/cmake --install /home/muni/Documents/ast/Agile-development-AST/multirob_ws/build/robile_description
