running egg_info
creating ../../build/multirobot/multirobot.egg-info
writing ../../build/multirobot/multirobot.egg-info/PKG-INFO
writing dependency_links to ../../build/multirobot/multirobot.egg-info/dependency_links.txt
writing entry points to ../../build/multirobot/multirobot.egg-info/entry_points.txt
writing requirements to ../../build/multirobot/multirobot.egg-info/requires.txt
writing top-level names to ../../build/multirobot/multirobot.egg-info/top_level.txt
writing manifest file '../../build/multirobot/multirobot.egg-info/SOURCES.txt'
reading manifest file '../../build/multirobot/multirobot.egg-info/SOURCES.txt'
writing manifest file '../../build/multirobot/multirobot.egg-info/SOURCES.txt'
running build
running build_py
creating /home/muni/Documents/ast/Agile-development-AST/multirob_ws/build/multirobot/build
creating /home/muni/Documents/ast/Agile-development-AST/multirob_ws/build/multirobot/build/lib
creating /home/muni/Documents/ast/Agile-development-AST/multirob_ws/build/multirobot/build/lib/multirobot
copying multirobot/__init__.py -> /home/muni/Documents/ast/Agile-development-AST/multirob_ws/build/multirobot/build/lib/multirobot
running install
running install_lib
creating /home/muni/Documents/ast/Agile-development-AST/multirob_ws/install/multirobot/lib/python3.10/site-packages/multirobot
copying /home/muni/Documents/ast/Agile-development-AST/multirob_ws/build/multirobot/build/lib/multirobot/__init__.py -> /home/muni/Documents/ast/Agile-development-AST/multirob_ws/install/multirobot/lib/python3.10/site-packages/multirobot
byte-compiling /home/muni/Documents/ast/Agile-development-AST/multirob_ws/install/multirobot/lib/python3.10/site-packages/multirobot/__init__.py to __init__.cpython-310.pyc
running install_data
copying resource/multirobot -> /home/muni/Documents/ast/Agile-development-AST/multirob_ws/install/multirobot/share/ament_index/resource_index/packages
copying package.xml -> /home/muni/Documents/ast/Agile-development-AST/multirob_ws/install/multirobot/share/multirobot
running install_egg_info
Copying ../../build/multirobot/multirobot.egg-info to /home/muni/Documents/ast/Agile-development-AST/multirob_ws/install/multirobot/lib/python3.10/site-packages/multirobot-0.0.0-py3.10.egg-info
running install_scripts
writing list of installed files to '/home/muni/Documents/ast/Agile-development-AST/multirob_ws/build/multirobot/install.log'
