[1.511s] Invoking command in '/home/muni/Documents/ast/Agile-development-AST/multirob_ws/src/multirobot': PYTHONPATH=/home/muni/Documents/ast/Agile-development-AST/multirob_ws/build/multirobot/prefix_override:/home/muni/Documents/ast/Agile-development-AST/multirob_ws/install/multirobot/lib/python3.10/site-packages:${PYTHONPATH} /usr/bin/python3 -W ignore:setup.py install is deprecated setup.py egg_info --egg-base ../../build/multirobot build --build-base /home/muni/Documents/ast/Agile-development-AST/multirob_ws/build/multirobot/build install --record /home/muni/Documents/ast/Agile-development-AST/multirob_ws/build/multirobot/install.log --single-version-externally-managed install_data
[2.161s] running egg_info
[2.162s] creating ../../build/multirobot/multirobot.egg-info
[2.162s] writing ../../build/multirobot/multirobot.egg-info/PKG-INFO
[2.162s] writing dependency_links to ../../build/multirobot/multirobot.egg-info/dependency_links.txt
[2.163s] writing entry points to ../../build/multirobot/multirobot.egg-info/entry_points.txt
[2.163s] writing requirements to ../../build/multirobot/multirobot.egg-info/requires.txt
[2.164s] writing top-level names to ../../build/multirobot/multirobot.egg-info/top_level.txt
[2.164s] writing manifest file '../../build/multirobot/multirobot.egg-info/SOURCES.txt'
[2.168s] reading manifest file '../../build/multirobot/multirobot.egg-info/SOURCES.txt'
[2.170s] writing manifest file '../../build/multirobot/multirobot.egg-info/SOURCES.txt'
[2.170s] running build
[2.171s] running build_py
[2.171s] creating /home/muni/Documents/ast/Agile-development-AST/multirob_ws/build/multirobot/build
[2.172s] creating /home/muni/Documents/ast/Agile-development-AST/multirob_ws/build/multirobot/build/lib
[2.172s] creating /home/muni/Documents/ast/Agile-development-AST/multirob_ws/build/multirobot/build/lib/multirobot
[2.172s] copying multirobot/__init__.py -> /home/muni/Documents/ast/Agile-development-AST/multirob_ws/build/multirobot/build/lib/multirobot
[2.173s] running install
[2.174s] running install_lib
[2.176s] creating /home/muni/Documents/ast/Agile-development-AST/multirob_ws/install/multirobot/lib/python3.10/site-packages/multirobot
[2.176s] copying /home/muni/Documents/ast/Agile-development-AST/multirob_ws/build/multirobot/build/lib/multirobot/__init__.py -> /home/muni/Documents/ast/Agile-development-AST/multirob_ws/install/multirobot/lib/python3.10/site-packages/multirobot
[2.177s] byte-compiling /home/muni/Documents/ast/Agile-development-AST/multirob_ws/install/multirobot/lib/python3.10/site-packages/multirobot/__init__.py to __init__.cpython-310.pyc
[2.178s] running install_data
[2.179s] copying resource/multirobot -> /home/muni/Documents/ast/Agile-development-AST/multirob_ws/install/multirobot/share/ament_index/resource_index/packages
[2.179s] copying package.xml -> /home/muni/Documents/ast/Agile-development-AST/multirob_ws/install/multirobot/share/multirobot
[2.180s] running install_egg_info
[2.184s] Copying ../../build/multirobot/multirobot.egg-info to /home/muni/Documents/ast/Agile-development-AST/multirob_ws/install/multirobot/lib/python3.10/site-packages/multirobot-0.0.0-py3.10.egg-info
[2.187s] running install_scripts
[2.233s] writing list of installed files to '/home/muni/Documents/ast/Agile-development-AST/multirob_ws/build/multirobot/install.log'
[2.269s] Invoked command in '/home/muni/Documents/ast/Agile-development-AST/multirob_ws/src/multirobot' returned '0': PYTHONPATH=/home/muni/Documents/ast/Agile-development-AST/multirob_ws/build/multirobot/prefix_override:/home/muni/Documents/ast/Agile-development-AST/multirob_ws/install/multirobot/lib/python3.10/site-packages:${PYTHONPATH} /usr/bin/python3 -W ignore:setup.py install is deprecated setup.py egg_info --egg-base ../../build/multirobot build --build-base /home/muni/Documents/ast/Agile-development-AST/multirob_ws/build/multirobot/build install --record /home/muni/Documents/ast/Agile-development-AST/multirob_ws/build/multirobot/install.log --single-version-externally-managed install_data
