[1.841s] Invoking command in '/home/muni/Documents/ast/Agile-development-AST/multirob_ws/src/multirobot': PYTHONPATH=/home/muni/Documents/ast/Agile-development-AST/multirob_ws/build/multirobot/prefix_override:/home/muni/Documents/ast/Agile-development-AST/multirob_ws/install/multirobot/lib/python3.10/site-packages:${PYTHONPATH} /usr/bin/python3 -W ignore:setup.py install is deprecated setup.py egg_info --egg-base ../../build/multirobot build --build-base /home/muni/Documents/ast/Agile-development-AST/multirob_ws/build/multirobot/build install --record /home/muni/Documents/ast/Agile-development-AST/multirob_ws/build/multirobot/install.log --single-version-externally-managed install_data
[2.480s] running egg_info
[2.482s] writing ../../build/multirobot/multirobot.egg-info/PKG-INFO
[2.483s] writing dependency_links to ../../build/multirobot/multirobot.egg-info/dependency_links.txt
[2.484s] writing entry points to ../../build/multirobot/multirobot.egg-info/entry_points.txt
[2.484s] writing requirements to ../../build/multirobot/multirobot.egg-info/requires.txt
[2.484s] writing top-level names to ../../build/multirobot/multirobot.egg-info/top_level.txt
[2.489s] reading manifest file '../../build/multirobot/multirobot.egg-info/SOURCES.txt'
[2.492s] writing manifest file '../../build/multirobot/multirobot.egg-info/SOURCES.txt'
[2.493s] running build
[2.493s] running build_py
[2.494s] running install
[2.494s] running install_lib
[2.497s] running install_data
[2.497s] running install_egg_info
[2.501s] removing '/home/muni/Documents/ast/Agile-development-AST/multirob_ws/install/multirobot/lib/python3.10/site-packages/multirobot-0.0.0-py3.10.egg-info' (and everything under it)
[2.502s] Copying ../../build/multirobot/multirobot.egg-info to /home/muni/Documents/ast/Agile-development-AST/multirob_ws/install/multirobot/lib/python3.10/site-packages/multirobot-0.0.0-py3.10.egg-info
[2.505s] running install_scripts
[2.564s] writing list of installed files to '/home/muni/Documents/ast/Agile-development-AST/multirob_ws/build/multirobot/install.log'
[2.614s] Invoked command in '/home/muni/Documents/ast/Agile-development-AST/multirob_ws/src/multirobot' returned '0': PYTHONPATH=/home/muni/Documents/ast/Agile-development-AST/multirob_ws/build/multirobot/prefix_override:/home/muni/Documents/ast/Agile-development-AST/multirob_ws/install/multirobot/lib/python3.10/site-packages:${PYTHONPATH} /usr/bin/python3 -W ignore:setup.py install is deprecated setup.py egg_info --egg-base ../../build/multirobot build --build-base /home/muni/Documents/ast/Agile-development-AST/multirob_ws/build/multirobot/build install --record /home/muni/Documents/ast/Agile-development-AST/multirob_ws/build/multirobot/install.log --single-version-externally-managed install_data
