[2.385s] Invoking command in '/home/muni/Documents/ast/Agile-development-AST/multirob_ws/src/multirobot': PYTHONPATH=/home/muni/Documents/ast/Agile-development-AST/multirob_ws/build/multirobot/prefix_override:/home/muni/Documents/ast/Agile-development-AST/multirob_ws/install/multirobot/lib/python3.10/site-packages:${PYTHONPATH} /usr/bin/python3 -W ignore:setup.py install is deprecated setup.py egg_info --egg-base ../../build/multirobot build --build-base /home/muni/Documents/ast/Agile-development-AST/multirob_ws/build/multirobot/build install --record /home/muni/Documents/ast/Agile-development-AST/multirob_ws/build/multirobot/install.log --single-version-externally-managed install_data
[3.233s] running egg_info
[3.236s] writing ../../build/multirobot/multirobot.egg-info/PKG-INFO
[3.238s] writing dependency_links to ../../build/multirobot/multirobot.egg-info/dependency_links.txt
[3.240s] writing entry points to ../../build/multirobot/multirobot.egg-info/entry_points.txt
[3.241s] writing requirements to ../../build/multirobot/multirobot.egg-info/requires.txt
[3.241s] writing top-level names to ../../build/multirobot/multirobot.egg-info/top_level.txt
[3.247s] reading manifest file '../../build/multirobot/multirobot.egg-info/SOURCES.txt'
[3.251s] writing manifest file '../../build/multirobot/multirobot.egg-info/SOURCES.txt'
[3.251s] running build
[3.251s] running build_py
[3.253s] copying multirobot/launch_robile.launch.py -> /home/muni/Documents/ast/Agile-development-AST/multirob_ws/build/multirobot/build/lib/multirobot
[3.257s] running install
[3.257s] running install_lib
[3.260s] copying /home/muni/Documents/ast/Agile-development-AST/multirob_ws/build/multirobot/build/lib/multirobot/launch_robile.launch.py -> /home/muni/Documents/ast/Agile-development-AST/multirob_ws/install/multirobot/lib/python3.10/site-packages/multirobot
[3.260s] byte-compiling /home/muni/Documents/ast/Agile-development-AST/multirob_ws/install/multirobot/lib/python3.10/site-packages/multirobot/launch_robile.launch.py to launch_robile.launch.cpython-310.pyc
[3.263s] running install_data
[3.263s] running install_egg_info
[3.267s] removing '/home/muni/Documents/ast/Agile-development-AST/multirob_ws/install/multirobot/lib/python3.10/site-packages/multirobot-0.0.0-py3.10.egg-info' (and everything under it)
[3.269s] Copying ../../build/multirobot/multirobot.egg-info to /home/muni/Documents/ast/Agile-development-AST/multirob_ws/install/multirobot/lib/python3.10/site-packages/multirobot-0.0.0-py3.10.egg-info
[3.274s] running install_scripts
[3.334s] writing list of installed files to '/home/muni/Documents/ast/Agile-development-AST/multirob_ws/build/multirobot/install.log'
[3.388s] Invoked command in '/home/muni/Documents/ast/Agile-development-AST/multirob_ws/src/multirobot' returned '0': PYTHONPATH=/home/muni/Documents/ast/Agile-development-AST/multirob_ws/build/multirobot/prefix_override:/home/muni/Documents/ast/Agile-development-AST/multirob_ws/install/multirobot/lib/python3.10/site-packages:${PYTHONPATH} /usr/bin/python3 -W ignore:setup.py install is deprecated setup.py egg_info --egg-base ../../build/multirobot build --build-base /home/muni/Documents/ast/Agile-development-AST/multirob_ws/build/multirobot/build install --record /home/muni/Documents/ast/Agile-development-AST/multirob_ws/build/multirobot/install.log --single-version-externally-managed install_data
