[0.076s] Invoking command in '/home/muni/Documents/ast/Agile-development-AST/multirob_ws/build/robile_description': CMAKE_PREFIX_PATH=${CMAKE_PREFIX_PATH}:/opt/ros/humble /usr/bin/cmake --build /home/muni/Documents/ast/Agile-development-AST/multirob_ws/build/robile_description -- -j6 -l6
[0.972s] Invoked command in '/home/muni/Documents/ast/Agile-development-AST/multirob_ws/build/robile_description' returned '0': CMAKE_PREFIX_PATH=${CMAKE_PREFIX_PATH}:/opt/ros/humble /usr/bin/cmake --build /home/muni/Documents/ast/Agile-development-AST/multirob_ws/build/robile_description -- -j6 -l6
[1.153s] Invoking command in '/home/muni/Documents/ast/Agile-development-AST/multirob_ws/build/robile_description': CMAKE_PREFIX_PATH=${CMAKE_PREFIX_PATH}:/opt/ros/humble /usr/bin/cmake --install /home/muni/Documents/ast/Agile-development-AST/multirob_ws/build/robile_description
[1.175s] -- Install configuration: ""
[1.175s] -- Up-to-date: /home/muni/Documents/ast/Agile-development-AST/multirob_ws/install/robile_description/share/robile_description//meshes
[1.176s] -- Up-to-date: /home/muni/Documents/ast/Agile-development-AST/multirob_ws/install/robile_description/share/robile_description//meshes/kelo_drive
[1.177s] -- Up-to-date: /home/muni/Documents/ast/Agile-development-AST/multirob_ws/install/robile_description/share/robile_description//meshes/kelo_drive/kelo_drive_wheel.dae
[1.178s] -- Up-to-date: /home/muni/Documents/ast/Agile-development-AST/multirob_ws/install/robile_description/share/robile_description//meshes/kelo_drive/kelo_drive_base.dae
[1.178s] -- Up-to-date: /home/muni/Documents/ast/Agile-development-AST/multirob_ws/install/robile_description/share/robile_description//meshes/passive_caster_wheel
[1.178s] -- Up-to-date: /home/muni/Documents/ast/Agile-development-AST/multirob_ws/install/robile_description/share/robile_description//meshes/passive_caster_wheel/pivot.dae
[1.178s] -- Up-to-date: /home/muni/Documents/ast/Agile-development-AST/multirob_ws/install/robile_description/share/robile_description//meshes/passive_caster_wheel/wheel.dae
[1.179s] -- Up-to-date: /home/muni/Documents/ast/Agile-development-AST/multirob_ws/install/robile_description/share/robile_description//meshes/sensors
[1.179s] -- Up-to-date: /home/muni/Documents/ast/Agile-development-AST/multirob_ws/install/robile_description/share/robile_description//meshes/sensors/hokuyo.dae
[1.180s] -- Up-to-date: /home/muni/Documents/ast/Agile-development-AST/multirob_ws/install/robile_description/share/robile_description//meshes/sensors/hokuyo_convex.dae
[1.180s] -- Up-to-date: /home/muni/Documents/ast/Agile-development-AST/multirob_ws/install/robile_description/share/robile_description//meshes/robile_brick_housing
[1.181s] -- Up-to-date: /home/muni/Documents/ast/Agile-development-AST/multirob_ws/install/robile_description/share/robile_description//meshes/robile_brick_housing/wheeled_brick_housing.dae
[1.181s] -- Up-to-date: /home/muni/Documents/ast/Agile-development-AST/multirob_ws/install/robile_description/share/robile_description//meshes/robile_brick_housing/lid.dae
[1.182s] -- Up-to-date: /home/muni/Documents/ast/Agile-development-AST/multirob_ws/install/robile_description/share/robile_description//meshes/robile_brick_housing/lid_cover_green.dae
[1.182s] -- Up-to-date: /home/muni/Documents/ast/Agile-development-AST/multirob_ws/install/robile_description/share/robile_description//meshes/robile_brick_housing/lid_cover_blue.dae
[1.183s] -- Up-to-date: /home/muni/Documents/ast/Agile-development-AST/multirob_ws/install/robile_description/share/robile_description//meshes/robile_brick_housing/lid_cover_yellow.dae
[1.183s] -- Up-to-date: /home/muni/Documents/ast/Agile-development-AST/multirob_ws/install/robile_description/share/robile_description//meshes/robile_brick_housing/lid_cover_red.dae
[1.184s] -- Up-to-date: /home/muni/Documents/ast/Agile-development-AST/multirob_ws/install/robile_description/share/robile_description//meshes/robile_brick_housing/general_brick_housing.dae
[1.185s] -- Up-to-date: /home/muni/Documents/ast/Agile-development-AST/multirob_ws/install/robile_description/share/robile_description//robots
[1.185s] -- Up-to-date: /home/muni/Documents/ast/Agile-development-AST/multirob_ws/install/robile_description/share/robile_description//robots/2_wheel_config.urdf.xacro
[1.186s] -- Up-to-date: /home/muni/Documents/ast/Agile-development-AST/multirob_ws/install/robile_description/share/robile_description//robots/6_wheel_config.urdf.xacro
[1.186s] -- Up-to-date: /home/muni/Documents/ast/Agile-development-AST/multirob_ws/install/robile_description/share/robile_description//robots/4_wheel_config.urdf.xacro
[1.187s] -- Up-to-date: /home/muni/Documents/ast/Agile-development-AST/multirob_ws/install/robile_description/share/robile_description//urdf
[1.187s] -- Up-to-date: /home/muni/Documents/ast/Agile-development-AST/multirob_ws/install/robile_description/share/robile_description//urdf/sensors
[1.188s] -- Up-to-date: /home/muni/Documents/ast/Agile-development-AST/multirob_ws/install/robile_description/share/robile_description//urdf/sensors/hokuyo_urg04_laser.urdf.xacro
[1.188s] -- Up-to-date: /home/muni/Documents/ast/Agile-development-AST/multirob_ws/install/robile_description/share/robile_description//urdf/sensors/hokuyo_urg04_laser.gazebo.xacro
[1.189s] -- Up-to-date: /home/muni/Documents/ast/Agile-development-AST/multirob_ws/install/robile_description/share/robile_description//urdf/robile_bricks
[1.189s] -- Up-to-date: /home/muni/Documents/ast/Agile-development-AST/multirob_ws/install/robile_description/share/robile_description//urdf/robile_bricks/robile_master_battery_brick.urdf.xacro
[1.189s] -- Up-to-date: /home/muni/Documents/ast/Agile-development-AST/multirob_ws/install/robile_description/share/robile_description//urdf/robile_bricks/robile_slave_battery_brick.urdf.xacro
[1.190s] -- Up-to-date: /home/muni/Documents/ast/Agile-development-AST/multirob_ws/install/robile_description/share/robile_description//urdf/robile_bricks/robile_active_wheel_brick.urdf.xacro
[1.190s] -- Up-to-date: /home/muni/Documents/ast/Agile-development-AST/multirob_ws/install/robile_description/share/robile_description//urdf/robile_bricks/robile_empty_brick.urdf.xacro
[1.190s] -- Up-to-date: /home/muni/Documents/ast/Agile-development-AST/multirob_ws/install/robile_description/share/robile_description//urdf/robile_bricks/robile_cpu_brick.urdf.xacro
[1.191s] -- Up-to-date: /home/muni/Documents/ast/Agile-development-AST/multirob_ws/install/robile_description/share/robile_description//urdf/robile_bricks/robile_passive_wheel_brick.urdf.xacro
[1.191s] -- Up-to-date: /home/muni/Documents/ast/Agile-development-AST/multirob_ws/install/robile_description/share/robile_description//urdf/base_macros
[1.191s] -- Up-to-date: /home/muni/Documents/ast/Agile-development-AST/multirob_ws/install/robile_description/share/robile_description//urdf/base_macros/kelo_drive_wheel.urdf.xacro
[1.192s] -- Up-to-date: /home/muni/Documents/ast/Agile-development-AST/multirob_ws/install/robile_description/share/robile_description//urdf/base_macros/common.xacro
[1.192s] -- Up-to-date: /home/muni/Documents/ast/Agile-development-AST/multirob_ws/install/robile_description/share/robile_description//urdf/base_macros/brick_housing.urdf.xacro
[1.192s] -- Up-to-date: /home/muni/Documents/ast/Agile-development-AST/multirob_ws/install/robile_description/share/robile_description//urdf/base_macros/kelo_drive.urdf.xacro
[1.193s] -- Up-to-date: /home/muni/Documents/ast/Agile-development-AST/multirob_ws/install/robile_description/share/robile_description//urdf/base_macros/materials.urdf.xacro
[1.193s] -- Up-to-date: /home/muni/Documents/ast/Agile-development-AST/multirob_ws/install/robile_description/share/robile_description//urdf/base_macros/passive_caster_wheel.urdf.xacro
[1.193s] -- Up-to-date: /home/muni/Documents/ast/Agile-development-AST/multirob_ws/install/robile_description/share/robile_description//gazebo
[1.193s] -- Up-to-date: /home/muni/Documents/ast/Agile-development-AST/multirob_ws/install/robile_description/share/robile_description//gazebo/gazebo_ros_control.xacro
[1.194s] -- Up-to-date: /home/muni/Documents/ast/Agile-development-AST/multirob_ws/install/robile_description/share/robile_description//gazebo/gazebo_robile.xacro
[1.194s] -- Up-to-date: /home/muni/Documents/ast/Agile-development-AST/multirob_ws/install/robile_description/share/robile_description//gazebo/gazebo_ros_planar_move.xacro
[1.194s] -- Up-to-date: /home/muni/Documents/ast/Agile-development-AST/multirob_ws/install/robile_description/share/robile_description//gazebo/gazebo_robile_laser_scanner.xacro
[1.194s] -- Up-to-date: /home/muni/Documents/ast/Agile-development-AST/multirob_ws/install/robile_description/share/ament_index/resource_index/package_run_dependencies/robile_description
[1.195s] -- Up-to-date: /home/muni/Documents/ast/Agile-development-AST/multirob_ws/install/robile_description/share/ament_index/resource_index/parent_prefix_path/robile_description
[1.196s] -- Up-to-date: /home/muni/Documents/ast/Agile-development-AST/multirob_ws/install/robile_description/share/robile_description/environment/ament_prefix_path.sh
[1.196s] -- Up-to-date: /home/muni/Documents/ast/Agile-development-AST/multirob_ws/install/robile_description/share/robile_description/environment/ament_prefix_path.dsv
[1.196s] -- Up-to-date: /home/muni/Documents/ast/Agile-development-AST/multirob_ws/install/robile_description/share/robile_description/environment/path.sh
[1.197s] -- Up-to-date: /home/muni/Documents/ast/Agile-development-AST/multirob_ws/install/robile_description/share/robile_description/environment/path.dsv
[1.197s] -- Up-to-date: /home/muni/Documents/ast/Agile-development-AST/multirob_ws/install/robile_description/share/robile_description/local_setup.bash
[1.198s] -- Up-to-date: /home/muni/Documents/ast/Agile-development-AST/multirob_ws/install/robile_description/share/robile_description/local_setup.sh
[1.198s] -- Up-to-date: /home/muni/Documents/ast/Agile-development-AST/multirob_ws/install/robile_description/share/robile_description/local_setup.zsh
[1.198s] -- Up-to-date: /home/muni/Documents/ast/Agile-development-AST/multirob_ws/install/robile_description/share/robile_description/local_setup.dsv
[1.199s] -- Installing: /home/muni/Documents/ast/Agile-development-AST/multirob_ws/install/robile_description/share/robile_description/package.dsv
[1.199s] -- Up-to-date: /home/muni/Documents/ast/Agile-development-AST/multirob_ws/install/robile_description/share/ament_index/resource_index/packages/robile_description
[1.200s] -- Up-to-date: /home/muni/Documents/ast/Agile-development-AST/multirob_ws/install/robile_description/share/robile_description/cmake/robile_descriptionConfig.cmake
[1.200s] -- Up-to-date: /home/muni/Documents/ast/Agile-development-AST/multirob_ws/install/robile_description/share/robile_description/cmake/robile_descriptionConfig-version.cmake
[1.200s] -- Up-to-date: /home/muni/Documents/ast/Agile-development-AST/multirob_ws/install/robile_description/share/robile_description/package.xml
[1.203s] Invoked command in '/home/muni/Documents/ast/Agile-development-AST/multirob_ws/build/robile_description' returned '0': CMAKE_PREFIX_PATH=${CMAKE_PREFIX_PATH}:/opt/ros/humble /usr/bin/cmake --install /home/muni/Documents/ast/Agile-development-AST/multirob_ws/build/robile_description
