[0.273s] [34mcolcon[0m [1;30mDEBUG[0m [32mCommand line arguments: ['C:\\Users\\pmran\\anaconda3\\envs\\ros_env\\Scripts\\colcon', 'build'][0m
[0.273s] [34mcolcon[0m [1;30mDEBUG[0m [32mParsed command line arguments: Namespace(log_base=None, log_level=None, verb_name='build', build_base='build', install_base='install', merge_install=False, symlink_install=False, test_result_base=None, continue_on_error=False, executor='parallel', parallel_workers=16, event_handlers=None, ignore_user_meta=False, metas=['./colcon.meta'], base_paths=['.'], packages_ignore=None, packages_ignore_regex=None, paths=None, packages_up_to=None, packages_up_to_regex=None, packages_above=None, packages_above_and_dependencies=None, packages_above_depth=None, packages_select_by_dep=None, packages_skip_by_dep=None, packages_skip_up_to=None, packages_select_build_failed=False, packages_skip_build_finished=False, packages_select_test_failures=False, packages_skip_test_passed=False, packages_select=None, packages_skip=None, packages_select_regex=None, packages_skip_regex=None, packages_start=None, packages_end=None, cmake_args=None, cmake_target=None, cmake_target_skip_unavailable=False, cmake_clean_cache=False, cmake_clean_first=False, cmake_force_configure=False, ament_cmake_args=None, catkin_cmake_args=None, catkin_skip_building_tests=False, verb_parser=<colcon_defaults.argument_parser.defaults.DefaultArgumentsDecorator object at 0x000001FEB3C17B50>, verb_extension=<colcon_core.verb.build.BuildVerb object at 0x000001FEB39E3610>, main=<bound method BuildVerb.main of <colcon_core.verb.build.BuildVerb object at 0x000001FEB39E3610>>)[0m
[0.337s] [34mcolcon.colcon_core.package_discovery[0m [1;30mLevel 1[0m discover_packages(colcon_meta) check parameters
[0.338s] [34mcolcon.colcon_core.package_discovery[0m [1;30mLevel 1[0m discover_packages(recursive) check parameters
[0.338s] [34mcolcon.colcon_core.package_discovery[0m [1;30mLevel 1[0m discover_packages(ignore) check parameters
[0.338s] [34mcolcon.colcon_core.package_discovery[0m [1;30mLevel 1[0m discover_packages(path) check parameters
[0.338s] [34mcolcon.colcon_core.package_discovery[0m [1;30mLevel 1[0m discover_packages(colcon_meta) discover
[0.338s] [34mcolcon.colcon_core.package_discovery[0m [1;30mLevel 1[0m discover_packages(recursive) discover
[0.338s] [34mcolcon.colcon_core.package_discovery[0m [1;30mINFO[0m Crawling recursively for packages in 'C:\Users\pmran\Documents\MAS\3rd_semester\AST\lab_class\Agile-development\IsaacSim\simulation_ws'
[0.339s] [34mcolcon.colcon_core.package_identification[0m [1;30mLevel 1[0m _identify(.) by extensions ['ignore', 'ignore_ament_install']
[0.339s] [34mcolcon.colcon_core.package_identification[0m [1;30mLevel 1[0m _identify(.) by extension 'ignore'
[0.339s] [34mcolcon.colcon_core.package_identification[0m [1;30mLevel 1[0m _identify(.) by extension 'ignore_ament_install'
[0.339s] [34mcolcon.colcon_core.package_identification[0m [1;30mLevel 1[0m _identify(.) by extensions ['colcon_pkg']
[0.339s] [34mcolcon.colcon_core.package_identification[0m [1;30mLevel 1[0m _identify(.) by extension 'colcon_pkg'
[0.339s] [34mcolcon.colcon_core.package_identification[0m [1;30mLevel 1[0m _identify(.) by extensions ['colcon_meta']
[0.339s] [34mcolcon.colcon_core.package_identification[0m [1;30mLevel 1[0m _identify(.) by extension 'colcon_meta'
[0.339s] [34mcolcon.colcon_core.package_identification[0m [1;30mLevel 1[0m _identify(.) by extensions ['ros']
[0.339s] [34mcolcon.colcon_core.package_identification[0m [1;30mLevel 1[0m _identify(.) by extension 'ros'
[0.373s] [34mcolcon.colcon_core.package_identification[0m [1;30mLevel 1[0m _identify(.) by extensions ['cmake', 'python']
[0.373s] [34mcolcon.colcon_core.package_identification[0m [1;30mLevel 1[0m _identify(.) by extension 'cmake'
[0.373s] [34mcolcon.colcon_core.package_identification[0m [1;30mLevel 1[0m _identify(.) by extension 'python'
[0.373s] [34mcolcon.colcon_core.package_identification[0m [1;30mLevel 1[0m _identify(.) by extensions ['python_setup_py']
[0.373s] [34mcolcon.colcon_core.package_identification[0m [1;30mLevel 1[0m _identify(.) by extension 'python_setup_py'
[0.374s] [34mcolcon.colcon_core.package_identification[0m [1;30mLevel 1[0m _identify(build) by extensions ['ignore', 'ignore_ament_install']
[0.374s] [34mcolcon.colcon_core.package_identification[0m [1;30mLevel 1[0m _identify(build) by extension 'ignore'
[0.374s] [34mcolcon.colcon_core.package_identification[0m [1;30mLevel 1[0m _identify(build) ignored
[0.374s] [34mcolcon.colcon_core.package_identification[0m [1;30mLevel 1[0m _identify(install) by extensions ['ignore', 'ignore_ament_install']
[0.374s] [34mcolcon.colcon_core.package_identification[0m [1;30mLevel 1[0m _identify(install) by extension 'ignore'
[0.374s] [34mcolcon.colcon_core.package_identification[0m [1;30mLevel 1[0m _identify(install) ignored
[0.375s] [34mcolcon.colcon_core.package_identification[0m [1;30mLevel 1[0m _identify(log) by extensions ['ignore', 'ignore_ament_install']
[0.375s] [34mcolcon.colcon_core.package_identification[0m [1;30mLevel 1[0m _identify(log) by extension 'ignore'
[0.375s] [34mcolcon.colcon_core.package_identification[0m [1;30mLevel 1[0m _identify(log) ignored
[0.375s] [34mcolcon.colcon_core.package_identification[0m [1;30mLevel 1[0m _identify(src) by extensions ['ignore', 'ignore_ament_install']
[0.376s] [34mcolcon.colcon_core.package_identification[0m [1;30mLevel 1[0m _identify(src) by extension 'ignore'
[0.376s] [34mcolcon.colcon_core.package_identification[0m [1;30mLevel 1[0m _identify(src) by extension 'ignore_ament_install'
[0.376s] [34mcolcon.colcon_core.package_identification[0m [1;30mLevel 1[0m _identify(src) by extensions ['colcon_pkg']
[0.376s] [34mcolcon.colcon_core.package_identification[0m [1;30mLevel 1[0m _identify(src) by extension 'colcon_pkg'
[0.376s] [34mcolcon.colcon_core.package_identification[0m [1;30mLevel 1[0m _identify(src) by extensions ['colcon_meta']
[0.376s] [34mcolcon.colcon_core.package_identification[0m [1;30mLevel 1[0m _identify(src) by extension 'colcon_meta'
[0.376s] [34mcolcon.colcon_core.package_identification[0m [1;30mLevel 1[0m _identify(src) by extensions ['ros']
[0.376s] [34mcolcon.colcon_core.package_identification[0m [1;30mLevel 1[0m _identify(src) by extension 'ros'
[0.377s] [34mcolcon.colcon_core.package_identification[0m [1;30mLevel 1[0m _identify(src) by extensions ['cmake', 'python']
[0.377s] [34mcolcon.colcon_core.package_identification[0m [1;30mLevel 1[0m _identify(src) by extension 'cmake'
[0.377s] [34mcolcon.colcon_core.package_identification[0m [1;30mLevel 1[0m _identify(src) by extension 'python'
[0.377s] [34mcolcon.colcon_core.package_identification[0m [1;30mLevel 1[0m _identify(src) by extensions ['python_setup_py']
[0.377s] [34mcolcon.colcon_core.package_identification[0m [1;30mLevel 1[0m _identify(src) by extension 'python_setup_py'
[0.377s] [34mcolcon.colcon_core.package_identification[0m [1;30mLevel 1[0m _identify(src\collision_avoidance) by extensions ['ignore', 'ignore_ament_install']
[0.377s] [34mcolcon.colcon_core.package_identification[0m [1;30mLevel 1[0m _identify(src\collision_avoidance) by extension 'ignore'
[0.377s] [34mcolcon.colcon_core.package_identification[0m [1;30mLevel 1[0m _identify(src\collision_avoidance) by extension 'ignore_ament_install'
[0.377s] [34mcolcon.colcon_core.package_identification[0m [1;30mLevel 1[0m _identify(src\collision_avoidance) by extensions ['colcon_pkg']
[0.377s] [34mcolcon.colcon_core.package_identification[0m [1;30mLevel 1[0m _identify(src\collision_avoidance) by extension 'colcon_pkg'
[0.377s] [34mcolcon.colcon_core.package_identification[0m [1;30mLevel 1[0m _identify(src\collision_avoidance) by extensions ['colcon_meta']
[0.377s] [34mcolcon.colcon_core.package_identification[0m [1;30mLevel 1[0m _identify(src\collision_avoidance) by extension 'colcon_meta'
[0.378s] [34mcolcon.colcon_core.package_identification[0m [1;30mLevel 1[0m _identify(src\collision_avoidance) by extensions ['ros']
[0.378s] [34mcolcon.colcon_core.package_identification[0m [1;30mLevel 1[0m _identify(src\collision_avoidance) by extension 'ros'
[0.383s] [34mcolcon.colcon_core.package_identification[0m [1;30mDEBUG[0m [32mPackage 'src\collision_avoidance' with type 'ros.ament_python' and name 'collision_avoidance'[0m
[0.383s] [34mcolcon.colcon_core.package_discovery[0m [1;30mLevel 1[0m discover_packages(recursive) using defaults
[0.383s] [34mcolcon.colcon_core.package_discovery[0m [1;30mLevel 1[0m discover_packages(ignore) discover
[0.383s] [34mcolcon.colcon_core.package_discovery[0m [1;30mLevel 1[0m discover_packages(ignore) using defaults
[0.383s] [34mcolcon.colcon_core.package_discovery[0m [1;30mLevel 1[0m discover_packages(path) discover
[0.383s] [34mcolcon.colcon_core.package_discovery[0m [1;30mLevel 1[0m discover_packages(path) using defaults
[0.413s] [34mcolcon.colcon_core.verb[0m [1;30mLevel 5[0m set package 'collision_avoidance' build argument 'cmake_args' from command line to 'None'
[0.413s] [34mcolcon.colcon_core.verb[0m [1;30mLevel 5[0m set package 'collision_avoidance' build argument 'cmake_target' from command line to 'None'
[0.413s] [34mcolcon.colcon_core.verb[0m [1;30mLevel 5[0m set package 'collision_avoidance' build argument 'cmake_target_skip_unavailable' from command line to 'False'
[0.413s] [34mcolcon.colcon_core.verb[0m [1;30mLevel 5[0m set package 'collision_avoidance' build argument 'cmake_clean_cache' from command line to 'False'
[0.413s] [34mcolcon.colcon_core.verb[0m [1;30mLevel 5[0m set package 'collision_avoidance' build argument 'cmake_clean_first' from command line to 'False'
[0.413s] [34mcolcon.colcon_core.verb[0m [1;30mLevel 5[0m set package 'collision_avoidance' build argument 'cmake_force_configure' from command line to 'False'
[0.413s] [34mcolcon.colcon_core.verb[0m [1;30mLevel 5[0m set package 'collision_avoidance' build argument 'ament_cmake_args' from command line to 'None'
[0.414s] [34mcolcon.colcon_core.verb[0m [1;30mLevel 5[0m set package 'collision_avoidance' build argument 'catkin_cmake_args' from command line to 'None'
[0.414s] [34mcolcon.colcon_core.verb[0m [1;30mLevel 5[0m set package 'collision_avoidance' build argument 'catkin_skip_building_tests' from command line to 'False'
[0.414s] [34mcolcon.colcon_core.verb[0m [1;30mDEBUG[0m [32mBuilding package 'collision_avoidance' with the following arguments: {'ament_cmake_args': None, 'build_base': 'C:\\Users\\pmran\\Documents\\MAS\\3rd_semester\\AST\\lab_class\\Agile-development\\IsaacSim\\simulation_ws\\build\\collision_avoidance', 'catkin_cmake_args': None, 'catkin_skip_building_tests': False, 'cmake_args': None, 'cmake_clean_cache': False, 'cmake_clean_first': False, 'cmake_force_configure': False, 'cmake_target': None, 'cmake_target_skip_unavailable': False, 'install_base': 'C:\\Users\\pmran\\Documents\\MAS\\3rd_semester\\AST\\lab_class\\Agile-development\\IsaacSim\\simulation_ws\\install\\collision_avoidance', 'merge_install': False, 'path': 'C:\\Users\\pmran\\Documents\\MAS\\3rd_semester\\AST\\lab_class\\Agile-development\\IsaacSim\\simulation_ws\\src\\collision_avoidance', 'symlink_install': False, 'test_result_base': None}[0m
[0.414s] [34mcolcon.colcon_core.executor[0m [1;30mINFO[0m Executing jobs using 'parallel' executor
[0.415s] [34mcolcon.colcon_parallel_executor.executor.parallel[0m [1;30mDEBUG[0m [32mrun_until_complete[0m
[0.416s] [34mcolcon.colcon_ros.task.ament_python.build[0m [1;30mINFO[0m Building ROS package in 'C:\Users\pmran\Documents\MAS\3rd_semester\AST\lab_class\Agile-development\IsaacSim\simulation_ws\src\collision_avoidance' with build type 'ament_python'
[0.416s] [34mcolcon.colcon_core.shell[0m [1;30mLevel 1[0m create_environment_hook('collision_avoidance', 'ament_prefix_path')
[0.417s] [34mcolcon.colcon_core.plugin_system[0m [1;30mINFO[0m Skipping extension 'colcon_core.shell.sh': Not used on Windows systems
[0.417s] [34mcolcon.colcon_core.shell[0m [1;30mINFO[0m Creating environment hook 'C:\Users\pmran\Documents\MAS\3rd_semester\AST\lab_class\Agile-development\IsaacSim\simulation_ws\install\collision_avoidance\share\collision_avoidance\hook\ament_prefix_path.ps1'
[0.419s] [34mcolcon.colcon_core.shell[0m [1;30mINFO[0m Creating environment hook 'C:\Users\pmran\Documents\MAS\3rd_semester\AST\lab_class\Agile-development\IsaacSim\simulation_ws\install\collision_avoidance\share\collision_avoidance\hook\ament_prefix_path.bat'
[0.420s] [34mcolcon.colcon_core.shell[0m [1;30mINFO[0m Creating environment descriptor 'C:\Users\pmran\Documents\MAS\3rd_semester\AST\lab_class\Agile-development\IsaacSim\simulation_ws\install\collision_avoidance\share\collision_avoidance\hook\ament_prefix_path.dsv'
[0.421s] [34mcolcon.colcon_core.shell[0m [1;30mINFO[0m Skip shell extension 'powershell' for command environment: Not usable outside of PowerShell
[0.917s] [34mcolcon.colcon_core.task.python.build[0m [1;30mINFO[0m Building Python package in 'C:\Users\pmran\Documents\MAS\3rd_semester\AST\lab_class\Agile-development\IsaacSim\simulation_ws\src\collision_avoidance'
[0.917s] [34mcolcon.colcon_core.shell[0m [1;30mINFO[0m Skip shell extension 'powershell' for command environment: Not usable outside of PowerShell
[1.940s] [34mcolcon.colcon_core.event_handler.log_command[0m [1;30mDEBUG[0m [32mInvoking command in 'C:\Users\pmran\Documents\MAS\3rd_semester\AST\lab_class\Agile-development\IsaacSim\simulation_ws\src\collision_avoidance': CONDA_PROMPT_MODIFIER=(ros_env) PYTHONPATH=C:\Users\pmran\Documents\MAS\3rd_semester\AST\lab_class\Agile-development\IsaacSim\simulation_ws\build\collision_avoidance\prefix_override;C:\Users\pmran\Documents\MAS\3rd_semester\AST\lab_class\Agile-development\IsaacSim\simulation_ws\install\collision_avoidance\Lib\site-packages;%PYTHONPATH% C:\Users\pmran\anaconda3\envs\ros_env\python.exe -W ignore:setup.py install is deprecated setup.py egg_info --egg-base ..\..\build\collision_avoidance build --build-base C:\Users\pmran\Documents\MAS\3rd_semester\AST\lab_class\Agile-development\IsaacSim\simulation_ws\build\collision_avoidance\build install --record C:\Users\pmran\Documents\MAS\3rd_semester\AST\lab_class\Agile-development\IsaacSim\simulation_ws\build\collision_avoidance\install.log --single-version-externally-managed install_data[0m
[2.977s] [34mcolcon.colcon_core.event_handler.log_command[0m [1;30mDEBUG[0m [32mInvoked command in 'C:\Users\pmran\Documents\MAS\3rd_semester\AST\lab_class\Agile-development\IsaacSim\simulation_ws\src\collision_avoidance' returned '0': CONDA_PROMPT_MODIFIER=(ros_env) PYTHONPATH=C:\Users\pmran\Documents\MAS\3rd_semester\AST\lab_class\Agile-development\IsaacSim\simulation_ws\build\collision_avoidance\prefix_override;C:\Users\pmran\Documents\MAS\3rd_semester\AST\lab_class\Agile-development\IsaacSim\simulation_ws\install\collision_avoidance\Lib\site-packages;%PYTHONPATH% C:\Users\pmran\anaconda3\envs\ros_env\python.exe -W ignore:setup.py install is deprecated setup.py egg_info --egg-base ..\..\build\collision_avoidance build --build-base C:\Users\pmran\Documents\MAS\3rd_semester\AST\lab_class\Agile-development\IsaacSim\simulation_ws\build\collision_avoidance\build install --record C:\Users\pmran\Documents\MAS\3rd_semester\AST\lab_class\Agile-development\IsaacSim\simulation_ws\build\collision_avoidance\install.log --single-version-externally-managed install_data[0m
[2.984s] [34mcolcon.colcon_core.environment[0m [1;30mLevel 1[0m checking 'C:\Users\pmran\Documents\MAS\3rd_semester\AST\lab_class\Agile-development\IsaacSim\simulation_ws\install\collision_avoidance' for CMake module files
[2.985s] [34mcolcon.colcon_core.environment[0m [1;30mLevel 1[0m checking 'C:\Users\pmran\Documents\MAS\3rd_semester\AST\lab_class\Agile-development\IsaacSim\simulation_ws\install\collision_avoidance' for CMake config files
[2.986s] [34mcolcon.colcon_core.environment[0m [1;30mLevel 1[0m checking 'C:\Users\pmran\Documents\MAS\3rd_semester\AST\lab_class\Agile-development\IsaacSim\simulation_ws\install\collision_avoidance\bin'
[2.987s] [34mcolcon.colcon_core.environment[0m [1;30mLevel 1[0m checking 'C:\Users\pmran\Documents\MAS\3rd_semester\AST\lab_class\Agile-development\IsaacSim\simulation_ws\install\collision_avoidance\bin'
[2.987s] [34mcolcon.colcon_core.environment[0m [1;30mLevel 1[0m checking 'C:\Users\pmran\Documents\MAS\3rd_semester\AST\lab_class\Agile-development\IsaacSim\simulation_ws\install\collision_avoidance\lib\pkgconfig\collision_avoidance.pc'
[2.987s] [34mcolcon.colcon_core.environment[0m [1;30mLevel 1[0m checking 'C:\Users\pmran\Documents\MAS\3rd_semester\AST\lab_class\Agile-development\IsaacSim\simulation_ws\install\collision_avoidance\Lib\site-packages'
[2.987s] [34mcolcon.colcon_core.shell[0m [1;30mLevel 1[0m create_environment_hook('collision_avoidance', 'pythonpath')
[2.987s] [34mcolcon.colcon_core.shell[0m [1;30mINFO[0m Creating environment hook 'C:\Users\pmran\Documents\MAS\3rd_semester\AST\lab_class\Agile-development\IsaacSim\simulation_ws\install\collision_avoidance\share\collision_avoidance\hook\pythonpath.ps1'
[2.988s] [34mcolcon.colcon_core.shell[0m [1;30mINFO[0m Creating environment hook 'C:\Users\pmran\Documents\MAS\3rd_semester\AST\lab_class\Agile-development\IsaacSim\simulation_ws\install\collision_avoidance\share\collision_avoidance\hook\pythonpath.bat'
[2.989s] [34mcolcon.colcon_core.shell[0m [1;30mINFO[0m Creating environment descriptor 'C:\Users\pmran\Documents\MAS\3rd_semester\AST\lab_class\Agile-development\IsaacSim\simulation_ws\install\collision_avoidance\share\collision_avoidance\hook\pythonpath.dsv'
[2.989s] [34mcolcon.colcon_core.environment[0m [1;30mLevel 1[0m checking 'C:\Users\pmran\Documents\MAS\3rd_semester\AST\lab_class\Agile-development\IsaacSim\simulation_ws\install\collision_avoidance\Scripts'
[2.990s] [34mcolcon.colcon_core.environment[0m [1;30mLevel 1[0m create_environment_scripts_only(collision_avoidance)
[2.990s] [34mcolcon.colcon_core.shell[0m [1;30mINFO[0m Creating package script 'C:\Users\pmran\Documents\MAS\3rd_semester\AST\lab_class\Agile-development\IsaacSim\simulation_ws\install\collision_avoidance\share\collision_avoidance\package.ps1'
[2.991s] [34mcolcon.colcon_core.shell[0m [1;30mINFO[0m Creating package script 'C:\Users\pmran\Documents\MAS\3rd_semester\AST\lab_class\Agile-development\IsaacSim\simulation_ws\install\collision_avoidance\share\collision_avoidance\package.bat'
[2.992s] [34mcolcon.colcon_core.shell[0m [1;30mINFO[0m Creating package descriptor 'C:\Users\pmran\Documents\MAS\3rd_semester\AST\lab_class\Agile-development\IsaacSim\simulation_ws\install\collision_avoidance\share\collision_avoidance\package.dsv'
[2.993s] [34mcolcon.colcon_core.environment[0m [1;30mLevel 1[0m create_file_with_runtime_dependencies(C:\Users\pmran\Documents\MAS\3rd_semester\AST\lab_class\Agile-development\IsaacSim\simulation_ws\install\collision_avoidance\share\colcon-core\packages\collision_avoidance)
[2.993s] [34mcolcon.colcon_parallel_executor.executor.parallel[0m [1;30mDEBUG[0m [32mclosing loop[0m
[2.994s] [34mcolcon.colcon_parallel_executor.executor.parallel[0m [1;30mDEBUG[0m [32mloop closed[0m
[2.994s] [34mcolcon.colcon_parallel_executor.executor.parallel[0m [1;30mDEBUG[0m [32mrun_until_complete finished with '0'[0m
[2.994s] [34mcolcon.colcon_core.event_reactor[0m [1;30mDEBUG[0m [32mjoining thread[0m
[2.999s] [34mcolcon.colcon_core.plugin_system[0m [1;30mINFO[0m Skipping extension 'colcon_notification.desktop_notification.notify2': 'notify2' not found
[2.999s] [34mcolcon.colcon_core.plugin_system[0m [1;30mINFO[0m Skipping extension 'colcon_notification.desktop_notification.notify_send': Not used on non-Linux systems
[2.999s] [34mcolcon.colcon_core.plugin_system[0m [1;30mINFO[0m Skipping extension 'colcon_notification.desktop_notification.terminal_notifier': Not used on non-Darwin systems
[2.999s] [34mcolcon.colcon_notification.desktop_notification[0m [1;30mINFO[0m Sending desktop notification using 'win32'
[8.044s] [34mcolcon.colcon_core.event_reactor[0m [1;30mDEBUG[0m [32mjoined thread[0m
[8.045s] [34mcolcon.colcon_core.shell[0m [1;30mINFO[0m Creating prefix script 'C:\Users\pmran\Documents\MAS\3rd_semester\AST\lab_class\Agile-development\IsaacSim\simulation_ws\install\local_setup.ps1'
[8.049s] [34mcolcon.colcon_core.shell[0m [1;30mINFO[0m Creating prefix util module 'C:\Users\pmran\Documents\MAS\3rd_semester\AST\lab_class\Agile-development\IsaacSim\simulation_ws\install\_local_setup_util_ps1.py'
[8.052s] [34mcolcon.colcon_core.shell[0m [1;30mINFO[0m Creating prefix chain script 'C:\Users\pmran\Documents\MAS\3rd_semester\AST\lab_class\Agile-development\IsaacSim\simulation_ws\install\setup.ps1'
[8.055s] [34mcolcon.colcon_core.shell[0m [1;30mINFO[0m Creating prefix script 'C:\Users\pmran\Documents\MAS\3rd_semester\AST\lab_class\Agile-development\IsaacSim\simulation_ws\install\local_setup.bat'
[8.056s] [34mcolcon.colcon_core.shell[0m [1;30mINFO[0m Creating prefix util module 'C:\Users\pmran\Documents\MAS\3rd_semester\AST\lab_class\Agile-development\IsaacSim\simulation_ws\install\_local_setup_util_bat.py'
[8.056s] [34mcolcon.colcon_core.shell[0m [1;30mINFO[0m Creating prefix chain script 'C:\Users\pmran\Documents\MAS\3rd_semester\AST\lab_class\Agile-development\IsaacSim\simulation_ws\install\setup.bat'
