[0.076s] Invoking command in '/home/muni/Documents/ast/Agile-development-AST/multirob_ws/build/robile_description': CMAKE_PREFIX_PATH=${CMAKE_PREFIX_PATH}:/opt/ros/humble /usr/bin/cmake --build /home/muni/Documents/ast/Agile-development-AST/multirob_ws/build/robile_description -- -j6 -l6
[1.005s] Invoked command in '/home/muni/Documents/ast/Agile-development-AST/multirob_ws/build/robile_description' returned '0': CMAKE_PREFIX_PATH=${CMAKE_PREFIX_PATH}:/opt/ros/humble /usr/bin/cmake --build /home/muni/Documents/ast/Agile-development-AST/multirob_ws/build/robile_description -- -j6 -l6
[1.188s] Invoking command in '/home/muni/Documents/ast/Agile-development-AST/multirob_ws/build/robile_description': CMAKE_PREFIX_PATH=${CMAKE_PREFIX_PATH}:/opt/ros/humble /usr/bin/cmake --install /home/muni/Documents/ast/Agile-development-AST/multirob_ws/build/robile_description
[1.235s] -- Install configuration: ""
[1.236s] -- Up-to-date: /home/muni/Documents/ast/Agile-development-AST/multirob_ws/install/robile_description/share/robile_description//meshes
[1.237s] -- Up-to-date: /home/muni/Documents/ast/Agile-development-AST/multirob_ws/install/robile_description/share/robile_description//meshes/kelo_drive
[1.237s] -- Up-to-date: /home/muni/Documents/ast/Agile-development-AST/multirob_ws/install/robile_description/share/robile_description//meshes/kelo_drive/kelo_drive_wheel.dae
[1.238s] -- Up-to-date: /home/muni/Documents/ast/Agile-development-AST/multirob_ws/install/robile_description/share/robile_description//meshes/kelo_drive/kelo_drive_base.dae
[1.238s] -- Up-to-date: /home/muni/Documents/ast/Agile-development-AST/multirob_ws/install/robile_description/share/robile_description//meshes/passive_caster_wheel
[1.246s] -- Up-to-date: /home/muni/Documents/ast/Agile-development-AST/multirob_ws/install/robile_description/share/robile_description//meshes/passive_caster_wheel/pivot.dae
[1.247s] -- Up-to-date: /home/muni/Documents/ast/Agile-development-AST/multirob_ws/install/robile_description/share/robile_description//meshes/passive_caster_wheel/wheel.dae
[1.248s] -- Up-to-date: /home/muni/Documents/ast/Agile-development-AST/multirob_ws/install/robile_description/share/robile_description//meshes/sensors
[1.248s] -- Up-to-date: /home/muni/Documents/ast/Agile-development-AST/multirob_ws/install/robile_description/share/robile_description//meshes/sensors/hokuyo.dae
[1.249s] -- Up-to-date: /home/muni/Documents/ast/Agile-development-AST/multirob_ws/install/robile_description/share/robile_description//meshes/sensors/hokuyo_convex.dae
[1.250s] -- Up-to-date: /home/muni/Documents/ast/Agile-development-AST/multirob_ws/install/robile_description/share/robile_description//meshes/robile_brick_housing
[1.250s] -- Up-to-date: /home/muni/Documents/ast/Agile-development-AST/multirob_ws/install/robile_description/share/robile_description//meshes/robile_brick_housing/wheeled_brick_housing.dae
[1.250s] -- Up-to-date: /home/muni/Documents/ast/Agile-development-AST/multirob_ws/install/robile_description/share/robile_description//meshes/robile_brick_housing/lid.dae
[1.251s] -- Up-to-date: /home/muni/Documents/ast/Agile-development-AST/multirob_ws/install/robile_description/share/robile_description//meshes/robile_brick_housing/lid_cover_green.dae
[1.251s] -- Up-to-date: /home/muni/Documents/ast/Agile-development-AST/multirob_ws/install/robile_description/share/robile_description//meshes/robile_brick_housing/lid_cover_blue.dae
[1.252s] -- Up-to-date: /home/muni/Documents/ast/Agile-development-AST/multirob_ws/install/robile_description/share/robile_description//meshes/robile_brick_housing/lid_cover_yellow.dae
[1.252s] -- Up-to-date: /home/muni/Documents/ast/Agile-development-AST/multirob_ws/install/robile_description/share/robile_description//meshes/robile_brick_housing/lid_cover_red.dae
[1.253s] -- Up-to-date: /home/muni/Documents/ast/Agile-development-AST/multirob_ws/install/robile_description/share/robile_description//meshes/robile_brick_housing/general_brick_housing.dae
[1.253s] -- Up-to-date: /home/muni/Documents/ast/Agile-development-AST/multirob_ws/install/robile_description/share/robile_description//robots
[1.253s] -- Up-to-date: /home/muni/Documents/ast/Agile-development-AST/multirob_ws/install/robile_description/share/robile_description//robots/2_wheel_config.urdf.xacro
[1.254s] -- Up-to-date: /home/muni/Documents/ast/Agile-development-AST/multirob_ws/install/robile_description/share/robile_description//robots/6_wheel_config.urdf.xacro
[1.254s] -- Up-to-date: /home/muni/Documents/ast/Agile-development-AST/multirob_ws/install/robile_description/share/robile_description//robots/4_wheel_config.urdf.xacro
[1.255s] -- Up-to-date: /home/muni/Documents/ast/Agile-development-AST/multirob_ws/install/robile_description/share/robile_description//urdf
[1.257s] -- Up-to-date: /home/muni/Documents/ast/Agile-development-AST/multirob_ws/install/robile_description/share/robile_description//urdf/sensors
[1.257s] -- Up-to-date: /home/muni/Documents/ast/Agile-development-AST/multirob_ws/install/robile_description/share/robile_description//urdf/sensors/hokuyo_urg04_laser.urdf.xacro
[1.257s] -- Up-to-date: /home/muni/Documents/ast/Agile-development-AST/multirob_ws/install/robile_description/share/robile_description//urdf/sensors/hokuyo_urg04_laser.gazebo.xacro
[1.258s] -- Up-to-date: /home/muni/Documents/ast/Agile-development-AST/multirob_ws/install/robile_description/share/robile_description//urdf/robile_bricks
[1.258s] -- Up-to-date: /home/muni/Documents/ast/Agile-development-AST/multirob_ws/install/robile_description/share/robile_description//urdf/robile_bricks/robile_master_battery_brick.urdf.xacro
[1.258s] -- Up-to-date: /home/muni/Documents/ast/Agile-development-AST/multirob_ws/install/robile_description/share/robile_description//urdf/robile_bricks/robile_slave_battery_brick.urdf.xacro
[1.258s] -- Up-to-date: /home/muni/Documents/ast/Agile-development-AST/multirob_ws/install/robile_description/share/robile_description//urdf/robile_bricks/robile_active_wheel_brick.urdf.xacro
[1.259s] -- Up-to-date: /home/muni/Documents/ast/Agile-development-AST/multirob_ws/install/robile_description/share/robile_description//urdf/robile_bricks/robile_empty_brick.urdf.xacro
[1.259s] -- Up-to-date: /home/muni/Documents/ast/Agile-development-AST/multirob_ws/install/robile_description/share/robile_description//urdf/robile_bricks/robile_cpu_brick.urdf.xacro
[1.259s] -- Up-to-date: /home/muni/Documents/ast/Agile-development-AST/multirob_ws/install/robile_description/share/robile_description//urdf/robile_bricks/robile_passive_wheel_brick.urdf.xacro
[1.260s] -- Up-to-date: /home/muni/Documents/ast/Agile-development-AST/multirob_ws/install/robile_description/share/robile_description//urdf/base_macros
[1.261s] -- Up-to-date: /home/muni/Documents/ast/Agile-development-AST/multirob_ws/install/robile_description/share/robile_description//urdf/base_macros/kelo_drive_wheel.urdf.xacro
[1.263s] -- Up-to-date: /home/muni/Documents/ast/Agile-development-AST/multirob_ws/install/robile_description/share/robile_description//urdf/base_macros/common.xacro
[1.263s] -- Up-to-date: /home/muni/Documents/ast/Agile-development-AST/multirob_ws/install/robile_description/share/robile_description//urdf/base_macros/brick_housing.urdf.xacro
[1.264s] -- Up-to-date: /home/muni/Documents/ast/Agile-development-AST/multirob_ws/install/robile_description/share/robile_description//urdf/base_macros/kelo_drive.urdf.xacro
[1.264s] -- Up-to-date: /home/muni/Documents/ast/Agile-development-AST/multirob_ws/install/robile_description/share/robile_description//urdf/base_macros/materials.urdf.xacro
[1.275s] -- Up-to-date: /home/muni/Documents/ast/Agile-development-AST/multirob_ws/install/robile_description/share/robile_description//urdf/base_macros/passive_caster_wheel.urdf.xacro
[1.275s] -- Up-to-date: /home/muni/Documents/ast/Agile-development-AST/multirob_ws/install/robile_description/share/robile_description//gazebo
[1.276s] -- Up-to-date: /home/muni/Documents/ast/Agile-development-AST/multirob_ws/install/robile_description/share/robile_description//gazebo/gazebo_ros_control.xacro
[1.276s] -- Up-to-date: /home/muni/Documents/ast/Agile-development-AST/multirob_ws/install/robile_description/share/robile_description//gazebo/gazebo_robile.xacro
[1.276s] -- Up-to-date: /home/muni/Documents/ast/Agile-development-AST/multirob_ws/install/robile_description/share/robile_description//gazebo/gazebo_ros_planar_move.xacro
[1.282s] -- Up-to-date: /home/muni/Documents/ast/Agile-development-AST/multirob_ws/install/robile_description/share/robile_description//gazebo/gazebo_robile_laser_scanner.xacro
[1.282s] -- Up-to-date: /home/muni/Documents/ast/Agile-development-AST/multirob_ws/install/robile_description/share/ament_index/resource_index/package_run_dependencies/robile_description
[1.283s] -- Up-to-date: /home/muni/Documents/ast/Agile-development-AST/multirob_ws/install/robile_description/share/ament_index/resource_index/parent_prefix_path/robile_description
[1.283s] -- Up-to-date: /home/muni/Documents/ast/Agile-development-AST/multirob_ws/install/robile_description/share/robile_description/environment/ament_prefix_path.sh
[1.283s] -- Up-to-date: /home/muni/Documents/ast/Agile-development-AST/multirob_ws/install/robile_description/share/robile_description/environment/ament_prefix_path.dsv
[1.283s] -- Up-to-date: /home/muni/Documents/ast/Agile-development-AST/multirob_ws/install/robile_description/share/robile_description/environment/path.sh
[1.284s] -- Up-to-date: /home/muni/Documents/ast/Agile-development-AST/multirob_ws/install/robile_description/share/robile_description/environment/path.dsv
[1.284s] -- Up-to-date: /home/muni/Documents/ast/Agile-development-AST/multirob_ws/install/robile_description/share/robile_description/local_setup.bash
[1.284s] -- Up-to-date: /home/muni/Documents/ast/Agile-development-AST/multirob_ws/install/robile_description/share/robile_description/local_setup.sh
[1.285s] -- Up-to-date: /home/muni/Documents/ast/Agile-development-AST/multirob_ws/install/robile_description/share/robile_description/local_setup.zsh
[1.285s] -- Up-to-date: /home/muni/Documents/ast/Agile-development-AST/multirob_ws/install/robile_description/share/robile_description/local_setup.dsv
[1.285s] -- Installing: /home/muni/Documents/ast/Agile-development-AST/multirob_ws/install/robile_description/share/robile_description/package.dsv
[1.286s] -- Up-to-date: /home/muni/Documents/ast/Agile-development-AST/multirob_ws/install/robile_description/share/ament_index/resource_index/packages/robile_description
[1.286s] -- Up-to-date: /home/muni/Documents/ast/Agile-development-AST/multirob_ws/install/robile_description/share/robile_description/cmake/robile_descriptionConfig.cmake
[1.286s] -- Up-to-date: /home/muni/Documents/ast/Agile-development-AST/multirob_ws/install/robile_description/share/robile_description/cmake/robile_descriptionConfig-version.cmake
[1.286s] -- Up-to-date: /home/muni/Documents/ast/Agile-development-AST/multirob_ws/install/robile_description/share/robile_description/package.xml
[1.287s] Invoked command in '/home/muni/Documents/ast/Agile-development-AST/multirob_ws/build/robile_description' returned '0': CMAKE_PREFIX_PATH=${CMAKE_PREFIX_PATH}:/opt/ros/humble /usr/bin/cmake --install /home/muni/Documents/ast/Agile-development-AST/multirob_ws/build/robile_description
