[0.036s] Invoking command in '/home/muni/Documents/ast/Agile-development-AST/multirob_ws/build/multirobot': CMAKE_PREFIX_PATH=${CMAKE_PREFIX_PATH}:/opt/ros/humble /usr/bin/cmake --build /home/muni/Documents/ast/Agile-development-AST/multirob_ws/build/multirobot -- -j6 -l6
[0.136s] Invoked command in '/home/muni/Documents/ast/Agile-development-AST/multirob_ws/build/multirobot' returned '0': CMAKE_PREFIX_PATH=${CMAKE_PREFIX_PATH}:/opt/ros/humble /usr/bin/cmake --build /home/muni/Documents/ast/Agile-development-AST/multirob_ws/build/multirobot -- -j6 -l6
[0.253s] Invoking command in '/home/muni/Documents/ast/Agile-development-AST/multirob_ws/build/multirobot': CMAKE_PREFIX_PATH=${CMAKE_PREFIX_PATH}:/opt/ros/humble /usr/bin/cmake --install /home/muni/Documents/ast/Agile-development-AST/multirob_ws/build/multirobot
[0.268s] -- Install configuration: ""
[0.268s] -- Up-to-date: /home/muni/Documents/ast/Agile-development-AST/multirob_ws/install/multirobot/share/ament_index/resource_index/package_run_dependencies/multirobot
[0.269s] -- Up-to-date: /home/muni/Documents/ast/Agile-development-AST/multirob_ws/install/multirobot/share/ament_index/resource_index/parent_prefix_path/multirobot
[0.269s] -- Up-to-date: /home/muni/Documents/ast/Agile-development-AST/multirob_ws/install/multirobot/share/multirobot/environment/ament_prefix_path.sh
[0.269s] -- Up-to-date: /home/muni/Documents/ast/Agile-development-AST/multirob_ws/install/multirobot/share/multirobot/environment/ament_prefix_path.dsv
[0.270s] -- Up-to-date: /home/muni/Documents/ast/Agile-development-AST/multirob_ws/install/multirobot/share/multirobot/environment/path.sh
[0.270s] -- Up-to-date: /home/muni/Documents/ast/Agile-development-AST/multirob_ws/install/multirobot/share/multirobot/environment/path.dsv
[0.270s] -- Up-to-date: /home/muni/Documents/ast/Agile-development-AST/multirob_ws/install/multirobot/share/multirobot/local_setup.bash
[0.270s] -- Up-to-date: /home/muni/Documents/ast/Agile-development-AST/multirob_ws/install/multirobot/share/multirobot/local_setup.sh
[0.270s] -- Up-to-date: /home/muni/Documents/ast/Agile-development-AST/multirob_ws/install/multirobot/share/multirobot/local_setup.zsh
[0.270s] -- Up-to-date: /home/muni/Documents/ast/Agile-development-AST/multirob_ws/install/multirobot/share/multirobot/local_setup.dsv
[0.271s] -- Up-to-date: /home/muni/Documents/ast/Agile-development-AST/multirob_ws/install/multirobot/share/multirobot/package.dsv
[0.271s] -- Up-to-date: /home/muni/Documents/ast/Agile-development-AST/multirob_ws/install/multirobot/share/ament_index/resource_index/packages/multirobot
[0.271s] -- Up-to-date: /home/muni/Documents/ast/Agile-development-AST/multirob_ws/install/multirobot/share/multirobot/cmake/multirobotConfig.cmake
[0.271s] -- Up-to-date: /home/muni/Documents/ast/Agile-development-AST/multirob_ws/install/multirobot/share/multirobot/cmake/multirobotConfig-version.cmake
[0.272s] -- Up-to-date: /home/muni/Documents/ast/Agile-development-AST/multirob_ws/install/multirobot/share/multirobot/package.xml
[0.273s] Invoked command in '/home/muni/Documents/ast/Agile-development-AST/multirob_ws/build/multirobot' returned '0': CMAKE_PREFIX_PATH=${CMAKE_PREFIX_PATH}:/opt/ros/humble /usr/bin/cmake --install /home/muni/Documents/ast/Agile-development-AST/multirob_ws/build/multirobot
