[0.384s] DEBUG:colcon:Command line arguments: ['/usr/bin/colcon', 'build']
[0.384s] DEBUG:colcon:Parsed command line arguments: Namespace(log_base=None, log_level=None, verb_name='build', build_base='build', install_base='install', merge_install=False, symlink_install=False, test_result_base=None, continue_on_error=False, executor='parallel', parallel_workers=6, event_handlers=None, ignore_user_meta=False, metas=['./colcon.meta'], base_paths=['.'], packages_ignore=None, packages_ignore_regex=None, paths=None, packages_up_to=None, packages_up_to_regex=None, packages_above=None, packages_above_and_dependencies=None, packages_above_depth=None, packages_select_by_dep=None, packages_skip_by_dep=None, packages_skip_up_to=None, packages_select_build_failed=False, packages_skip_build_finished=False, packages_select_test_failures=False, packages_skip_test_passed=False, packages_select=None, packages_skip=None, packages_select_regex=None, packages_skip_regex=None, packages_start=None, packages_end=None, allow_overriding=[], cmake_args=None, cmake_target=None, cmake_target_skip_unavailable=False, cmake_clean_cache=False, cmake_clean_first=False, cmake_force_configure=False, ament_cmake_args=None, catkin_cmake_args=None, catkin_skip_building_tests=False, mixin_files=None, mixin=None, verb_parser=<colcon_mixin.mixin.mixin_argument.MixinArgumentDecorator object at 0x724118c36b60>, verb_extension=<colcon_core.verb.build.BuildVerb object at 0x724118c36620>, main=<bound method BuildVerb.main of <colcon_core.verb.build.BuildVerb object at 0x724118c36620>>, mixin_verb=('build',))
[1.000s] Level 1:colcon.colcon_core.package_discovery:discover_packages(colcon_meta) check parameters
[1.000s] Level 1:colcon.colcon_core.package_discovery:discover_packages(recursive) check parameters
[1.000s] Level 1:colcon.colcon_core.package_discovery:discover_packages(ignore) check parameters
[1.000s] Level 1:colcon.colcon_core.package_discovery:discover_packages(path) check parameters
[1.000s] Level 1:colcon.colcon_core.package_discovery:discover_packages(colcon_meta) discover
[1.001s] Level 1:colcon.colcon_core.package_discovery:discover_packages(recursive) discover
[1.001s] INFO:colcon.colcon_core.package_discovery:Crawling recursively for packages in '/home/muni/Documents/ast/Agile-development-AST/multirob_ws'
[1.001s] Level 1:colcon.colcon_core.package_identification:_identify(.) by extensions ['ignore', 'ignore_ament_install']
[1.001s] Level 1:colcon.colcon_core.package_identification:_identify(.) by extension 'ignore'
[1.002s] Level 1:colcon.colcon_core.package_identification:_identify(.) by extension 'ignore_ament_install'
[1.002s] Level 1:colcon.colcon_core.package_identification:_identify(.) by extensions ['colcon_pkg']
[1.002s] Level 1:colcon.colcon_core.package_identification:_identify(.) by extension 'colcon_pkg'
[1.002s] Level 1:colcon.colcon_core.package_identification:_identify(.) by extensions ['colcon_meta']
[1.002s] Level 1:colcon.colcon_core.package_identification:_identify(.) by extension 'colcon_meta'
[1.002s] Level 1:colcon.colcon_core.package_identification:_identify(.) by extensions ['ros']
[1.002s] Level 1:colcon.colcon_core.package_identification:_identify(.) by extension 'ros'
[1.040s] Level 1:colcon.colcon_core.package_identification:_identify(.) by extensions ['cmake', 'python']
[1.040s] Level 1:colcon.colcon_core.package_identification:_identify(.) by extension 'cmake'
[1.040s] Level 1:colcon.colcon_core.package_identification:_identify(.) by extension 'python'
[1.041s] Level 1:colcon.colcon_core.package_identification:_identify(.) by extensions ['python_setup_py']
[1.041s] Level 1:colcon.colcon_core.package_identification:_identify(.) by extension 'python_setup_py'
[1.041s] Level 1:colcon.colcon_core.package_identification:_identify(build) by extensions ['ignore', 'ignore_ament_install']
[1.042s] Level 1:colcon.colcon_core.package_identification:_identify(build) by extension 'ignore'
[1.042s] Level 1:colcon.colcon_core.package_identification:_identify(build) ignored
[1.043s] Level 1:colcon.colcon_core.package_identification:_identify(install) by extensions ['ignore', 'ignore_ament_install']
[1.043s] Level 1:colcon.colcon_core.package_identification:_identify(install) by extension 'ignore'
[1.043s] Level 1:colcon.colcon_core.package_identification:_identify(install) ignored
[1.044s] Level 1:colcon.colcon_core.package_identification:_identify(log) by extensions ['ignore', 'ignore_ament_install']
[1.044s] Level 1:colcon.colcon_core.package_identification:_identify(log) by extension 'ignore'
[1.044s] Level 1:colcon.colcon_core.package_identification:_identify(log) ignored
[1.044s] Level 1:colcon.colcon_core.package_identification:_identify(src) by extensions ['ignore', 'ignore_ament_install']
[1.045s] Level 1:colcon.colcon_core.package_identification:_identify(src) by extension 'ignore'
[1.045s] Level 1:colcon.colcon_core.package_identification:_identify(src) by extension 'ignore_ament_install'
[1.045s] Level 1:colcon.colcon_core.package_identification:_identify(src) by extensions ['colcon_pkg']
[1.045s] Level 1:colcon.colcon_core.package_identification:_identify(src) by extension 'colcon_pkg'
[1.045s] Level 1:colcon.colcon_core.package_identification:_identify(src) by extensions ['colcon_meta']
[1.045s] Level 1:colcon.colcon_core.package_identification:_identify(src) by extension 'colcon_meta'
[1.046s] Level 1:colcon.colcon_core.package_identification:_identify(src) by extensions ['ros']
[1.046s] Level 1:colcon.colcon_core.package_identification:_identify(src) by extension 'ros'
[1.046s] Level 1:colcon.colcon_core.package_identification:_identify(src) by extensions ['cmake', 'python']
[1.046s] Level 1:colcon.colcon_core.package_identification:_identify(src) by extension 'cmake'
[1.046s] Level 1:colcon.colcon_core.package_identification:_identify(src) by extension 'python'
[1.047s] Level 1:colcon.colcon_core.package_identification:_identify(src) by extensions ['python_setup_py']
[1.047s] Level 1:colcon.colcon_core.package_identification:_identify(src) by extension 'python_setup_py'
[1.047s] Level 1:colcon.colcon_core.package_identification:_identify(src/launch) by extensions ['ignore', 'ignore_ament_install']
[1.047s] Level 1:colcon.colcon_core.package_identification:_identify(src/launch) by extension 'ignore'
[1.047s] Level 1:colcon.colcon_core.package_identification:_identify(src/launch) by extension 'ignore_ament_install'
[1.048s] Level 1:colcon.colcon_core.package_identification:_identify(src/launch) by extensions ['colcon_pkg']
[1.048s] Level 1:colcon.colcon_core.package_identification:_identify(src/launch) by extension 'colcon_pkg'
[1.048s] Level 1:colcon.colcon_core.package_identification:_identify(src/launch) by extensions ['colcon_meta']
[1.048s] Level 1:colcon.colcon_core.package_identification:_identify(src/launch) by extension 'colcon_meta'
[1.048s] Level 1:colcon.colcon_core.package_identification:_identify(src/launch) by extensions ['ros']
[1.048s] Level 1:colcon.colcon_core.package_identification:_identify(src/launch) by extension 'ros'
[1.049s] Level 1:colcon.colcon_core.package_identification:_identify(src/launch) by extensions ['cmake', 'python']
[1.049s] Level 1:colcon.colcon_core.package_identification:_identify(src/launch) by extension 'cmake'
[1.049s] Level 1:colcon.colcon_core.package_identification:_identify(src/launch) by extension 'python'
[1.049s] Level 1:colcon.colcon_core.package_identification:_identify(src/launch) by extensions ['python_setup_py']
[1.049s] Level 1:colcon.colcon_core.package_identification:_identify(src/launch) by extension 'python_setup_py'
[1.050s] Level 1:colcon.colcon_core.package_identification:_identify(src/launch/__pycache__) by extensions ['ignore', 'ignore_ament_install']
[1.050s] Level 1:colcon.colcon_core.package_identification:_identify(src/launch/__pycache__) by extension 'ignore'
[1.050s] Level 1:colcon.colcon_core.package_identification:_identify(src/launch/__pycache__) by extension 'ignore_ament_install'
[1.050s] Level 1:colcon.colcon_core.package_identification:_identify(src/launch/__pycache__) by extensions ['colcon_pkg']
[1.051s] Level 1:colcon.colcon_core.package_identification:_identify(src/launch/__pycache__) by extension 'colcon_pkg'
[1.051s] Level 1:colcon.colcon_core.package_identification:_identify(src/launch/__pycache__) by extensions ['colcon_meta']
[1.051s] Level 1:colcon.colcon_core.package_identification:_identify(src/launch/__pycache__) by extension 'colcon_meta'
[1.051s] Level 1:colcon.colcon_core.package_identification:_identify(src/launch/__pycache__) by extensions ['ros']
[1.051s] Level 1:colcon.colcon_core.package_identification:_identify(src/launch/__pycache__) by extension 'ros'
[1.052s] Level 1:colcon.colcon_core.package_identification:_identify(src/launch/__pycache__) by extensions ['cmake', 'python']
[1.052s] Level 1:colcon.colcon_core.package_identification:_identify(src/launch/__pycache__) by extension 'cmake'
[1.052s] Level 1:colcon.colcon_core.package_identification:_identify(src/launch/__pycache__) by extension 'python'
[1.052s] Level 1:colcon.colcon_core.package_identification:_identify(src/launch/__pycache__) by extensions ['python_setup_py']
[1.052s] Level 1:colcon.colcon_core.package_identification:_identify(src/launch/__pycache__) by extension 'python_setup_py'
[1.053s] Level 1:colcon.colcon_core.package_identification:_identify(src/multirobot) by extensions ['ignore', 'ignore_ament_install']
[1.053s] Level 1:colcon.colcon_core.package_identification:_identify(src/multirobot) by extension 'ignore'
[1.053s] Level 1:colcon.colcon_core.package_identification:_identify(src/multirobot) by extension 'ignore_ament_install'
[1.053s] Level 1:colcon.colcon_core.package_identification:_identify(src/multirobot) by extensions ['colcon_pkg']
[1.053s] Level 1:colcon.colcon_core.package_identification:_identify(src/multirobot) by extension 'colcon_pkg'
[1.053s] Level 1:colcon.colcon_core.package_identification:_identify(src/multirobot) by extensions ['colcon_meta']
[1.054s] Level 1:colcon.colcon_core.package_identification:_identify(src/multirobot) by extension 'colcon_meta'
[1.054s] Level 1:colcon.colcon_core.package_identification:_identify(src/multirobot) by extensions ['ros']
[1.054s] Level 1:colcon.colcon_core.package_identification:_identify(src/multirobot) by extension 'ros'
[1.061s] DEBUG:colcon.colcon_core.package_identification:Package 'src/multirobot' with type 'ros.ament_python' and name 'multirobot'
[1.061s] Level 1:colcon.colcon_core.package_identification:_identify(src/robile_description) by extensions ['ignore', 'ignore_ament_install']
[1.062s] Level 1:colcon.colcon_core.package_identification:_identify(src/robile_description) by extension 'ignore'
[1.062s] Level 1:colcon.colcon_core.package_identification:_identify(src/robile_description) by extension 'ignore_ament_install'
[1.062s] Level 1:colcon.colcon_core.package_identification:_identify(src/robile_description) by extensions ['colcon_pkg']
[1.062s] Level 1:colcon.colcon_core.package_identification:_identify(src/robile_description) by extension 'colcon_pkg'
[1.063s] Level 1:colcon.colcon_core.package_identification:_identify(src/robile_description) by extensions ['colcon_meta']
[1.063s] Level 1:colcon.colcon_core.package_identification:_identify(src/robile_description) by extension 'colcon_meta'
[1.063s] Level 1:colcon.colcon_core.package_identification:_identify(src/robile_description) by extensions ['ros']
[1.063s] Level 1:colcon.colcon_core.package_identification:_identify(src/robile_description) by extension 'ros'
[1.065s] DEBUG:colcon.colcon_core.package_identification:Package 'src/robile_description' with type 'ros.ament_cmake' and name 'robile_description'
[1.065s] Level 1:colcon.colcon_core.package_identification:_identify(src/robile_gazebo) by extensions ['ignore', 'ignore_ament_install']
[1.065s] Level 1:colcon.colcon_core.package_identification:_identify(src/robile_gazebo) by extension 'ignore'
[1.066s] Level 1:colcon.colcon_core.package_identification:_identify(src/robile_gazebo) by extension 'ignore_ament_install'
[1.066s] Level 1:colcon.colcon_core.package_identification:_identify(src/robile_gazebo) by extensions ['colcon_pkg']
[1.066s] Level 1:colcon.colcon_core.package_identification:_identify(src/robile_gazebo) by extension 'colcon_pkg'
[1.066s] Level 1:colcon.colcon_core.package_identification:_identify(src/robile_gazebo) by extensions ['colcon_meta']
[1.066s] Level 1:colcon.colcon_core.package_identification:_identify(src/robile_gazebo) by extension 'colcon_meta'
[1.066s] Level 1:colcon.colcon_core.package_identification:_identify(src/robile_gazebo) by extensions ['ros']
[1.067s] Level 1:colcon.colcon_core.package_identification:_identify(src/robile_gazebo) by extension 'ros'
[1.070s] DEBUG:colcon.colcon_core.package_identification:Package 'src/robile_gazebo' with type 'ros.ament_cmake' and name 'robile_gazebo'
[1.071s] Level 1:colcon.colcon_core.package_discovery:discover_packages(recursive) using defaults
[1.071s] Level 1:colcon.colcon_core.package_discovery:discover_packages(ignore) discover
[1.071s] Level 1:colcon.colcon_core.package_discovery:discover_packages(ignore) using defaults
[1.071s] Level 1:colcon.colcon_core.package_discovery:discover_packages(path) discover
[1.071s] Level 1:colcon.colcon_core.package_discovery:discover_packages(path) using defaults
[1.154s] Level 1:colcon.colcon_core.package_discovery:discover_packages(prefix_path) check parameters
[1.154s] Level 1:colcon.colcon_core.package_discovery:discover_packages(prefix_path) discover
[1.162s] DEBUG:colcon.colcon_installed_package_information.package_discovery:Found 3 installed packages in /home/muni/Documents/ast/Agile-development-AST/multirob_ws/install
[1.163s] DEBUG:colcon.colcon_installed_package_information.package_discovery:Found 2 installed packages in /home/muni/Formula-Student-Driverless-Simulator/ros2/install
[1.171s] DEBUG:colcon.colcon_installed_package_information.package_discovery:Found 302 installed packages in /opt/ros/humble
[1.176s] Level 1:colcon.colcon_core.package_discovery:discover_packages(prefix_path) using defaults
[1.324s] Level 5:colcon.colcon_core.verb:set package 'multirobot' build argument 'cmake_args' from command line to 'None'
[1.324s] Level 5:colcon.colcon_core.verb:set package 'multirobot' build argument 'cmake_target' from command line to 'None'
[1.324s] Level 5:colcon.colcon_core.verb:set package 'multirobot' build argument 'cmake_target_skip_unavailable' from command line to 'False'
[1.324s] Level 5:colcon.colcon_core.verb:set package 'multirobot' build argument 'cmake_clean_cache' from command line to 'False'
[1.324s] Level 5:colcon.colcon_core.verb:set package 'multirobot' build argument 'cmake_clean_first' from command line to 'False'
[1.324s] Level 5:colcon.colcon_core.verb:set package 'multirobot' build argument 'cmake_force_configure' from command line to 'False'
[1.324s] Level 5:colcon.colcon_core.verb:set package 'multirobot' build argument 'ament_cmake_args' from command line to 'None'
[1.324s] Level 5:colcon.colcon_core.verb:set package 'multirobot' build argument 'catkin_cmake_args' from command line to 'None'
[1.325s] Level 5:colcon.colcon_core.verb:set package 'multirobot' build argument 'catkin_skip_building_tests' from command line to 'False'
[1.325s] DEBUG:colcon.colcon_core.verb:Building package 'multirobot' with the following arguments: {'ament_cmake_args': None, 'build_base': '/home/muni/Documents/ast/Agile-development-AST/multirob_ws/build/multirobot', 'catkin_cmake_args': None, 'catkin_skip_building_tests': False, 'cmake_args': None, 'cmake_clean_cache': False, 'cmake_clean_first': False, 'cmake_force_configure': False, 'cmake_target': None, 'cmake_target_skip_unavailable': False, 'install_base': '/home/muni/Documents/ast/Agile-development-AST/multirob_ws/install/multirobot', 'merge_install': False, 'path': '/home/muni/Documents/ast/Agile-development-AST/multirob_ws/src/multirobot', 'symlink_install': False, 'test_result_base': None}
[1.326s] Level 5:colcon.colcon_core.verb:set package 'robile_description' build argument 'cmake_args' from command line to 'None'
[1.326s] Level 5:colcon.colcon_core.verb:set package 'robile_description' build argument 'cmake_target' from command line to 'None'
[1.326s] Level 5:colcon.colcon_core.verb:set package 'robile_description' build argument 'cmake_target_skip_unavailable' from command line to 'False'
[1.326s] Level 5:colcon.colcon_core.verb:set package 'robile_description' build argument 'cmake_clean_cache' from command line to 'False'
[1.326s] Level 5:colcon.colcon_core.verb:set package 'robile_description' build argument 'cmake_clean_first' from command line to 'False'
[1.326s] Level 5:colcon.colcon_core.verb:set package 'robile_description' build argument 'cmake_force_configure' from command line to 'False'
[1.327s] Level 5:colcon.colcon_core.verb:set package 'robile_description' build argument 'ament_cmake_args' from command line to 'None'
[1.327s] Level 5:colcon.colcon_core.verb:set package 'robile_description' build argument 'catkin_cmake_args' from command line to 'None'
[1.327s] Level 5:colcon.colcon_core.verb:set package 'robile_description' build argument 'catkin_skip_building_tests' from command line to 'False'
[1.327s] DEBUG:colcon.colcon_core.verb:Building package 'robile_description' with the following arguments: {'ament_cmake_args': None, 'build_base': '/home/muni/Documents/ast/Agile-development-AST/multirob_ws/build/robile_description', 'catkin_cmake_args': None, 'catkin_skip_building_tests': False, 'cmake_args': None, 'cmake_clean_cache': False, 'cmake_clean_first': False, 'cmake_force_configure': False, 'cmake_target': None, 'cmake_target_skip_unavailable': False, 'install_base': '/home/muni/Documents/ast/Agile-development-AST/multirob_ws/install/robile_description', 'merge_install': False, 'path': '/home/muni/Documents/ast/Agile-development-AST/multirob_ws/src/robile_description', 'symlink_install': False, 'test_result_base': None}
[1.328s] Level 5:colcon.colcon_core.verb:set package 'robile_gazebo' build argument 'cmake_args' from command line to 'None'
[1.328s] Level 5:colcon.colcon_core.verb:set package 'robile_gazebo' build argument 'cmake_target' from command line to 'None'
[1.328s] Level 5:colcon.colcon_core.verb:set package 'robile_gazebo' build argument 'cmake_target_skip_unavailable' from command line to 'False'
[1.328s] Level 5:colcon.colcon_core.verb:set package 'robile_gazebo' build argument 'cmake_clean_cache' from command line to 'False'
[1.328s] Level 5:colcon.colcon_core.verb:set package 'robile_gazebo' build argument 'cmake_clean_first' from command line to 'False'
[1.328s] Level 5:colcon.colcon_core.verb:set package 'robile_gazebo' build argument 'cmake_force_configure' from command line to 'False'
[1.329s] Level 5:colcon.colcon_core.verb:set package 'robile_gazebo' build argument 'ament_cmake_args' from command line to 'None'
[1.329s] Level 5:colcon.colcon_core.verb:set package 'robile_gazebo' build argument 'catkin_cmake_args' from command line to 'None'
[1.329s] Level 5:colcon.colcon_core.verb:set package 'robile_gazebo' build argument 'catkin_skip_building_tests' from command line to 'False'
[1.329s] DEBUG:colcon.colcon_core.verb:Building package 'robile_gazebo' with the following arguments: {'ament_cmake_args': None, 'build_base': '/home/muni/Documents/ast/Agile-development-AST/multirob_ws/build/robile_gazebo', 'catkin_cmake_args': None, 'catkin_skip_building_tests': False, 'cmake_args': None, 'cmake_clean_cache': False, 'cmake_clean_first': False, 'cmake_force_configure': False, 'cmake_target': None, 'cmake_target_skip_unavailable': False, 'install_base': '/home/muni/Documents/ast/Agile-development-AST/multirob_ws/install/robile_gazebo', 'merge_install': False, 'path': '/home/muni/Documents/ast/Agile-development-AST/multirob_ws/src/robile_gazebo', 'symlink_install': False, 'test_result_base': None}
[1.329s] INFO:colcon.colcon_core.executor:Executing jobs using 'parallel' executor
[1.334s] DEBUG:colcon.colcon_parallel_executor.executor.parallel:run_until_complete
[1.334s] INFO:colcon.colcon_ros.task.ament_cmake.build:Building ROS package in '/home/muni/Documents/ast/Agile-development-AST/multirob_ws/src/robile_description' with build type 'ament_cmake'
[1.335s] INFO:colcon.colcon_cmake.task.cmake.build:Building CMake package in '/home/muni/Documents/ast/Agile-development-AST/multirob_ws/src/robile_description'
[1.343s] INFO:colcon.colcon_core.plugin_system:Skipping extension 'colcon_core.shell.bat': Not used on non-Windows systems
[1.343s] INFO:colcon.colcon_core.shell:Skip shell extension 'powershell' for command environment: Not usable outside of PowerShell
[1.343s] DEBUG:colcon.colcon_core.shell:Skip shell extension 'dsv' for command environment
[1.364s] INFO:colcon.colcon_ros.task.ament_python.build:Building ROS package in '/home/muni/Documents/ast/Agile-development-AST/multirob_ws/src/multirobot' with build type 'ament_python'
[1.365s] Level 1:colcon.colcon_core.shell:create_environment_hook('multirobot', 'ament_prefix_path')
[1.365s] INFO:colcon.colcon_core.shell:Creating environment hook '/home/muni/Documents/ast/Agile-development-AST/multirob_ws/install/multirobot/share/multirobot/hook/ament_prefix_path.ps1'
[1.369s] INFO:colcon.colcon_core.shell:Creating environment descriptor '/home/muni/Documents/ast/Agile-development-AST/multirob_ws/install/multirobot/share/multirobot/hook/ament_prefix_path.dsv'
[1.370s] INFO:colcon.colcon_core.shell:Creating environment hook '/home/muni/Documents/ast/Agile-development-AST/multirob_ws/install/multirobot/share/multirobot/hook/ament_prefix_path.sh'
[1.373s] INFO:colcon.colcon_core.shell:Skip shell extension 'powershell' for command environment: Not usable outside of PowerShell
[1.373s] DEBUG:colcon.colcon_core.shell:Skip shell extension 'dsv' for command environment
[1.416s] DEBUG:colcon.colcon_core.event_handler.log_command:Invoking command in '/home/muni/Documents/ast/Agile-development-AST/multirob_ws/build/robile_description': CMAKE_PREFIX_PATH=${CMAKE_PREFIX_PATH}:/opt/ros/humble /usr/bin/cmake --build /home/muni/Documents/ast/Agile-development-AST/multirob_ws/build/robile_description -- -j6 -l6
[2.370s] INFO:colcon.colcon_core.task.python.build:Building Python package in '/home/muni/Documents/ast/Agile-development-AST/multirob_ws/src/multirobot'
[2.371s] INFO:colcon.colcon_core.shell:Skip shell extension 'powershell' for command environment: Not usable outside of PowerShell
[2.371s] DEBUG:colcon.colcon_core.shell:Skip shell extension 'dsv' for command environment
[2.397s] DEBUG:colcon.colcon_core.event_handler.log_command:Invoked command in '/home/muni/Documents/ast/Agile-development-AST/multirob_ws/build/robile_description' returned '0': CMAKE_PREFIX_PATH=${CMAKE_PREFIX_PATH}:/opt/ros/humble /usr/bin/cmake --build /home/muni/Documents/ast/Agile-development-AST/multirob_ws/build/robile_description -- -j6 -l6
[2.583s] DEBUG:colcon.colcon_core.event_handler.log_command:Invoking command in '/home/muni/Documents/ast/Agile-development-AST/multirob_ws/build/robile_description': CMAKE_PREFIX_PATH=${CMAKE_PREFIX_PATH}:/opt/ros/humble /usr/bin/cmake --install /home/muni/Documents/ast/Agile-development-AST/multirob_ws/build/robile_description
[2.662s] Level 1:colcon.colcon_core.environment:create_environment_scripts_only(robile_description)
[2.664s] DEBUG:colcon.colcon_core.event_handler.log_command:Invoked command in '/home/muni/Documents/ast/Agile-development-AST/multirob_ws/build/robile_description' returned '0': CMAKE_PREFIX_PATH=${CMAKE_PREFIX_PATH}:/opt/ros/humble /usr/bin/cmake --install /home/muni/Documents/ast/Agile-development-AST/multirob_ws/build/robile_description
[2.673s] Level 1:colcon.colcon_core.environment:checking '/home/muni/Documents/ast/Agile-development-AST/multirob_ws/install/robile_description' for CMake module files
[2.675s] Level 1:colcon.colcon_core.environment:checking '/home/muni/Documents/ast/Agile-development-AST/multirob_ws/install/robile_description' for CMake config files
[2.676s] Level 1:colcon.colcon_core.shell:create_environment_hook('robile_description', 'cmake_prefix_path')
[2.677s] INFO:colcon.colcon_core.shell:Creating environment hook '/home/muni/Documents/ast/Agile-development-AST/multirob_ws/install/robile_description/share/robile_description/hook/cmake_prefix_path.ps1'
[2.679s] INFO:colcon.colcon_core.shell:Creating environment descriptor '/home/muni/Documents/ast/Agile-development-AST/multirob_ws/install/robile_description/share/robile_description/hook/cmake_prefix_path.dsv'
[2.680s] INFO:colcon.colcon_core.shell:Creating environment hook '/home/muni/Documents/ast/Agile-development-AST/multirob_ws/install/robile_description/share/robile_description/hook/cmake_prefix_path.sh'
[2.684s] Level 1:colcon.colcon_core.environment:checking '/home/muni/Documents/ast/Agile-development-AST/multirob_ws/install/robile_description/bin'
[2.684s] Level 1:colcon.colcon_core.environment:checking '/home/muni/Documents/ast/Agile-development-AST/multirob_ws/install/robile_description/lib/pkgconfig/robile_description.pc'
[2.685s] Level 1:colcon.colcon_core.environment:checking '/home/muni/Documents/ast/Agile-development-AST/multirob_ws/install/robile_description/lib/python3.10/site-packages'
[2.685s] Level 1:colcon.colcon_core.environment:checking '/home/muni/Documents/ast/Agile-development-AST/multirob_ws/install/robile_description/bin'
[2.686s] INFO:colcon.colcon_core.shell:Creating package script '/home/muni/Documents/ast/Agile-development-AST/multirob_ws/install/robile_description/share/robile_description/package.ps1'
[2.690s] INFO:colcon.colcon_core.shell:Creating package descriptor '/home/muni/Documents/ast/Agile-development-AST/multirob_ws/install/robile_description/share/robile_description/package.dsv'
[2.692s] INFO:colcon.colcon_core.shell:Creating package script '/home/muni/Documents/ast/Agile-development-AST/multirob_ws/install/robile_description/share/robile_description/package.sh'
[2.695s] INFO:colcon.colcon_core.shell:Creating package script '/home/muni/Documents/ast/Agile-development-AST/multirob_ws/install/robile_description/share/robile_description/package.bash'
[2.698s] INFO:colcon.colcon_core.shell:Creating package script '/home/muni/Documents/ast/Agile-development-AST/multirob_ws/install/robile_description/share/robile_description/package.zsh'
[2.700s] Level 1:colcon.colcon_core.environment:create_file_with_runtime_dependencies(/home/muni/Documents/ast/Agile-development-AST/multirob_ws/install/robile_description/share/colcon-core/packages/robile_description)
[2.854s] Level 1:colcon.colcon_core.environment:create_environment_scripts_only(robile_description)
[2.855s] Level 1:colcon.colcon_core.environment:checking '/home/muni/Documents/ast/Agile-development-AST/multirob_ws/install/robile_description' for CMake module files
[2.857s] Level 1:colcon.colcon_core.environment:checking '/home/muni/Documents/ast/Agile-development-AST/multirob_ws/install/robile_description' for CMake config files
[2.858s] Level 1:colcon.colcon_core.shell:create_environment_hook('robile_description', 'cmake_prefix_path')
[2.859s] INFO:colcon.colcon_core.shell:Creating environment hook '/home/muni/Documents/ast/Agile-development-AST/multirob_ws/install/robile_description/share/robile_description/hook/cmake_prefix_path.ps1'
[2.861s] INFO:colcon.colcon_core.shell:Creating environment descriptor '/home/muni/Documents/ast/Agile-development-AST/multirob_ws/install/robile_description/share/robile_description/hook/cmake_prefix_path.dsv'
[2.863s] INFO:colcon.colcon_core.shell:Creating environment hook '/home/muni/Documents/ast/Agile-development-AST/multirob_ws/install/robile_description/share/robile_description/hook/cmake_prefix_path.sh'
[2.866s] Level 1:colcon.colcon_core.environment:checking '/home/muni/Documents/ast/Agile-development-AST/multirob_ws/install/robile_description/bin'
[2.866s] Level 1:colcon.colcon_core.environment:checking '/home/muni/Documents/ast/Agile-development-AST/multirob_ws/install/robile_description/lib/pkgconfig/robile_description.pc'
[2.867s] Level 1:colcon.colcon_core.environment:checking '/home/muni/Documents/ast/Agile-development-AST/multirob_ws/install/robile_description/lib/python3.10/site-packages'
[2.868s] Level 1:colcon.colcon_core.environment:checking '/home/muni/Documents/ast/Agile-development-AST/multirob_ws/install/robile_description/bin'
[2.869s] INFO:colcon.colcon_core.shell:Creating package script '/home/muni/Documents/ast/Agile-development-AST/multirob_ws/install/robile_description/share/robile_description/package.ps1'
[2.871s] INFO:colcon.colcon_core.shell:Creating package descriptor '/home/muni/Documents/ast/Agile-development-AST/multirob_ws/install/robile_description/share/robile_description/package.dsv'
[2.873s] INFO:colcon.colcon_core.shell:Creating package script '/home/muni/Documents/ast/Agile-development-AST/multirob_ws/install/robile_description/share/robile_description/package.sh'
[2.875s] INFO:colcon.colcon_core.shell:Creating package script '/home/muni/Documents/ast/Agile-development-AST/multirob_ws/install/robile_description/share/robile_description/package.bash'
[2.878s] INFO:colcon.colcon_core.shell:Creating package script '/home/muni/Documents/ast/Agile-development-AST/multirob_ws/install/robile_description/share/robile_description/package.zsh'
[2.880s] Level 1:colcon.colcon_core.environment:create_file_with_runtime_dependencies(/home/muni/Documents/ast/Agile-development-AST/multirob_ws/install/robile_description/share/colcon-core/packages/robile_description)
[2.882s] INFO:colcon.colcon_ros.task.ament_cmake.build:Building ROS package in '/home/muni/Documents/ast/Agile-development-AST/multirob_ws/src/robile_gazebo' with build type 'ament_cmake'
[2.882s] INFO:colcon.colcon_cmake.task.cmake.build:Building CMake package in '/home/muni/Documents/ast/Agile-development-AST/multirob_ws/src/robile_gazebo'
[2.883s] INFO:colcon.colcon_core.shell:Skip shell extension 'powershell' for command environment: Not usable outside of PowerShell
[2.883s] DEBUG:colcon.colcon_core.shell:Skip shell extension 'dsv' for command environment
[2.942s] DEBUG:colcon.colcon_core.event_handler.log_command:Invoking command in '/home/muni/Documents/ast/Agile-development-AST/multirob_ws/build/robile_gazebo': CMAKE_PREFIX_PATH=/home/muni/Documents/ast/Agile-development-AST/multirob_ws/install/robile_description:/home/muni/Documents/ast/Agile-development-AST/multirob_ws/install/robile_gazebo:/home/muni/Documents/ast/Agile-development-AST/multirob_ws/install/multirobot:/home/muni/Formula-Student-Driverless-Simulator/ros2/install/fsds_ros2_bridge:/home/muni/Formula-Student-Driverless-Simulator/ros2/install/fs_msgs:/opt/ros/humble /usr/bin/cmake --build /home/muni/Documents/ast/Agile-development-AST/multirob_ws/build/robile_gazebo -- -j6 -l6
[3.133s] DEBUG:colcon.colcon_core.event_handler.log_command:Invoked command in '/home/muni/Documents/ast/Agile-development-AST/multirob_ws/build/robile_gazebo' returned '0': CMAKE_PREFIX_PATH=/home/muni/Documents/ast/Agile-development-AST/multirob_ws/install/robile_description:/home/muni/Documents/ast/Agile-development-AST/multirob_ws/install/robile_gazebo:/home/muni/Documents/ast/Agile-development-AST/multirob_ws/install/multirobot:/home/muni/Formula-Student-Driverless-Simulator/ros2/install/fsds_ros2_bridge:/home/muni/Formula-Student-Driverless-Simulator/ros2/install/fs_msgs:/opt/ros/humble /usr/bin/cmake --build /home/muni/Documents/ast/Agile-development-AST/multirob_ws/build/robile_gazebo -- -j6 -l6
[3.292s] DEBUG:colcon.colcon_core.event_handler.log_command:Invoking command in '/home/muni/Documents/ast/Agile-development-AST/multirob_ws/build/robile_gazebo': CMAKE_PREFIX_PATH=/home/muni/Documents/ast/Agile-development-AST/multirob_ws/install/robile_description:/home/muni/Documents/ast/Agile-development-AST/multirob_ws/install/robile_gazebo:/home/muni/Documents/ast/Agile-development-AST/multirob_ws/install/multirobot:/home/muni/Formula-Student-Driverless-Simulator/ros2/install/fsds_ros2_bridge:/home/muni/Formula-Student-Driverless-Simulator/ros2/install/fs_msgs:/opt/ros/humble /usr/bin/cmake --install /home/muni/Documents/ast/Agile-development-AST/multirob_ws/build/robile_gazebo
[3.356s] Level 1:colcon.colcon_core.environment:create_environment_scripts_only(robile_gazebo)
[3.357s] Level 1:colcon.colcon_core.environment:checking '/home/muni/Documents/ast/Agile-development-AST/multirob_ws/install/robile_gazebo' for CMake module files
[3.359s] DEBUG:colcon.colcon_core.event_handler.log_command:Invoked command in '/home/muni/Documents/ast/Agile-development-AST/multirob_ws/build/robile_gazebo' returned '0': CMAKE_PREFIX_PATH=/home/muni/Documents/ast/Agile-development-AST/multirob_ws/install/robile_description:/home/muni/Documents/ast/Agile-development-AST/multirob_ws/install/robile_gazebo:/home/muni/Documents/ast/Agile-development-AST/multirob_ws/install/multirobot:/home/muni/Formula-Student-Driverless-Simulator/ros2/install/fsds_ros2_bridge:/home/muni/Formula-Student-Driverless-Simulator/ros2/install/fs_msgs:/opt/ros/humble /usr/bin/cmake --install /home/muni/Documents/ast/Agile-development-AST/multirob_ws/build/robile_gazebo
[3.361s] Level 1:colcon.colcon_core.environment:checking '/home/muni/Documents/ast/Agile-development-AST/multirob_ws/install/robile_gazebo' for CMake config files
[3.363s] Level 1:colcon.colcon_core.shell:create_environment_hook('robile_gazebo', 'cmake_prefix_path')
[3.364s] INFO:colcon.colcon_core.shell:Creating environment hook '/home/muni/Documents/ast/Agile-development-AST/multirob_ws/install/robile_gazebo/share/robile_gazebo/hook/cmake_prefix_path.ps1'
[3.366s] INFO:colcon.colcon_core.shell:Creating environment descriptor '/home/muni/Documents/ast/Agile-development-AST/multirob_ws/install/robile_gazebo/share/robile_gazebo/hook/cmake_prefix_path.dsv'
[3.368s] INFO:colcon.colcon_core.shell:Creating environment hook '/home/muni/Documents/ast/Agile-development-AST/multirob_ws/install/robile_gazebo/share/robile_gazebo/hook/cmake_prefix_path.sh'
[3.370s] Level 1:colcon.colcon_core.environment:checking '/home/muni/Documents/ast/Agile-development-AST/multirob_ws/install/robile_gazebo/bin'
[3.370s] Level 1:colcon.colcon_core.environment:checking '/home/muni/Documents/ast/Agile-development-AST/multirob_ws/install/robile_gazebo/lib/pkgconfig/robile_gazebo.pc'
[3.371s] Level 1:colcon.colcon_core.environment:checking '/home/muni/Documents/ast/Agile-development-AST/multirob_ws/install/robile_gazebo/lib/python3.10/site-packages'
[3.372s] Level 1:colcon.colcon_core.environment:checking '/home/muni/Documents/ast/Agile-development-AST/multirob_ws/install/robile_gazebo/bin'
[3.373s] INFO:colcon.colcon_core.shell:Creating package script '/home/muni/Documents/ast/Agile-development-AST/multirob_ws/install/robile_gazebo/share/robile_gazebo/package.ps1'
[3.375s] INFO:colcon.colcon_core.shell:Creating package descriptor '/home/muni/Documents/ast/Agile-development-AST/multirob_ws/install/robile_gazebo/share/robile_gazebo/package.dsv'
[3.377s] INFO:colcon.colcon_core.shell:Creating package script '/home/muni/Documents/ast/Agile-development-AST/multirob_ws/install/robile_gazebo/share/robile_gazebo/package.sh'
[3.379s] INFO:colcon.colcon_core.shell:Creating package script '/home/muni/Documents/ast/Agile-development-AST/multirob_ws/install/robile_gazebo/share/robile_gazebo/package.bash'
[3.381s] INFO:colcon.colcon_core.shell:Creating package script '/home/muni/Documents/ast/Agile-development-AST/multirob_ws/install/robile_gazebo/share/robile_gazebo/package.zsh'
[3.382s] Level 1:colcon.colcon_core.environment:create_file_with_runtime_dependencies(/home/muni/Documents/ast/Agile-development-AST/multirob_ws/install/robile_gazebo/share/colcon-core/packages/robile_gazebo)
[3.541s] Level 1:colcon.colcon_core.environment:create_environment_scripts_only(robile_gazebo)
[3.542s] Level 1:colcon.colcon_core.environment:checking '/home/muni/Documents/ast/Agile-development-AST/multirob_ws/install/robile_gazebo' for CMake module files
[3.544s] Level 1:colcon.colcon_core.environment:checking '/home/muni/Documents/ast/Agile-development-AST/multirob_ws/install/robile_gazebo' for CMake config files
[3.545s] Level 1:colcon.colcon_core.shell:create_environment_hook('robile_gazebo', 'cmake_prefix_path')
[3.547s] INFO:colcon.colcon_core.shell:Creating environment hook '/home/muni/Documents/ast/Agile-development-AST/multirob_ws/install/robile_gazebo/share/robile_gazebo/hook/cmake_prefix_path.ps1'
[3.549s] INFO:colcon.colcon_core.shell:Creating environment descriptor '/home/muni/Documents/ast/Agile-development-AST/multirob_ws/install/robile_gazebo/share/robile_gazebo/hook/cmake_prefix_path.dsv'
[3.551s] INFO:colcon.colcon_core.shell:Creating environment hook '/home/muni/Documents/ast/Agile-development-AST/multirob_ws/install/robile_gazebo/share/robile_gazebo/hook/cmake_prefix_path.sh'
[3.553s] Level 1:colcon.colcon_core.environment:checking '/home/muni/Documents/ast/Agile-development-AST/multirob_ws/install/robile_gazebo/bin'
[3.553s] Level 1:colcon.colcon_core.environment:checking '/home/muni/Documents/ast/Agile-development-AST/multirob_ws/install/robile_gazebo/lib/pkgconfig/robile_gazebo.pc'
[3.554s] Level 1:colcon.colcon_core.environment:checking '/home/muni/Documents/ast/Agile-development-AST/multirob_ws/install/robile_gazebo/lib/python3.10/site-packages'
[3.555s] Level 1:colcon.colcon_core.environment:checking '/home/muni/Documents/ast/Agile-development-AST/multirob_ws/install/robile_gazebo/bin'
[3.556s] INFO:colcon.colcon_core.shell:Creating package script '/home/muni/Documents/ast/Agile-development-AST/multirob_ws/install/robile_gazebo/share/robile_gazebo/package.ps1'
[3.558s] INFO:colcon.colcon_core.shell:Creating package descriptor '/home/muni/Documents/ast/Agile-development-AST/multirob_ws/install/robile_gazebo/share/robile_gazebo/package.dsv'
[3.560s] INFO:colcon.colcon_core.shell:Creating package script '/home/muni/Documents/ast/Agile-development-AST/multirob_ws/install/robile_gazebo/share/robile_gazebo/package.sh'
[3.562s] INFO:colcon.colcon_core.shell:Creating package script '/home/muni/Documents/ast/Agile-development-AST/multirob_ws/install/robile_gazebo/share/robile_gazebo/package.bash'
[3.564s] INFO:colcon.colcon_core.shell:Creating package script '/home/muni/Documents/ast/Agile-development-AST/multirob_ws/install/robile_gazebo/share/robile_gazebo/package.zsh'
[3.567s] Level 1:colcon.colcon_core.environment:create_file_with_runtime_dependencies(/home/muni/Documents/ast/Agile-development-AST/multirob_ws/install/robile_gazebo/share/colcon-core/packages/robile_gazebo)
[3.816s] DEBUG:colcon.colcon_core.event_handler.log_command:Invoking command in '/home/muni/Documents/ast/Agile-development-AST/multirob_ws/src/multirobot': PYTHONPATH=/home/muni/Documents/ast/Agile-development-AST/multirob_ws/build/multirobot/prefix_override:/home/muni/Documents/ast/Agile-development-AST/multirob_ws/install/multirobot/lib/python3.10/site-packages:${PYTHONPATH} /usr/bin/python3 -W ignore:setup.py install is deprecated setup.py egg_info --egg-base ../../build/multirobot build --build-base /home/muni/Documents/ast/Agile-development-AST/multirob_ws/build/multirobot/build install --record /home/muni/Documents/ast/Agile-development-AST/multirob_ws/build/multirobot/install.log --single-version-externally-managed install_data
[4.906s] Level 1:colcon.colcon_core.environment:checking '/home/muni/Documents/ast/Agile-development-AST/multirob_ws/install/multirobot' for CMake module files
[4.909s] DEBUG:colcon.colcon_core.event_handler.log_command:Invoked command in '/home/muni/Documents/ast/Agile-development-AST/multirob_ws/src/multirobot' returned '0': PYTHONPATH=/home/muni/Documents/ast/Agile-development-AST/multirob_ws/build/multirobot/prefix_override:/home/muni/Documents/ast/Agile-development-AST/multirob_ws/install/multirobot/lib/python3.10/site-packages:${PYTHONPATH} /usr/bin/python3 -W ignore:setup.py install is deprecated setup.py egg_info --egg-base ../../build/multirobot build --build-base /home/muni/Documents/ast/Agile-development-AST/multirob_ws/build/multirobot/build install --record /home/muni/Documents/ast/Agile-development-AST/multirob_ws/build/multirobot/install.log --single-version-externally-managed install_data
[4.911s] Level 1:colcon.colcon_core.environment:checking '/home/muni/Documents/ast/Agile-development-AST/multirob_ws/install/multirobot' for CMake config files
[4.913s] Level 1:colcon.colcon_core.shell:create_environment_hook('multirobot', 'cmake_prefix_path')
[4.914s] INFO:colcon.colcon_core.shell:Creating environment hook '/home/muni/Documents/ast/Agile-development-AST/multirob_ws/install/multirobot/share/multirobot/hook/cmake_prefix_path.ps1'
[4.915s] INFO:colcon.colcon_core.shell:Creating environment descriptor '/home/muni/Documents/ast/Agile-development-AST/multirob_ws/install/multirobot/share/multirobot/hook/cmake_prefix_path.dsv'
[4.917s] INFO:colcon.colcon_core.shell:Creating environment hook '/home/muni/Documents/ast/Agile-development-AST/multirob_ws/install/multirobot/share/multirobot/hook/cmake_prefix_path.sh'
[4.920s] Level 1:colcon.colcon_core.environment:checking '/home/muni/Documents/ast/Agile-development-AST/multirob_ws/install/multirobot/lib'
[4.920s] Level 1:colcon.colcon_core.environment:checking '/home/muni/Documents/ast/Agile-development-AST/multirob_ws/install/multirobot/bin'
[4.921s] Level 1:colcon.colcon_core.environment:checking '/home/muni/Documents/ast/Agile-development-AST/multirob_ws/install/multirobot/lib/pkgconfig/multirobot.pc'
[4.921s] Level 1:colcon.colcon_core.environment:checking '/home/muni/Documents/ast/Agile-development-AST/multirob_ws/install/multirobot/lib/python3.10/site-packages'
[4.921s] Level 1:colcon.colcon_core.shell:create_environment_hook('multirobot', 'pythonpath')
[4.922s] INFO:colcon.colcon_core.shell:Creating environment hook '/home/muni/Documents/ast/Agile-development-AST/multirob_ws/install/multirobot/share/multirobot/hook/pythonpath.ps1'
[4.923s] INFO:colcon.colcon_core.shell:Creating environment descriptor '/home/muni/Documents/ast/Agile-development-AST/multirob_ws/install/multirobot/share/multirobot/hook/pythonpath.dsv'
[4.926s] INFO:colcon.colcon_core.shell:Creating environment hook '/home/muni/Documents/ast/Agile-development-AST/multirob_ws/install/multirobot/share/multirobot/hook/pythonpath.sh'
[4.928s] Level 1:colcon.colcon_core.environment:checking '/home/muni/Documents/ast/Agile-development-AST/multirob_ws/install/multirobot/bin'
[4.928s] Level 1:colcon.colcon_core.environment:create_environment_scripts_only(multirobot)
[4.929s] INFO:colcon.colcon_core.shell:Creating package script '/home/muni/Documents/ast/Agile-development-AST/multirob_ws/install/multirobot/share/multirobot/package.ps1'
[4.931s] INFO:colcon.colcon_core.shell:Creating package descriptor '/home/muni/Documents/ast/Agile-development-AST/multirob_ws/install/multirobot/share/multirobot/package.dsv'
[4.933s] INFO:colcon.colcon_core.shell:Creating package script '/home/muni/Documents/ast/Agile-development-AST/multirob_ws/install/multirobot/share/multirobot/package.sh'
[4.935s] INFO:colcon.colcon_core.shell:Creating package script '/home/muni/Documents/ast/Agile-development-AST/multirob_ws/install/multirobot/share/multirobot/package.bash'
[4.937s] INFO:colcon.colcon_core.shell:Creating package script '/home/muni/Documents/ast/Agile-development-AST/multirob_ws/install/multirobot/share/multirobot/package.zsh'
[4.938s] Level 1:colcon.colcon_core.environment:create_file_with_runtime_dependencies(/home/muni/Documents/ast/Agile-development-AST/multirob_ws/install/multirobot/share/colcon-core/packages/multirobot)
[4.940s] DEBUG:colcon.colcon_parallel_executor.executor.parallel:closing loop
[4.941s] DEBUG:colcon.colcon_parallel_executor.executor.parallel:loop closed
[4.941s] DEBUG:colcon.colcon_parallel_executor.executor.parallel:run_until_complete finished with '0'
[4.942s] DEBUG:colcon.colcon_core.event_reactor:joining thread
[4.961s] INFO:colcon.colcon_core.plugin_system:Skipping extension 'colcon_notification.desktop_notification.terminal_notifier': Not used on non-Darwin systems
[4.962s] INFO:colcon.colcon_core.plugin_system:Skipping extension 'colcon_notification.desktop_notification.win32': Not used on non-Windows systems
[4.962s] INFO:colcon.colcon_notification.desktop_notification:Sending desktop notification using 'notify2'
[5.014s] DEBUG:colcon.colcon_core.event_reactor:joined thread
[5.015s] INFO:colcon.colcon_core.shell:Creating prefix script '/home/muni/Documents/ast/Agile-development-AST/multirob_ws/install/local_setup.ps1'
[5.018s] INFO:colcon.colcon_core.shell:Creating prefix util module '/home/muni/Documents/ast/Agile-development-AST/multirob_ws/install/_local_setup_util_ps1.py'
[5.023s] INFO:colcon.colcon_core.shell:Creating prefix chain script '/home/muni/Documents/ast/Agile-development-AST/multirob_ws/install/setup.ps1'
[5.028s] INFO:colcon.colcon_core.shell:Creating prefix script '/home/muni/Documents/ast/Agile-development-AST/multirob_ws/install/local_setup.sh'
[5.030s] INFO:colcon.colcon_core.shell:Creating prefix util module '/home/muni/Documents/ast/Agile-development-AST/multirob_ws/install/_local_setup_util_sh.py'
[5.033s] INFO:colcon.colcon_core.shell:Creating prefix chain script '/home/muni/Documents/ast/Agile-development-AST/multirob_ws/install/setup.sh'
[5.038s] INFO:colcon.colcon_core.shell:Creating prefix script '/home/muni/Documents/ast/Agile-development-AST/multirob_ws/install/local_setup.bash'
[5.040s] INFO:colcon.colcon_core.shell:Creating prefix chain script '/home/muni/Documents/ast/Agile-development-AST/multirob_ws/install/setup.bash'
[5.046s] INFO:colcon.colcon_core.shell:Creating prefix script '/home/muni/Documents/ast/Agile-development-AST/multirob_ws/install/local_setup.zsh'
[5.049s] INFO:colcon.colcon_core.shell:Creating prefix chain script '/home/muni/Documents/ast/Agile-development-AST/multirob_ws/install/setup.zsh'
