[0.242s] DEBUG:colcon:Command line arguments: ['/usr/bin/colcon', 'build']
[0.242s] DEBUG:colcon:Parsed command line arguments: Namespace(log_base=None, log_level=None, verb_name='build', build_base='build', install_base='install', merge_install=False, symlink_install=False, test_result_base=None, continue_on_error=False, executor='parallel', parallel_workers=6, event_handlers=None, ignore_user_meta=False, metas=['./colcon.meta'], base_paths=['.'], packages_ignore=None, packages_ignore_regex=None, paths=None, packages_up_to=None, packages_up_to_regex=None, packages_above=None, packages_above_and_dependencies=None, packages_above_depth=None, packages_select_by_dep=None, packages_skip_by_dep=None, packages_skip_up_to=None, packages_select_build_failed=False, packages_skip_build_finished=False, packages_select_test_failures=False, packages_skip_test_passed=False, packages_select=None, packages_skip=None, packages_select_regex=None, packages_skip_regex=None, packages_start=None, packages_end=None, allow_overriding=[], cmake_args=None, cmake_target=None, cmake_target_skip_unavailable=False, cmake_clean_cache=False, cmake_clean_first=False, cmake_force_configure=False, ament_cmake_args=None, catkin_cmake_args=None, catkin_skip_building_tests=False, mixin_files=None, mixin=None, verb_parser=<colcon_mixin.mixin.mixin_argument.MixinArgumentDecorator object at 0x761bd693a8f0>, verb_extension=<colcon_core.verb.build.BuildVerb object at 0x761bd693a3b0>, main=<bound method BuildVerb.main of <colcon_core.verb.build.BuildVerb object at 0x761bd693a3b0>>, mixin_verb=('build',))
[0.615s] Level 1:colcon.colcon_core.package_discovery:discover_packages(colcon_meta) check parameters
[0.616s] Level 1:colcon.colcon_core.package_discovery:discover_packages(recursive) check parameters
[0.616s] Level 1:colcon.colcon_core.package_discovery:discover_packages(ignore) check parameters
[0.616s] Level 1:colcon.colcon_core.package_discovery:discover_packages(path) check parameters
[0.616s] Level 1:colcon.colcon_core.package_discovery:discover_packages(colcon_meta) discover
[0.616s] Level 1:colcon.colcon_core.package_discovery:discover_packages(recursive) discover
[0.617s] INFO:colcon.colcon_core.package_discovery:Crawling recursively for packages in '/home/muni/Documents/ast/Agile-development-AST/multirob_ws'
[0.617s] Level 1:colcon.colcon_core.package_identification:_identify(.) by extensions ['ignore', 'ignore_ament_install']
[0.617s] Level 1:colcon.colcon_core.package_identification:_identify(.) by extension 'ignore'
[0.617s] Level 1:colcon.colcon_core.package_identification:_identify(.) by extension 'ignore_ament_install'
[0.617s] Level 1:colcon.colcon_core.package_identification:_identify(.) by extensions ['colcon_pkg']
[0.617s] Level 1:colcon.colcon_core.package_identification:_identify(.) by extension 'colcon_pkg'
[0.617s] Level 1:colcon.colcon_core.package_identification:_identify(.) by extensions ['colcon_meta']
[0.617s] Level 1:colcon.colcon_core.package_identification:_identify(.) by extension 'colcon_meta'
[0.618s] Level 1:colcon.colcon_core.package_identification:_identify(.) by extensions ['ros']
[0.618s] Level 1:colcon.colcon_core.package_identification:_identify(.) by extension 'ros'
[0.640s] Level 1:colcon.colcon_core.package_identification:_identify(.) by extensions ['cmake', 'python']
[0.640s] Level 1:colcon.colcon_core.package_identification:_identify(.) by extension 'cmake'
[0.641s] Level 1:colcon.colcon_core.package_identification:_identify(.) by extension 'python'
[0.641s] Level 1:colcon.colcon_core.package_identification:_identify(.) by extensions ['python_setup_py']
[0.641s] Level 1:colcon.colcon_core.package_identification:_identify(.) by extension 'python_setup_py'
[0.641s] Level 1:colcon.colcon_core.package_identification:_identify(build) by extensions ['ignore', 'ignore_ament_install']
[0.641s] Level 1:colcon.colcon_core.package_identification:_identify(build) by extension 'ignore'
[0.641s] Level 1:colcon.colcon_core.package_identification:_identify(build) ignored
[0.642s] Level 1:colcon.colcon_core.package_identification:_identify(install) by extensions ['ignore', 'ignore_ament_install']
[0.642s] Level 1:colcon.colcon_core.package_identification:_identify(install) by extension 'ignore'
[0.642s] Level 1:colcon.colcon_core.package_identification:_identify(install) ignored
[0.642s] Level 1:colcon.colcon_core.package_identification:_identify(log) by extensions ['ignore', 'ignore_ament_install']
[0.643s] Level 1:colcon.colcon_core.package_identification:_identify(log) by extension 'ignore'
[0.643s] Level 1:colcon.colcon_core.package_identification:_identify(log) ignored
[0.643s] Level 1:colcon.colcon_core.package_identification:_identify(src) by extensions ['ignore', 'ignore_ament_install']
[0.643s] Level 1:colcon.colcon_core.package_identification:_identify(src) by extension 'ignore'
[0.643s] Level 1:colcon.colcon_core.package_identification:_identify(src) by extension 'ignore_ament_install'
[0.643s] Level 1:colcon.colcon_core.package_identification:_identify(src) by extensions ['colcon_pkg']
[0.644s] Level 1:colcon.colcon_core.package_identification:_identify(src) by extension 'colcon_pkg'
[0.644s] Level 1:colcon.colcon_core.package_identification:_identify(src) by extensions ['colcon_meta']
[0.644s] Level 1:colcon.colcon_core.package_identification:_identify(src) by extension 'colcon_meta'
[0.644s] Level 1:colcon.colcon_core.package_identification:_identify(src) by extensions ['ros']
[0.644s] Level 1:colcon.colcon_core.package_identification:_identify(src) by extension 'ros'
[0.644s] Level 1:colcon.colcon_core.package_identification:_identify(src) by extensions ['cmake', 'python']
[0.644s] Level 1:colcon.colcon_core.package_identification:_identify(src) by extension 'cmake'
[0.644s] Level 1:colcon.colcon_core.package_identification:_identify(src) by extension 'python'
[0.644s] Level 1:colcon.colcon_core.package_identification:_identify(src) by extensions ['python_setup_py']
[0.645s] Level 1:colcon.colcon_core.package_identification:_identify(src) by extension 'python_setup_py'
[0.645s] Level 1:colcon.colcon_core.package_identification:_identify(src/multirobot) by extensions ['ignore', 'ignore_ament_install']
[0.645s] Level 1:colcon.colcon_core.package_identification:_identify(src/multirobot) by extension 'ignore'
[0.645s] Level 1:colcon.colcon_core.package_identification:_identify(src/multirobot) by extension 'ignore_ament_install'
[0.645s] Level 1:colcon.colcon_core.package_identification:_identify(src/multirobot) by extensions ['colcon_pkg']
[0.645s] Level 1:colcon.colcon_core.package_identification:_identify(src/multirobot) by extension 'colcon_pkg'
[0.645s] Level 1:colcon.colcon_core.package_identification:_identify(src/multirobot) by extensions ['colcon_meta']
[0.646s] Level 1:colcon.colcon_core.package_identification:_identify(src/multirobot) by extension 'colcon_meta'
[0.646s] Level 1:colcon.colcon_core.package_identification:_identify(src/multirobot) by extensions ['ros']
[0.646s] Level 1:colcon.colcon_core.package_identification:_identify(src/multirobot) by extension 'ros'
[0.651s] DEBUG:colcon.colcon_core.package_identification:Package 'src/multirobot' with type 'ros.ament_cmake' and name 'multirobot'
[0.651s] Level 1:colcon.colcon_core.package_discovery:discover_packages(recursive) using defaults
[0.651s] Level 1:colcon.colcon_core.package_discovery:discover_packages(ignore) discover
[0.651s] Level 1:colcon.colcon_core.package_discovery:discover_packages(ignore) using defaults
[0.651s] Level 1:colcon.colcon_core.package_discovery:discover_packages(path) discover
[0.651s] Level 1:colcon.colcon_core.package_discovery:discover_packages(path) using defaults
[0.713s] Level 1:colcon.colcon_core.package_discovery:discover_packages(prefix_path) check parameters
[0.713s] Level 1:colcon.colcon_core.package_discovery:discover_packages(prefix_path) discover
[0.718s] DEBUG:colcon.colcon_installed_package_information.package_discovery:Found 2 installed packages in /home/muni/Documents/ast/Agile-development-AST/multirobot_ws/install
[0.719s] DEBUG:colcon.colcon_installed_package_information.package_discovery:Found 2 installed packages in /home/muni/Formula-Student-Driverless-Simulator/ros2/install
[0.724s] DEBUG:colcon.colcon_installed_package_information.package_discovery:Found 302 installed packages in /opt/ros/humble
[0.727s] Level 1:colcon.colcon_core.package_discovery:discover_packages(prefix_path) using defaults
[0.817s] Level 5:colcon.colcon_core.verb:set package 'multirobot' build argument 'cmake_args' from command line to 'None'
[0.817s] Level 5:colcon.colcon_core.verb:set package 'multirobot' build argument 'cmake_target' from command line to 'None'
[0.818s] Level 5:colcon.colcon_core.verb:set package 'multirobot' build argument 'cmake_target_skip_unavailable' from command line to 'False'
[0.818s] Level 5:colcon.colcon_core.verb:set package 'multirobot' build argument 'cmake_clean_cache' from command line to 'False'
[0.818s] Level 5:colcon.colcon_core.verb:set package 'multirobot' build argument 'cmake_clean_first' from command line to 'False'
[0.818s] Level 5:colcon.colcon_core.verb:set package 'multirobot' build argument 'cmake_force_configure' from command line to 'False'
[0.818s] Level 5:colcon.colcon_core.verb:set package 'multirobot' build argument 'ament_cmake_args' from command line to 'None'
[0.818s] Level 5:colcon.colcon_core.verb:set package 'multirobot' build argument 'catkin_cmake_args' from command line to 'None'
[0.818s] Level 5:colcon.colcon_core.verb:set package 'multirobot' build argument 'catkin_skip_building_tests' from command line to 'False'
[0.818s] DEBUG:colcon.colcon_core.verb:Building package 'multirobot' with the following arguments: {'ament_cmake_args': None, 'build_base': '/home/muni/Documents/ast/Agile-development-AST/multirob_ws/build/multirobot', 'catkin_cmake_args': None, 'catkin_skip_building_tests': False, 'cmake_args': None, 'cmake_clean_cache': False, 'cmake_clean_first': False, 'cmake_force_configure': False, 'cmake_target': None, 'cmake_target_skip_unavailable': False, 'install_base': '/home/muni/Documents/ast/Agile-development-AST/multirob_ws/install/multirobot', 'merge_install': False, 'path': '/home/muni/Documents/ast/Agile-development-AST/multirob_ws/src/multirobot', 'symlink_install': False, 'test_result_base': None}
[0.818s] INFO:colcon.colcon_core.executor:Executing jobs using 'parallel' executor
[0.821s] DEBUG:colcon.colcon_parallel_executor.executor.parallel:run_until_complete
[0.821s] INFO:colcon.colcon_ros.task.ament_cmake.build:Building ROS package in '/home/muni/Documents/ast/Agile-development-AST/multirob_ws/src/multirobot' with build type 'ament_cmake'
[0.822s] INFO:colcon.colcon_cmake.task.cmake.build:Building CMake package in '/home/muni/Documents/ast/Agile-development-AST/multirob_ws/src/multirobot'
[0.828s] INFO:colcon.colcon_core.plugin_system:Skipping extension 'colcon_core.shell.bat': Not used on non-Windows systems
[0.828s] INFO:colcon.colcon_core.shell:Skip shell extension 'powershell' for command environment: Not usable outside of PowerShell
[0.828s] DEBUG:colcon.colcon_core.shell:Skip shell extension 'dsv' for command environment
[0.860s] DEBUG:colcon.colcon_core.event_handler.log_command:Invoking command in '/home/muni/Documents/ast/Agile-development-AST/multirob_ws/build/multirobot': CMAKE_PREFIX_PATH=${CMAKE_PREFIX_PATH}:/opt/ros/humble /usr/bin/cmake --build /home/muni/Documents/ast/Agile-development-AST/multirob_ws/build/multirobot -- -j6 -l6
[0.960s] DEBUG:colcon.colcon_core.event_handler.log_command:Invoked command in '/home/muni/Documents/ast/Agile-development-AST/multirob_ws/build/multirobot' returned '0': CMAKE_PREFIX_PATH=${CMAKE_PREFIX_PATH}:/opt/ros/humble /usr/bin/cmake --build /home/muni/Documents/ast/Agile-development-AST/multirob_ws/build/multirobot -- -j6 -l6
[1.077s] DEBUG:colcon.colcon_core.event_handler.log_command:Invoking command in '/home/muni/Documents/ast/Agile-development-AST/multirob_ws/build/multirobot': CMAKE_PREFIX_PATH=${CMAKE_PREFIX_PATH}:/opt/ros/humble /usr/bin/cmake --install /home/muni/Documents/ast/Agile-development-AST/multirob_ws/build/multirobot
[1.096s] Level 1:colcon.colcon_core.environment:create_environment_scripts_only(multirobot)
[1.097s] DEBUG:colcon.colcon_core.event_handler.log_command:Invoked command in '/home/muni/Documents/ast/Agile-development-AST/multirob_ws/build/multirobot' returned '0': CMAKE_PREFIX_PATH=${CMAKE_PREFIX_PATH}:/opt/ros/humble /usr/bin/cmake --install /home/muni/Documents/ast/Agile-development-AST/multirob_ws/build/multirobot
[1.104s] Level 1:colcon.colcon_core.environment:checking '/home/muni/Documents/ast/Agile-development-AST/multirob_ws/install/multirobot' for CMake module files
[1.105s] Level 1:colcon.colcon_core.environment:checking '/home/muni/Documents/ast/Agile-development-AST/multirob_ws/install/multirobot' for CMake config files
[1.106s] Level 1:colcon.colcon_core.shell:create_environment_hook('multirobot', 'cmake_prefix_path')
[1.106s] INFO:colcon.colcon_core.shell:Creating environment hook '/home/muni/Documents/ast/Agile-development-AST/multirob_ws/install/multirobot/share/multirobot/hook/cmake_prefix_path.ps1'
[1.108s] INFO:colcon.colcon_core.shell:Creating environment descriptor '/home/muni/Documents/ast/Agile-development-AST/multirob_ws/install/multirobot/share/multirobot/hook/cmake_prefix_path.dsv'
[1.110s] INFO:colcon.colcon_core.shell:Creating environment hook '/home/muni/Documents/ast/Agile-development-AST/multirob_ws/install/multirobot/share/multirobot/hook/cmake_prefix_path.sh'
[1.112s] Level 1:colcon.colcon_core.environment:checking '/home/muni/Documents/ast/Agile-development-AST/multirob_ws/install/multirobot/bin'
[1.112s] Level 1:colcon.colcon_core.environment:checking '/home/muni/Documents/ast/Agile-development-AST/multirob_ws/install/multirobot/lib/pkgconfig/multirobot.pc'
[1.113s] Level 1:colcon.colcon_core.environment:checking '/home/muni/Documents/ast/Agile-development-AST/multirob_ws/install/multirobot/lib/python3.10/site-packages'
[1.113s] Level 1:colcon.colcon_core.environment:checking '/home/muni/Documents/ast/Agile-development-AST/multirob_ws/install/multirobot/bin'
[1.114s] INFO:colcon.colcon_core.shell:Creating package script '/home/muni/Documents/ast/Agile-development-AST/multirob_ws/install/multirobot/share/multirobot/package.ps1'
[1.116s] INFO:colcon.colcon_core.shell:Creating package descriptor '/home/muni/Documents/ast/Agile-development-AST/multirob_ws/install/multirobot/share/multirobot/package.dsv'
[1.117s] INFO:colcon.colcon_core.shell:Creating package script '/home/muni/Documents/ast/Agile-development-AST/multirob_ws/install/multirobot/share/multirobot/package.sh'
[1.118s] INFO:colcon.colcon_core.shell:Creating package script '/home/muni/Documents/ast/Agile-development-AST/multirob_ws/install/multirobot/share/multirobot/package.bash'
[1.120s] INFO:colcon.colcon_core.shell:Creating package script '/home/muni/Documents/ast/Agile-development-AST/multirob_ws/install/multirobot/share/multirobot/package.zsh'
[1.122s] Level 1:colcon.colcon_core.environment:create_file_with_runtime_dependencies(/home/muni/Documents/ast/Agile-development-AST/multirob_ws/install/multirobot/share/colcon-core/packages/multirobot)
[1.205s] Level 1:colcon.colcon_core.environment:create_environment_scripts_only(multirobot)
[1.206s] Level 1:colcon.colcon_core.environment:checking '/home/muni/Documents/ast/Agile-development-AST/multirob_ws/install/multirobot' for CMake module files
[1.207s] Level 1:colcon.colcon_core.environment:checking '/home/muni/Documents/ast/Agile-development-AST/multirob_ws/install/multirobot' for CMake config files
[1.208s] Level 1:colcon.colcon_core.shell:create_environment_hook('multirobot', 'cmake_prefix_path')
[1.209s] INFO:colcon.colcon_core.shell:Creating environment hook '/home/muni/Documents/ast/Agile-development-AST/multirob_ws/install/multirobot/share/multirobot/hook/cmake_prefix_path.ps1'
[1.210s] INFO:colcon.colcon_core.shell:Creating environment descriptor '/home/muni/Documents/ast/Agile-development-AST/multirob_ws/install/multirobot/share/multirobot/hook/cmake_prefix_path.dsv'
[1.211s] INFO:colcon.colcon_core.shell:Creating environment hook '/home/muni/Documents/ast/Agile-development-AST/multirob_ws/install/multirobot/share/multirobot/hook/cmake_prefix_path.sh'
[1.212s] Level 1:colcon.colcon_core.environment:checking '/home/muni/Documents/ast/Agile-development-AST/multirob_ws/install/multirobot/bin'
[1.212s] Level 1:colcon.colcon_core.environment:checking '/home/muni/Documents/ast/Agile-development-AST/multirob_ws/install/multirobot/lib/pkgconfig/multirobot.pc'
[1.213s] Level 1:colcon.colcon_core.environment:checking '/home/muni/Documents/ast/Agile-development-AST/multirob_ws/install/multirobot/lib/python3.10/site-packages'
[1.213s] Level 1:colcon.colcon_core.environment:checking '/home/muni/Documents/ast/Agile-development-AST/multirob_ws/install/multirobot/bin'
[1.214s] INFO:colcon.colcon_core.shell:Creating package script '/home/muni/Documents/ast/Agile-development-AST/multirob_ws/install/multirobot/share/multirobot/package.ps1'
[1.215s] INFO:colcon.colcon_core.shell:Creating package descriptor '/home/muni/Documents/ast/Agile-development-AST/multirob_ws/install/multirobot/share/multirobot/package.dsv'
[1.216s] INFO:colcon.colcon_core.shell:Creating package script '/home/muni/Documents/ast/Agile-development-AST/multirob_ws/install/multirobot/share/multirobot/package.sh'
[1.218s] INFO:colcon.colcon_core.shell:Creating package script '/home/muni/Documents/ast/Agile-development-AST/multirob_ws/install/multirobot/share/multirobot/package.bash'
[1.219s] INFO:colcon.colcon_core.shell:Creating package script '/home/muni/Documents/ast/Agile-development-AST/multirob_ws/install/multirobot/share/multirobot/package.zsh'
[1.220s] Level 1:colcon.colcon_core.environment:create_file_with_runtime_dependencies(/home/muni/Documents/ast/Agile-development-AST/multirob_ws/install/multirobot/share/colcon-core/packages/multirobot)
[1.221s] DEBUG:colcon.colcon_parallel_executor.executor.parallel:closing loop
[1.222s] DEBUG:colcon.colcon_parallel_executor.executor.parallel:loop closed
[1.223s] DEBUG:colcon.colcon_parallel_executor.executor.parallel:run_until_complete finished with '0'
[1.223s] DEBUG:colcon.colcon_core.event_reactor:joining thread
[1.236s] INFO:colcon.colcon_core.plugin_system:Skipping extension 'colcon_notification.desktop_notification.terminal_notifier': Not used on non-Darwin systems
[1.237s] INFO:colcon.colcon_core.plugin_system:Skipping extension 'colcon_notification.desktop_notification.win32': Not used on non-Windows systems
[1.237s] INFO:colcon.colcon_notification.desktop_notification:Sending desktop notification using 'notify2'
[1.257s] DEBUG:colcon.colcon_core.event_reactor:joined thread
[1.257s] INFO:colcon.colcon_core.shell:Creating prefix script '/home/muni/Documents/ast/Agile-development-AST/multirob_ws/install/local_setup.ps1'
[1.259s] INFO:colcon.colcon_core.shell:Creating prefix util module '/home/muni/Documents/ast/Agile-development-AST/multirob_ws/install/_local_setup_util_ps1.py'
[1.260s] INFO:colcon.colcon_core.shell:Creating prefix chain script '/home/muni/Documents/ast/Agile-development-AST/multirob_ws/install/setup.ps1'
[1.263s] INFO:colcon.colcon_core.shell:Creating prefix script '/home/muni/Documents/ast/Agile-development-AST/multirob_ws/install/local_setup.sh'
[1.264s] INFO:colcon.colcon_core.shell:Creating prefix util module '/home/muni/Documents/ast/Agile-development-AST/multirob_ws/install/_local_setup_util_sh.py'
[1.266s] INFO:colcon.colcon_core.shell:Creating prefix chain script '/home/muni/Documents/ast/Agile-development-AST/multirob_ws/install/setup.sh'
[1.269s] INFO:colcon.colcon_core.shell:Creating prefix script '/home/muni/Documents/ast/Agile-development-AST/multirob_ws/install/local_setup.bash'
[1.271s] INFO:colcon.colcon_core.shell:Creating prefix chain script '/home/muni/Documents/ast/Agile-development-AST/multirob_ws/install/setup.bash'
[1.273s] INFO:colcon.colcon_core.shell:Creating prefix script '/home/muni/Documents/ast/Agile-development-AST/multirob_ws/install/local_setup.zsh'
[1.274s] INFO:colcon.colcon_core.shell:Creating prefix chain script '/home/muni/Documents/ast/Agile-development-AST/multirob_ws/install/setup.zsh'
