running egg_info
writing ..\..\build\collision_avoidance\collision_avoidance.egg-info\PKG-INFO
writing dependency_links to ..\..\build\collision_avoidance\collision_avoidance.egg-info\dependency_links.txt
writing entry points to ..\..\build\collision_avoidance\collision_avoidance.egg-info\entry_points.txt
writing requirements to ..\..\build\collision_avoidance\collision_avoidance.egg-info\requires.txt
writing top-level names to ..\..\build\collision_avoidance\collision_avoidance.egg-info\top_level.txt
reading manifest file '..\..\build\collision_avoidance\collision_avoidance.egg-info\SOURCES.txt'
writing manifest file '..\..\build\collision_avoidance\collision_avoidance.egg-info\SOURCES.txt'
running build
running build_py
copying collision_avoidance\avoid_collision.py -> C:\Users\pmran\Documents\MAS\3rd_semester\AST\lab_class\Agile-development\IsaacSim\simulation_ws\build\collision_avoidance\build\lib\collision_avoidance
copying collision_avoidance\test.py -> C:\Users\pmran\Documents\MAS\3rd_semester\AST\lab_class\Agile-development\IsaacSim\simulation_ws\build\collision_avoidance\build\lib\collision_avoidance
copying collision_avoidance\utilities.py -> C:\Users\pmran\Documents\MAS\3rd_semester\AST\lab_class\Agile-development\IsaacSim\simulation_ws\build\collision_avoidance\build\lib\collision_avoidance
copying collision_avoidance\__init__.py -> C:\Users\pmran\Documents\MAS\3rd_semester\AST\lab_class\Agile-development\IsaacSim\simulation_ws\build\collision_avoidance\build\lib\collision_avoidance
running install
running install_lib
copying C:\Users\pmran\Documents\MAS\3rd_semester\AST\lab_class\Agile-development\IsaacSim\simulation_ws\build\collision_avoidance\build\lib\collision_avoidance\avoid_collision.py -> C:\Users\pmran\Documents\MAS\3rd_semester\AST\lab_class\Agile-development\IsaacSim\simulation_ws\install\collision_avoidance\Lib\site-packages\collision_avoidance
copying C:\Users\pmran\Documents\MAS\3rd_semester\AST\lab_class\Agile-development\IsaacSim\simulation_ws\build\collision_avoidance\build\lib\collision_avoidance\test.py -> C:\Users\pmran\Documents\MAS\3rd_semester\AST\lab_class\Agile-development\IsaacSim\simulation_ws\install\collision_avoidance\Lib\site-packages\collision_avoidance
byte-compiling C:\Users\pmran\Documents\MAS\3rd_semester\AST\lab_class\Agile-development\IsaacSim\simulation_ws\install\collision_avoidance\Lib\site-packages\collision_avoidance\avoid_collision.py to avoid_collision.cpython-311.pyc
byte-compiling C:\Users\pmran\Documents\MAS\3rd_semester\AST\lab_class\Agile-development\IsaacSim\simulation_ws\install\collision_avoidance\Lib\site-packages\collision_avoidance\test.py to test.cpython-311.pyc
running install_data
copying resource\collision_avoidance -> C:\Users\pmran\Documents\MAS\3rd_semester\AST\lab_class\Agile-development\IsaacSim\simulation_ws\install\collision_avoidance\share\ament_index\resource_index\packages
copying package.xml -> C:\Users\pmran\Documents\MAS\3rd_semester\AST\lab_class\Agile-development\IsaacSim\simulation_ws\install\collision_avoidance\share\collision_avoidance
running install_egg_info
removing 'C:\Users\pmran\Documents\MAS\3rd_semester\AST\lab_class\Agile-development\IsaacSim\simulation_ws\install\collision_avoidance\Lib\site-packages\collision_avoidance-0.0.0-py3.11.egg-info' (and everything under it)
Copying ..\..\build\collision_avoidance\collision_avoidance.egg-info to C:\Users\pmran\Documents\MAS\3rd_semester\AST\lab_class\Agile-development\IsaacSim\simulation_ws\install\collision_avoidance\Lib\site-packages\collision_avoidance-0.0.0-py3.11.egg-info
running install_scripts
Installing avoid_collision-script.py script to C:\Users\pmran\Documents\MAS\3rd_semester\AST\lab_class\Agile-development\IsaacSim\simulation_ws\install\collision_avoidance\lib\collision_avoidance
Installing avoid_collision.exe script to C:\Users\pmran\Documents\MAS\3rd_semester\AST\lab_class\Agile-development\IsaacSim\simulation_ws\install\collision_avoidance\lib\collision_avoidance
writing list of installed files to 'C:\Users\pmran\Documents\MAS\3rd_semester\AST\lab_class\Agile-development\IsaacSim\simulation_ws\build\collision_avoidance\install.log'
