[3.407s] Invoking command in 'C:\Users\pmran\Documents\MAS\3rd_semester\AST\lab_class\Agile-development\IsaacSim\simulation_ws\src\collision_avoidance': CONDA_PROMPT_MODIFIER=(ros_env) PYTHONPATH=C:\Users\pmran\Documents\MAS\3rd_semester\AST\lab_class\Agile-development\IsaacSim\simulation_ws\build\collision_avoidance\prefix_override;C:\Users\pmran\Documents\MAS\3rd_semester\AST\lab_class\Agile-development\IsaacSim\simulation_ws\install\collision_avoidance\Lib\site-packages;%PYTHONPATH% C:\Users\pmran\anaconda3\envs\ros_env\python.exe -W ignore:setup.py install is deprecated setup.py egg_info --egg-base ..\..\build\collision_avoidance build --build-base C:\Users\pmran\Documents\MAS\3rd_semester\AST\lab_class\Agile-development\IsaacSim\simulation_ws\build\collision_avoidance\build install --record C:\Users\pmran\Documents\MAS\3rd_semester\AST\lab_class\Agile-development\IsaacSim\simulation_ws\build\collision_avoidance\install.log --single-version-externally-managed install_data
[4.563s] running egg_info
[4.610s] writing ..\..\build\collision_avoidance\collision_avoidance.egg-info\PKG-INFO
[4.625s] writing dependency_links to ..\..\build\collision_avoidance\collision_avoidance.egg-info\dependency_links.txt
[4.625s] writing entry points to ..\..\build\collision_avoidance\collision_avoidance.egg-info\entry_points.txt
[4.625s] writing requirements to ..\..\build\collision_avoidance\collision_avoidance.egg-info\requires.txt
[4.625s] writing top-level names to ..\..\build\collision_avoidance\collision_avoidance.egg-info\top_level.txt
[4.735s] reading manifest file '..\..\build\collision_avoidance\collision_avoidance.egg-info\SOURCES.txt'
[4.750s] writing manifest file '..\..\build\collision_avoidance\collision_avoidance.egg-info\SOURCES.txt'
[4.750s] running build
[4.750s] running build_py
[4.750s] copying collision_avoidance\avoid_collision.py -> C:\Users\pmran\Documents\MAS\3rd_semester\AST\lab_class\Agile-development\IsaacSim\simulation_ws\build\collision_avoidance\build\lib\collision_avoidance
[4.750s] copying collision_avoidance\test.py -> C:\Users\pmran\Documents\MAS\3rd_semester\AST\lab_class\Agile-development\IsaacSim\simulation_ws\build\collision_avoidance\build\lib\collision_avoidance
[4.750s] copying collision_avoidance\utilities.py -> C:\Users\pmran\Documents\MAS\3rd_semester\AST\lab_class\Agile-development\IsaacSim\simulation_ws\build\collision_avoidance\build\lib\collision_avoidance
[4.750s] copying collision_avoidance\__init__.py -> C:\Users\pmran\Documents\MAS\3rd_semester\AST\lab_class\Agile-development\IsaacSim\simulation_ws\build\collision_avoidance\build\lib\collision_avoidance
[4.750s] running install
[4.766s] running install_lib
[4.813s] copying C:\Users\pmran\Documents\MAS\3rd_semester\AST\lab_class\Agile-development\IsaacSim\simulation_ws\build\collision_avoidance\build\lib\collision_avoidance\avoid_collision.py -> C:\Users\pmran\Documents\MAS\3rd_semester\AST\lab_class\Agile-development\IsaacSim\simulation_ws\install\collision_avoidance\Lib\site-packages\collision_avoidance
[4.828s] copying C:\Users\pmran\Documents\MAS\3rd_semester\AST\lab_class\Agile-development\IsaacSim\simulation_ws\build\collision_avoidance\build\lib\collision_avoidance\test.py -> C:\Users\pmran\Documents\MAS\3rd_semester\AST\lab_class\Agile-development\IsaacSim\simulation_ws\install\collision_avoidance\Lib\site-packages\collision_avoidance
[4.828s] byte-compiling C:\Users\pmran\Documents\MAS\3rd_semester\AST\lab_class\Agile-development\IsaacSim\simulation_ws\install\collision_avoidance\Lib\site-packages\collision_avoidance\avoid_collision.py to avoid_collision.cpython-311.pyc
[4.828s] byte-compiling C:\Users\pmran\Documents\MAS\3rd_semester\AST\lab_class\Agile-development\IsaacSim\simulation_ws\install\collision_avoidance\Lib\site-packages\collision_avoidance\test.py to test.cpython-311.pyc
[4.844s] running install_data
[4.844s] copying resource\collision_avoidance -> C:\Users\pmran\Documents\MAS\3rd_semester\AST\lab_class\Agile-development\IsaacSim\simulation_ws\install\collision_avoidance\share\ament_index\resource_index\packages
[4.844s] copying package.xml -> C:\Users\pmran\Documents\MAS\3rd_semester\AST\lab_class\Agile-development\IsaacSim\simulation_ws\install\collision_avoidance\share\collision_avoidance
[4.844s] running install_egg_info
[4.907s] removing 'C:\Users\pmran\Documents\MAS\3rd_semester\AST\lab_class\Agile-development\IsaacSim\simulation_ws\install\collision_avoidance\Lib\site-packages\collision_avoidance-0.0.0-py3.11.egg-info' (and everything under it)
[4.922s] Copying ..\..\build\collision_avoidance\collision_avoidance.egg-info to C:\Users\pmran\Documents\MAS\3rd_semester\AST\lab_class\Agile-development\IsaacSim\simulation_ws\install\collision_avoidance\Lib\site-packages\collision_avoidance-0.0.0-py3.11.egg-info
[4.938s] running install_scripts
[5.516s] Installing avoid_collision-script.py script to C:\Users\pmran\Documents\MAS\3rd_semester\AST\lab_class\Agile-development\IsaacSim\simulation_ws\install\collision_avoidance\lib\collision_avoidance
[5.516s] Installing avoid_collision.exe script to C:\Users\pmran\Documents\MAS\3rd_semester\AST\lab_class\Agile-development\IsaacSim\simulation_ws\install\collision_avoidance\lib\collision_avoidance
[5.516s] writing list of installed files to 'C:\Users\pmran\Documents\MAS\3rd_semester\AST\lab_class\Agile-development\IsaacSim\simulation_ws\build\collision_avoidance\install.log'
[5.641s] Invoked command in 'C:\Users\pmran\Documents\MAS\3rd_semester\AST\lab_class\Agile-development\IsaacSim\simulation_ws\src\collision_avoidance' returned '0': CONDA_PROMPT_MODIFIER=(ros_env) PYTHONPATH=C:\Users\pmran\Documents\MAS\3rd_semester\AST\lab_class\Agile-development\IsaacSim\simulation_ws\build\collision_avoidance\prefix_override;C:\Users\pmran\Documents\MAS\3rd_semester\AST\lab_class\Agile-development\IsaacSim\simulation_ws\install\collision_avoidance\Lib\site-packages;%PYTHONPATH% C:\Users\pmran\anaconda3\envs\ros_env\python.exe -W ignore:setup.py install is deprecated setup.py egg_info --egg-base ..\..\build\collision_avoidance build --build-base C:\Users\pmran\Documents\MAS\3rd_semester\AST\lab_class\Agile-development\IsaacSim\simulation_ws\build\collision_avoidance\build install --record C:\Users\pmran\Documents\MAS\3rd_semester\AST\lab_class\Agile-development\IsaacSim\simulation_ws\build\collision_avoidance\install.log --single-version-externally-managed install_data
